TimeQuest Timing Analyzer report for restador_8bits
Thu Oct 19 21:10:23 2023
Quartus II 32-bit Version 13.0.1 Build 232 06/12/2013 Service Pack 1 SJ Web Edition


---------------------
; Table of Contents ;
---------------------
  1. Legal Notice
  2. TimeQuest Timing Analyzer Summary
  3. Parallel Compilation
  4. Clocks
  5. Slow Model Fmax Summary
  6. Slow Model Setup Summary
  7. Slow Model Hold Summary
  8. Slow Model Recovery Summary
  9. Slow Model Removal Summary
 10. Slow Model Minimum Pulse Width Summary
 11. Propagation Delay
 12. Minimum Propagation Delay
 13. Fast Model Setup Summary
 14. Fast Model Hold Summary
 15. Fast Model Recovery Summary
 16. Fast Model Removal Summary
 17. Fast Model Minimum Pulse Width Summary
 18. Propagation Delay
 19. Minimum Propagation Delay
 20. Multicorner Timing Analysis Summary
 21. Progagation Delay
 22. Minimum Progagation Delay
 23. Clock Transfers
 24. Report TCCS
 25. Report RSKM
 26. Unconstrained Paths
 27. TimeQuest Timing Analyzer Messages



----------------
; Legal Notice ;
----------------
Copyright (C) 1991-2013 Altera Corporation
Your use of Altera Corporation's design tools, logic functions 
and other software and tools, and its AMPP partner logic 
functions, and any output files from any of the foregoing 
(including device programming or simulation files), and any 
associated documentation or information are expressly subject 
to the terms and conditions of the Altera Program License 
Subscription Agreement, Altera MegaCore Function License 
Agreement, or other applicable license agreement, including, 
without limitation, that your use is for the sole purpose of 
programming logic devices manufactured by Altera and sold by 
Altera or its authorized distributors.  Please refer to the 
applicable agreement for further details.



+----------------------------------------------------------------------------------------+
; TimeQuest Timing Analyzer Summary                                                      ;
+--------------------+-------------------------------------------------------------------+
; Quartus II Version ; Version 13.0.1 Build 232 06/12/2013 Service Pack 1 SJ Web Edition ;
; Revision Name      ; restador_8bits                                                    ;
; Device Family      ; Cyclone II                                                        ;
; Device Name        ; EP2C20F484C7                                                      ;
; Timing Models      ; Final                                                             ;
; Delay Model        ; Combined                                                          ;
; Rise/Fall Delays   ; Unavailable                                                       ;
+--------------------+-------------------------------------------------------------------+


Parallel compilation was disabled, but you have multiple processors available. Enable parallel compilation to reduce compilation time.
+-------------------------------------+
; Parallel Compilation                ;
+----------------------------+--------+
; Processors                 ; Number ;
+----------------------------+--------+
; Number detected on machine ; 8      ;
; Maximum allowed            ; 1      ;
+----------------------------+--------+


----------
; Clocks ;
----------
No clocks to report.


---------------------------
; Slow Model Fmax Summary ;
---------------------------
No paths to report.


----------------------------
; Slow Model Setup Summary ;
----------------------------
No paths to report.


---------------------------
; Slow Model Hold Summary ;
---------------------------
No paths to report.


-------------------------------
; Slow Model Recovery Summary ;
-------------------------------
No paths to report.


------------------------------
; Slow Model Removal Summary ;
------------------------------
No paths to report.


------------------------------------------
; Slow Model Minimum Pulse Width Summary ;
------------------------------------------
No paths to report.


+--------------------------------------------------------------+
; Propagation Delay                                            ;
+------------+-------------+--------+--------+--------+--------+
; Input Port ; Output Port ; RR     ; RF     ; FR     ; FF     ;
+------------+-------------+--------+--------+--------+--------+
; ivA[0]     ; oSign       ; 14.008 ;        ;        ; 14.008 ;
; ivA[0]     ; ovX[0]      ; 9.744  ; 9.744  ; 9.744  ; 9.744  ;
; ivA[0]     ; ovX[1]      ; 14.943 ; 14.943 ; 14.943 ; 14.943 ;
; ivA[0]     ; ovX[2]      ; 14.891 ; 14.891 ; 14.891 ; 14.891 ;
; ivA[0]     ; ovX[3]      ; 15.900 ; 15.900 ; 15.900 ; 15.900 ;
; ivA[0]     ; ovX[4]      ; 16.369 ; 16.369 ; 16.369 ; 16.369 ;
; ivA[0]     ; ovX[5]      ; 15.589 ; 15.589 ; 15.589 ; 15.589 ;
; ivA[0]     ; ovX[6]      ; 17.007 ; 17.007 ; 17.007 ; 17.007 ;
; ivA[0]     ; ovX[7]      ; 16.995 ; 16.995 ; 16.995 ; 16.995 ;
; ivA[1]     ; oSign       ; 14.650 ;        ;        ; 14.650 ;
; ivA[1]     ; ovX[1]      ; 15.585 ; 15.585 ; 15.585 ; 15.585 ;
; ivA[1]     ; ovX[2]      ; 15.533 ; 15.533 ; 15.533 ; 15.533 ;
; ivA[1]     ; ovX[3]      ; 16.542 ; 16.542 ; 16.542 ; 16.542 ;
; ivA[1]     ; ovX[4]      ; 17.011 ; 17.011 ; 17.011 ; 17.011 ;
; ivA[1]     ; ovX[5]      ; 16.231 ; 16.231 ; 16.231 ; 16.231 ;
; ivA[1]     ; ovX[6]      ; 17.649 ; 17.649 ; 17.649 ; 17.649 ;
; ivA[1]     ; ovX[7]      ; 17.637 ; 17.637 ; 17.637 ; 17.637 ;
; ivA[2]     ; oSign       ; 12.876 ;        ;        ; 12.876 ;
; ivA[2]     ; ovX[1]      ; 13.811 ; 13.811 ; 13.811 ; 13.811 ;
; ivA[2]     ; ovX[2]      ; 13.759 ; 13.759 ; 13.759 ; 13.759 ;
; ivA[2]     ; ovX[3]      ; 14.768 ; 14.768 ; 14.768 ; 14.768 ;
; ivA[2]     ; ovX[4]      ; 15.237 ; 15.237 ; 15.237 ; 15.237 ;
; ivA[2]     ; ovX[5]      ; 14.457 ; 14.457 ; 14.457 ; 14.457 ;
; ivA[2]     ; ovX[6]      ; 15.875 ; 15.875 ; 15.875 ; 15.875 ;
; ivA[2]     ; ovX[7]      ; 15.863 ; 15.863 ; 15.863 ; 15.863 ;
; ivA[3]     ; oSign       ; 13.902 ;        ;        ; 13.902 ;
; ivA[3]     ; ovX[1]      ; 14.837 ; 14.837 ; 14.837 ; 14.837 ;
; ivA[3]     ; ovX[2]      ; 14.785 ; 14.785 ; 14.785 ; 14.785 ;
; ivA[3]     ; ovX[3]      ; 15.794 ; 15.794 ; 15.794 ; 15.794 ;
; ivA[3]     ; ovX[4]      ; 16.263 ; 16.263 ; 16.263 ; 16.263 ;
; ivA[3]     ; ovX[5]      ; 15.483 ; 15.483 ; 15.483 ; 15.483 ;
; ivA[3]     ; ovX[6]      ; 16.901 ; 16.901 ; 16.901 ; 16.901 ;
; ivA[3]     ; ovX[7]      ; 16.889 ; 16.889 ; 16.889 ; 16.889 ;
; ivA[4]     ; oSign       ; 12.181 ;        ;        ; 12.181 ;
; ivA[4]     ; ovX[1]      ; 13.116 ; 13.116 ; 13.116 ; 13.116 ;
; ivA[4]     ; ovX[2]      ; 13.064 ; 13.064 ; 13.064 ; 13.064 ;
; ivA[4]     ; ovX[3]      ; 14.073 ; 14.073 ; 14.073 ; 14.073 ;
; ivA[4]     ; ovX[4]      ; 14.542 ; 14.542 ; 14.542 ; 14.542 ;
; ivA[4]     ; ovX[5]      ; 13.762 ; 13.762 ; 13.762 ; 13.762 ;
; ivA[4]     ; ovX[6]      ; 15.180 ; 15.180 ; 15.180 ; 15.180 ;
; ivA[4]     ; ovX[7]      ; 15.168 ; 15.168 ; 15.168 ; 15.168 ;
; ivA[5]     ; oSign       ; 10.830 ;        ;        ; 10.830 ;
; ivA[5]     ; ovX[1]      ; 11.765 ; 11.765 ; 11.765 ; 11.765 ;
; ivA[5]     ; ovX[2]      ; 11.713 ; 11.713 ; 11.713 ; 11.713 ;
; ivA[5]     ; ovX[3]      ; 12.722 ; 12.722 ; 12.722 ; 12.722 ;
; ivA[5]     ; ovX[4]      ; 13.191 ; 13.191 ; 13.191 ; 13.191 ;
; ivA[5]     ; ovX[5]      ; 12.411 ; 12.411 ; 12.411 ; 12.411 ;
; ivA[5]     ; ovX[6]      ; 13.829 ; 13.829 ; 13.829 ; 13.829 ;
; ivA[5]     ; ovX[7]      ; 13.817 ; 13.817 ; 13.817 ; 13.817 ;
; ivA[6]     ; oSign       ; 12.133 ;        ;        ; 12.133 ;
; ivA[6]     ; ovX[1]      ; 13.068 ; 13.068 ; 13.068 ; 13.068 ;
; ivA[6]     ; ovX[2]      ; 13.016 ; 13.016 ; 13.016 ; 13.016 ;
; ivA[6]     ; ovX[3]      ; 14.025 ; 14.025 ; 14.025 ; 14.025 ;
; ivA[6]     ; ovX[4]      ; 14.494 ; 14.494 ; 14.494 ; 14.494 ;
; ivA[6]     ; ovX[5]      ; 13.714 ; 13.714 ; 13.714 ; 13.714 ;
; ivA[6]     ; ovX[6]      ; 15.132 ; 15.132 ; 15.132 ; 15.132 ;
; ivA[6]     ; ovX[7]      ; 15.120 ; 15.120 ; 15.120 ; 15.120 ;
; ivA[7]     ; oSign       ; 10.576 ;        ;        ; 10.576 ;
; ivA[7]     ; ovX[1]      ; 11.511 ; 11.511 ; 11.511 ; 11.511 ;
; ivA[7]     ; ovX[2]      ; 11.459 ; 11.459 ; 11.459 ; 11.459 ;
; ivA[7]     ; ovX[3]      ; 12.468 ; 12.468 ; 12.468 ; 12.468 ;
; ivA[7]     ; ovX[4]      ; 12.937 ; 12.937 ; 12.937 ; 12.937 ;
; ivA[7]     ; ovX[5]      ; 12.157 ; 12.157 ; 12.157 ; 12.157 ;
; ivA[7]     ; ovX[6]      ; 13.575 ; 13.575 ; 13.575 ; 13.575 ;
; ivA[7]     ; ovX[7]      ; 13.563 ; 13.563 ; 13.563 ; 13.563 ;
; ivB[0]     ; oSign       ;        ; 14.391 ; 14.391 ;        ;
; ivB[0]     ; ovX[0]      ; 10.125 ; 10.125 ; 10.125 ; 10.125 ;
; ivB[0]     ; ovX[1]      ; 15.326 ; 15.326 ; 15.326 ; 15.326 ;
; ivB[0]     ; ovX[2]      ; 15.274 ; 15.274 ; 15.274 ; 15.274 ;
; ivB[0]     ; ovX[3]      ; 16.283 ; 16.283 ; 16.283 ; 16.283 ;
; ivB[0]     ; ovX[4]      ; 16.752 ; 16.752 ; 16.752 ; 16.752 ;
; ivB[0]     ; ovX[5]      ; 15.972 ; 15.972 ; 15.972 ; 15.972 ;
; ivB[0]     ; ovX[6]      ; 17.390 ; 17.390 ; 17.390 ; 17.390 ;
; ivB[0]     ; ovX[7]      ; 17.378 ; 17.378 ; 17.378 ; 17.378 ;
; ivB[1]     ; oSign       ;        ; 14.265 ; 14.265 ;        ;
; ivB[1]     ; ovX[1]      ; 15.200 ; 15.200 ; 15.200 ; 15.200 ;
; ivB[1]     ; ovX[2]      ; 15.148 ; 15.148 ; 15.148 ; 15.148 ;
; ivB[1]     ; ovX[3]      ; 16.157 ; 16.157 ; 16.157 ; 16.157 ;
; ivB[1]     ; ovX[4]      ; 16.626 ; 16.626 ; 16.626 ; 16.626 ;
; ivB[1]     ; ovX[5]      ; 15.846 ; 15.846 ; 15.846 ; 15.846 ;
; ivB[1]     ; ovX[6]      ; 17.264 ; 17.264 ; 17.264 ; 17.264 ;
; ivB[1]     ; ovX[7]      ; 17.252 ; 17.252 ; 17.252 ; 17.252 ;
; ivB[2]     ; oSign       ;        ; 13.367 ; 13.367 ;        ;
; ivB[2]     ; ovX[1]      ; 14.302 ; 14.302 ; 14.302 ; 14.302 ;
; ivB[2]     ; ovX[2]      ; 14.250 ; 14.250 ; 14.250 ; 14.250 ;
; ivB[2]     ; ovX[3]      ; 15.259 ; 15.259 ; 15.259 ; 15.259 ;
; ivB[2]     ; ovX[4]      ; 15.728 ; 15.728 ; 15.728 ; 15.728 ;
; ivB[2]     ; ovX[5]      ; 14.948 ; 14.948 ; 14.948 ; 14.948 ;
; ivB[2]     ; ovX[6]      ; 16.366 ; 16.366 ; 16.366 ; 16.366 ;
; ivB[2]     ; ovX[7]      ; 16.354 ; 16.354 ; 16.354 ; 16.354 ;
; ivB[3]     ; oSign       ;        ; 14.290 ; 14.290 ;        ;
; ivB[3]     ; ovX[1]      ; 15.225 ; 15.225 ; 15.225 ; 15.225 ;
; ivB[3]     ; ovX[2]      ; 15.173 ; 15.173 ; 15.173 ; 15.173 ;
; ivB[3]     ; ovX[3]      ; 16.182 ; 16.182 ; 16.182 ; 16.182 ;
; ivB[3]     ; ovX[4]      ; 16.651 ; 16.651 ; 16.651 ; 16.651 ;
; ivB[3]     ; ovX[5]      ; 15.871 ; 15.871 ; 15.871 ; 15.871 ;
; ivB[3]     ; ovX[6]      ; 17.289 ; 17.289 ; 17.289 ; 17.289 ;
; ivB[3]     ; ovX[7]      ; 17.277 ; 17.277 ; 17.277 ; 17.277 ;
; ivB[4]     ; oSign       ;        ; 11.695 ; 11.695 ;        ;
; ivB[4]     ; ovX[1]      ; 12.630 ; 12.630 ; 12.630 ; 12.630 ;
; ivB[4]     ; ovX[2]      ; 12.578 ; 12.578 ; 12.578 ; 12.578 ;
; ivB[4]     ; ovX[3]      ; 13.587 ; 13.587 ; 13.587 ; 13.587 ;
; ivB[4]     ; ovX[4]      ; 14.056 ; 14.056 ; 14.056 ; 14.056 ;
; ivB[4]     ; ovX[5]      ; 13.276 ; 13.276 ; 13.276 ; 13.276 ;
; ivB[4]     ; ovX[6]      ; 14.694 ; 14.694 ; 14.694 ; 14.694 ;
; ivB[4]     ; ovX[7]      ; 14.682 ; 14.682 ; 14.682 ; 14.682 ;
; ivB[5]     ; oSign       ;        ; 10.976 ; 10.976 ;        ;
; ivB[5]     ; ovX[1]      ; 11.911 ; 11.911 ; 11.911 ; 11.911 ;
; ivB[5]     ; ovX[2]      ; 11.859 ; 11.859 ; 11.859 ; 11.859 ;
; ivB[5]     ; ovX[3]      ; 12.868 ; 12.868 ; 12.868 ; 12.868 ;
; ivB[5]     ; ovX[4]      ; 13.337 ; 13.337 ; 13.337 ; 13.337 ;
; ivB[5]     ; ovX[5]      ; 12.557 ; 12.557 ; 12.557 ; 12.557 ;
; ivB[5]     ; ovX[6]      ; 13.975 ; 13.975 ; 13.975 ; 13.975 ;
; ivB[5]     ; ovX[7]      ; 13.963 ; 13.963 ; 13.963 ; 13.963 ;
; ivB[6]     ; oSign       ;        ; 11.915 ; 11.915 ;        ;
; ivB[6]     ; ovX[1]      ; 12.850 ; 12.850 ; 12.850 ; 12.850 ;
; ivB[6]     ; ovX[2]      ; 12.798 ; 12.798 ; 12.798 ; 12.798 ;
; ivB[6]     ; ovX[3]      ; 13.807 ; 13.807 ; 13.807 ; 13.807 ;
; ivB[6]     ; ovX[4]      ; 14.276 ; 14.276 ; 14.276 ; 14.276 ;
; ivB[6]     ; ovX[5]      ; 13.496 ; 13.496 ; 13.496 ; 13.496 ;
; ivB[6]     ; ovX[6]      ; 14.914 ; 14.914 ; 14.914 ; 14.914 ;
; ivB[6]     ; ovX[7]      ; 14.902 ; 14.902 ; 14.902 ; 14.902 ;
; ivB[7]     ; oSign       ;        ; 10.101 ; 10.101 ;        ;
; ivB[7]     ; ovX[1]      ; 11.036 ; 11.036 ; 11.036 ; 11.036 ;
; ivB[7]     ; ovX[2]      ; 10.984 ; 10.984 ; 10.984 ; 10.984 ;
; ivB[7]     ; ovX[3]      ; 11.993 ; 11.993 ; 11.993 ; 11.993 ;
; ivB[7]     ; ovX[4]      ; 12.462 ; 12.462 ; 12.462 ; 12.462 ;
; ivB[7]     ; ovX[5]      ; 11.682 ; 11.682 ; 11.682 ; 11.682 ;
; ivB[7]     ; ovX[6]      ; 13.100 ; 13.100 ; 13.100 ; 13.100 ;
; ivB[7]     ; ovX[7]      ; 13.088 ; 13.088 ; 13.088 ; 13.088 ;
+------------+-------------+--------+--------+--------+--------+


+--------------------------------------------------------------+
; Minimum Propagation Delay                                    ;
+------------+-------------+--------+--------+--------+--------+
; Input Port ; Output Port ; RR     ; RF     ; FR     ; FF     ;
+------------+-------------+--------+--------+--------+--------+
; ivA[0]     ; oSign       ; 14.008 ;        ;        ; 14.008 ;
; ivA[0]     ; ovX[0]      ; 9.744  ; 9.744  ; 9.744  ; 9.744  ;
; ivA[0]     ; ovX[1]      ; 10.501 ; 10.501 ; 10.501 ; 10.501 ;
; ivA[0]     ; ovX[2]      ; 10.576 ; 10.576 ; 10.576 ; 10.576 ;
; ivA[0]     ; ovX[3]      ; 11.584 ; 11.584 ; 11.584 ; 11.584 ;
; ivA[0]     ; ovX[4]      ; 11.271 ; 11.271 ; 11.271 ; 11.271 ;
; ivA[0]     ; ovX[5]      ; 10.872 ; 10.872 ; 10.872 ; 10.872 ;
; ivA[0]     ; ovX[6]      ; 12.294 ; 12.294 ; 12.294 ; 12.294 ;
; ivA[0]     ; ovX[7]      ; 12.282 ; 12.282 ; 12.282 ; 12.282 ;
; ivA[1]     ; oSign       ; 14.650 ;        ;        ; 14.650 ;
; ivA[1]     ; ovX[1]      ; 11.487 ; 11.487 ; 11.487 ; 11.487 ;
; ivA[1]     ; ovX[2]      ; 11.435 ; 11.435 ; 11.435 ; 11.435 ;
; ivA[1]     ; ovX[3]      ; 12.445 ; 12.445 ; 12.445 ; 12.445 ;
; ivA[1]     ; ovX[4]      ; 12.132 ; 12.132 ; 12.132 ; 12.132 ;
; ivA[1]     ; ovX[5]      ; 11.733 ; 11.733 ; 11.733 ; 11.733 ;
; ivA[1]     ; ovX[6]      ; 13.155 ; 13.155 ; 13.155 ; 13.155 ;
; ivA[1]     ; ovX[7]      ; 13.143 ; 13.143 ; 13.143 ; 13.143 ;
; ivA[2]     ; oSign       ; 12.876 ;        ;        ; 12.876 ;
; ivA[2]     ; ovX[1]      ; 13.811 ; 13.811 ; 13.811 ; 13.811 ;
; ivA[2]     ; ovX[2]      ; 10.456 ; 10.456 ; 10.456 ; 10.456 ;
; ivA[2]     ; ovX[3]      ; 11.287 ; 11.287 ; 11.287 ; 11.287 ;
; ivA[2]     ; ovX[4]      ; 10.972 ; 10.972 ; 10.972 ; 10.972 ;
; ivA[2]     ; ovX[5]      ; 10.758 ; 10.758 ; 10.758 ; 10.758 ;
; ivA[2]     ; ovX[6]      ; 12.180 ; 12.180 ; 12.180 ; 12.180 ;
; ivA[2]     ; ovX[7]      ; 12.168 ; 12.168 ; 12.168 ; 12.168 ;
; ivA[3]     ; oSign       ; 12.978 ;        ;        ; 12.978 ;
; ivA[3]     ; ovX[1]      ; 13.913 ; 13.913 ; 13.913 ; 13.913 ;
; ivA[3]     ; ovX[2]      ; 13.861 ; 13.861 ; 13.861 ; 13.861 ;
; ivA[3]     ; ovX[3]      ; 10.870 ; 10.870 ; 10.870 ; 10.870 ;
; ivA[3]     ; ovX[4]      ; 10.555 ; 10.555 ; 10.555 ; 10.555 ;
; ivA[3]     ; ovX[5]      ; 10.504 ; 10.504 ; 10.504 ; 10.504 ;
; ivA[3]     ; ovX[6]      ; 11.895 ; 11.895 ; 11.895 ; 11.895 ;
; ivA[3]     ; ovX[7]      ; 11.883 ; 11.883 ; 11.883 ; 11.883 ;
; ivA[4]     ; oSign       ; 12.181 ;        ;        ; 12.181 ;
; ivA[4]     ; ovX[1]      ; 13.116 ; 13.116 ; 13.116 ; 13.116 ;
; ivA[4]     ; ovX[2]      ; 13.064 ; 13.064 ; 13.064 ; 13.064 ;
; ivA[4]     ; ovX[3]      ; 13.914 ; 13.914 ; 13.914 ; 13.914 ;
; ivA[4]     ; ovX[4]      ; 12.395 ; 12.395 ; 12.395 ; 12.395 ;
; ivA[4]     ; ovX[5]      ; 11.615 ; 11.615 ; 11.615 ; 11.615 ;
; ivA[4]     ; ovX[6]      ; 12.784 ; 12.784 ; 12.784 ; 12.784 ;
; ivA[4]     ; ovX[7]      ; 12.583 ; 12.583 ; 12.583 ; 12.583 ;
; ivA[5]     ; oSign       ; 10.830 ;        ;        ; 10.830 ;
; ivA[5]     ; ovX[1]      ; 11.765 ; 11.765 ; 11.765 ; 11.765 ;
; ivA[5]     ; ovX[2]      ; 11.713 ; 11.713 ; 11.713 ; 11.713 ;
; ivA[5]     ; ovX[3]      ; 12.563 ; 12.563 ; 12.563 ; 12.563 ;
; ivA[5]     ; ovX[4]      ; 12.248 ; 12.248 ; 12.248 ; 12.248 ;
; ivA[5]     ; ovX[5]      ; 11.095 ; 11.095 ; 11.095 ; 11.095 ;
; ivA[5]     ; ovX[6]      ; 11.428 ; 11.428 ; 11.428 ; 11.428 ;
; ivA[5]     ; ovX[7]      ; 11.232 ; 11.232 ; 11.232 ; 11.232 ;
; ivA[6]     ; oSign       ; 11.157 ;        ;        ; 11.157 ;
; ivA[6]     ; ovX[1]      ; 12.092 ; 12.092 ; 12.092 ; 12.092 ;
; ivA[6]     ; ovX[2]      ; 12.040 ; 12.040 ; 12.040 ; 12.040 ;
; ivA[6]     ; ovX[3]      ; 12.890 ; 12.890 ; 12.890 ; 12.890 ;
; ivA[6]     ; ovX[4]      ; 12.575 ; 12.575 ; 12.575 ; 12.575 ;
; ivA[6]     ; ovX[5]      ; 12.337 ; 12.337 ; 12.337 ; 12.337 ;
; ivA[6]     ; ovX[6]      ; 11.152 ; 11.152 ; 11.152 ; 11.152 ;
; ivA[6]     ; ovX[7]      ; 11.143 ; 11.143 ; 11.143 ; 11.143 ;
; ivA[7]     ; oSign       ; 10.576 ;        ;        ; 10.576 ;
; ivA[7]     ; ovX[1]      ; 11.511 ; 11.511 ; 11.511 ; 11.511 ;
; ivA[7]     ; ovX[2]      ; 11.459 ; 11.459 ; 11.459 ; 11.459 ;
; ivA[7]     ; ovX[3]      ; 12.309 ; 12.309 ; 12.309 ; 12.309 ;
; ivA[7]     ; ovX[4]      ; 11.994 ; 11.994 ; 11.994 ; 11.994 ;
; ivA[7]     ; ovX[5]      ; 11.756 ; 11.756 ; 11.756 ; 11.756 ;
; ivA[7]     ; ovX[6]      ; 12.065 ; 12.065 ; 12.065 ; 12.065 ;
; ivA[7]     ; ovX[7]      ; 10.978 ; 10.978 ; 10.978 ; 10.978 ;
; ivB[0]     ; oSign       ;        ; 14.391 ; 14.391 ;        ;
; ivB[0]     ; ovX[0]      ; 10.125 ; 10.125 ; 10.125 ; 10.125 ;
; ivB[0]     ; ovX[1]      ; 10.362 ; 10.362 ; 10.362 ; 10.362 ;
; ivB[0]     ; ovX[2]      ; 10.957 ; 10.957 ; 10.957 ; 10.957 ;
; ivB[0]     ; ovX[3]      ; 11.965 ; 11.965 ; 11.965 ; 11.965 ;
; ivB[0]     ; ovX[4]      ; 11.652 ; 11.652 ; 11.652 ; 11.652 ;
; ivB[0]     ; ovX[5]      ; 11.253 ; 11.253 ; 11.253 ; 11.253 ;
; ivB[0]     ; ovX[6]      ; 12.675 ; 12.675 ; 12.675 ; 12.675 ;
; ivB[0]     ; ovX[7]      ; 12.663 ; 12.663 ; 12.663 ; 12.663 ;
; ivB[1]     ; oSign       ;        ; 14.265 ; 14.265 ;        ;
; ivB[1]     ; ovX[1]      ; 11.102 ; 11.102 ; 11.102 ; 11.102 ;
; ivB[1]     ; ovX[2]      ; 11.050 ; 11.050 ; 11.050 ; 11.050 ;
; ivB[1]     ; ovX[3]      ; 12.060 ; 12.060 ; 12.060 ; 12.060 ;
; ivB[1]     ; ovX[4]      ; 11.747 ; 11.747 ; 11.747 ; 11.747 ;
; ivB[1]     ; ovX[5]      ; 11.348 ; 11.348 ; 11.348 ; 11.348 ;
; ivB[1]     ; ovX[6]      ; 12.770 ; 12.770 ; 12.770 ; 12.770 ;
; ivB[1]     ; ovX[7]      ; 12.758 ; 12.758 ; 12.758 ; 12.758 ;
; ivB[2]     ; oSign       ;        ; 13.367 ; 13.367 ;        ;
; ivB[2]     ; ovX[1]      ; 14.302 ; 14.302 ; 14.302 ; 14.302 ;
; ivB[2]     ; ovX[2]      ; 11.147 ; 11.147 ; 11.147 ; 11.147 ;
; ivB[2]     ; ovX[3]      ; 11.950 ; 11.950 ; 11.950 ; 11.950 ;
; ivB[2]     ; ovX[4]      ; 11.635 ; 11.635 ; 11.635 ; 11.635 ;
; ivB[2]     ; ovX[5]      ; 11.449 ; 11.449 ; 11.449 ; 11.449 ;
; ivB[2]     ; ovX[6]      ; 12.871 ; 12.871 ; 12.871 ; 12.871 ;
; ivB[2]     ; ovX[7]      ; 12.859 ; 12.859 ; 12.859 ; 12.859 ;
; ivB[3]     ; oSign       ;        ; 13.363 ; 13.363 ;        ;
; ivB[3]     ; ovX[1]      ; 14.298 ; 14.298 ; 14.298 ; 14.298 ;
; ivB[3]     ; ovX[2]      ; 14.246 ; 14.246 ; 14.246 ; 14.246 ;
; ivB[3]     ; ovX[3]      ; 10.875 ; 10.875 ; 10.875 ; 10.875 ;
; ivB[3]     ; ovX[4]      ; 10.560 ; 10.560 ; 10.560 ; 10.560 ;
; ivB[3]     ; ovX[5]      ; 10.509 ; 10.509 ; 10.509 ; 10.509 ;
; ivB[3]     ; ovX[6]      ; 11.900 ; 11.900 ; 11.900 ; 11.900 ;
; ivB[3]     ; ovX[7]      ; 11.888 ; 11.888 ; 11.888 ; 11.888 ;
; ivB[4]     ; oSign       ;        ; 11.695 ; 11.695 ;        ;
; ivB[4]     ; ovX[1]      ; 12.630 ; 12.630 ; 12.630 ; 12.630 ;
; ivB[4]     ; ovX[2]      ; 12.578 ; 12.578 ; 12.578 ; 12.578 ;
; ivB[4]     ; ovX[3]      ; 13.428 ; 13.428 ; 13.428 ; 13.428 ;
; ivB[4]     ; ovX[4]      ; 12.343 ; 12.343 ; 12.343 ; 12.343 ;
; ivB[4]     ; ovX[5]      ; 11.563 ; 11.563 ; 11.563 ; 11.563 ;
; ivB[4]     ; ovX[6]      ; 12.297 ; 12.297 ; 12.297 ; 12.297 ;
; ivB[4]     ; ovX[7]      ; 12.097 ; 12.097 ; 12.097 ; 12.097 ;
; ivB[5]     ; oSign       ;        ; 10.976 ; 10.976 ;        ;
; ivB[5]     ; ovX[1]      ; 11.911 ; 11.911 ; 11.911 ; 11.911 ;
; ivB[5]     ; ovX[2]      ; 11.859 ; 11.859 ; 11.859 ; 11.859 ;
; ivB[5]     ; ovX[3]      ; 12.709 ; 12.709 ; 12.709 ; 12.709 ;
; ivB[5]     ; ovX[4]      ; 12.394 ; 12.394 ; 12.394 ; 12.394 ;
; ivB[5]     ; ovX[5]      ; 11.048 ; 11.048 ; 11.048 ; 11.048 ;
; ivB[5]     ; ovX[6]      ; 11.571 ; 11.571 ; 11.571 ; 11.571 ;
; ivB[5]     ; ovX[7]      ; 11.378 ; 11.378 ; 11.378 ; 11.378 ;
; ivB[6]     ; oSign       ;        ; 10.938 ; 10.938 ;        ;
; ivB[6]     ; ovX[1]      ; 11.873 ; 11.873 ; 11.873 ; 11.873 ;
; ivB[6]     ; ovX[2]      ; 11.821 ; 11.821 ; 11.821 ; 11.821 ;
; ivB[6]     ; ovX[3]      ; 12.671 ; 12.671 ; 12.671 ; 12.671 ;
; ivB[6]     ; ovX[4]      ; 12.356 ; 12.356 ; 12.356 ; 12.356 ;
; ivB[6]     ; ovX[5]      ; 12.118 ; 12.118 ; 12.118 ; 12.118 ;
; ivB[6]     ; ovX[6]      ; 10.933 ; 10.933 ; 10.933 ; 10.933 ;
; ivB[6]     ; ovX[7]      ; 10.924 ; 10.924 ; 10.924 ; 10.924 ;
; ivB[7]     ; oSign       ;        ; 10.101 ; 10.101 ;        ;
; ivB[7]     ; ovX[1]      ; 11.036 ; 11.036 ; 11.036 ; 11.036 ;
; ivB[7]     ; ovX[2]      ; 10.984 ; 10.984 ; 10.984 ; 10.984 ;
; ivB[7]     ; ovX[3]      ; 11.834 ; 11.834 ; 11.834 ; 11.834 ;
; ivB[7]     ; ovX[4]      ; 11.519 ; 11.519 ; 11.519 ; 11.519 ;
; ivB[7]     ; ovX[5]      ; 11.281 ; 11.281 ; 11.281 ; 11.281 ;
; ivB[7]     ; ovX[6]      ; 11.590 ; 11.590 ; 11.590 ; 11.590 ;
; ivB[7]     ; ovX[7]      ; 10.502 ; 10.502 ; 10.502 ; 10.502 ;
+------------+-------------+--------+--------+--------+--------+


----------------------------
; Fast Model Setup Summary ;
----------------------------
No paths to report.


---------------------------
; Fast Model Hold Summary ;
---------------------------
No paths to report.


-------------------------------
; Fast Model Recovery Summary ;
-------------------------------
No paths to report.


------------------------------
; Fast Model Removal Summary ;
------------------------------
No paths to report.


------------------------------------------
; Fast Model Minimum Pulse Width Summary ;
------------------------------------------
No paths to report.


+----------------------------------------------------------+
; Propagation Delay                                        ;
+------------+-------------+-------+-------+-------+-------+
; Input Port ; Output Port ; RR    ; RF    ; FR    ; FF    ;
+------------+-------------+-------+-------+-------+-------+
; ivA[0]     ; oSign       ; 6.605 ;       ;       ; 6.605 ;
; ivA[0]     ; ovX[0]      ; 5.037 ; 5.037 ; 5.037 ; 5.037 ;
; ivA[0]     ; ovX[1]      ; 7.023 ; 7.023 ; 7.023 ; 7.023 ;
; ivA[0]     ; ovX[2]      ; 6.945 ; 6.945 ; 6.945 ; 6.945 ;
; ivA[0]     ; ovX[3]      ; 7.330 ; 7.330 ; 7.330 ; 7.330 ;
; ivA[0]     ; ovX[4]      ; 7.509 ; 7.509 ; 7.509 ; 7.509 ;
; ivA[0]     ; ovX[5]      ; 7.174 ; 7.174 ; 7.174 ; 7.174 ;
; ivA[0]     ; ovX[6]      ; 7.714 ; 7.714 ; 7.714 ; 7.714 ;
; ivA[0]     ; ovX[7]      ; 7.703 ; 7.703 ; 7.703 ; 7.703 ;
; ivA[1]     ; oSign       ; 6.783 ;       ;       ; 6.783 ;
; ivA[1]     ; ovX[1]      ; 7.201 ; 7.201 ; 7.201 ; 7.201 ;
; ivA[1]     ; ovX[2]      ; 7.123 ; 7.123 ; 7.123 ; 7.123 ;
; ivA[1]     ; ovX[3]      ; 7.508 ; 7.508 ; 7.508 ; 7.508 ;
; ivA[1]     ; ovX[4]      ; 7.687 ; 7.687 ; 7.687 ; 7.687 ;
; ivA[1]     ; ovX[5]      ; 7.352 ; 7.352 ; 7.352 ; 7.352 ;
; ivA[1]     ; ovX[6]      ; 7.892 ; 7.892 ; 7.892 ; 7.892 ;
; ivA[1]     ; ovX[7]      ; 7.881 ; 7.881 ; 7.881 ; 7.881 ;
; ivA[2]     ; oSign       ; 6.174 ;       ;       ; 6.174 ;
; ivA[2]     ; ovX[1]      ; 6.592 ; 6.592 ; 6.592 ; 6.592 ;
; ivA[2]     ; ovX[2]      ; 6.514 ; 6.514 ; 6.514 ; 6.514 ;
; ivA[2]     ; ovX[3]      ; 6.899 ; 6.899 ; 6.899 ; 6.899 ;
; ivA[2]     ; ovX[4]      ; 7.078 ; 7.078 ; 7.078 ; 7.078 ;
; ivA[2]     ; ovX[5]      ; 6.743 ; 6.743 ; 6.743 ; 6.743 ;
; ivA[2]     ; ovX[6]      ; 7.283 ; 7.283 ; 7.283 ; 7.283 ;
; ivA[2]     ; ovX[7]      ; 7.272 ; 7.272 ; 7.272 ; 7.272 ;
; ivA[3]     ; oSign       ; 6.542 ;       ;       ; 6.542 ;
; ivA[3]     ; ovX[1]      ; 6.960 ; 6.960 ; 6.960 ; 6.960 ;
; ivA[3]     ; ovX[2]      ; 6.882 ; 6.882 ; 6.882 ; 6.882 ;
; ivA[3]     ; ovX[3]      ; 7.267 ; 7.267 ; 7.267 ; 7.267 ;
; ivA[3]     ; ovX[4]      ; 7.446 ; 7.446 ; 7.446 ; 7.446 ;
; ivA[3]     ; ovX[5]      ; 7.111 ; 7.111 ; 7.111 ; 7.111 ;
; ivA[3]     ; ovX[6]      ; 7.651 ; 7.651 ; 7.651 ; 7.651 ;
; ivA[3]     ; ovX[7]      ; 7.640 ; 7.640 ; 7.640 ; 7.640 ;
; ivA[4]     ; oSign       ; 5.889 ;       ;       ; 5.889 ;
; ivA[4]     ; ovX[1]      ; 6.307 ; 6.307 ; 6.307 ; 6.307 ;
; ivA[4]     ; ovX[2]      ; 6.229 ; 6.229 ; 6.229 ; 6.229 ;
; ivA[4]     ; ovX[3]      ; 6.614 ; 6.614 ; 6.614 ; 6.614 ;
; ivA[4]     ; ovX[4]      ; 6.793 ; 6.793 ; 6.793 ; 6.793 ;
; ivA[4]     ; ovX[5]      ; 6.458 ; 6.458 ; 6.458 ; 6.458 ;
; ivA[4]     ; ovX[6]      ; 6.998 ; 6.998 ; 6.998 ; 6.998 ;
; ivA[4]     ; ovX[7]      ; 6.987 ; 6.987 ; 6.987 ; 6.987 ;
; ivA[5]     ; oSign       ; 5.431 ;       ;       ; 5.431 ;
; ivA[5]     ; ovX[1]      ; 5.849 ; 5.849 ; 5.849 ; 5.849 ;
; ivA[5]     ; ovX[2]      ; 5.771 ; 5.771 ; 5.771 ; 5.771 ;
; ivA[5]     ; ovX[3]      ; 6.156 ; 6.156 ; 6.156 ; 6.156 ;
; ivA[5]     ; ovX[4]      ; 6.335 ; 6.335 ; 6.335 ; 6.335 ;
; ivA[5]     ; ovX[5]      ; 6.000 ; 6.000 ; 6.000 ; 6.000 ;
; ivA[5]     ; ovX[6]      ; 6.540 ; 6.540 ; 6.540 ; 6.540 ;
; ivA[5]     ; ovX[7]      ; 6.529 ; 6.529 ; 6.529 ; 6.529 ;
; ivA[6]     ; oSign       ; 5.942 ;       ;       ; 5.942 ;
; ivA[6]     ; ovX[1]      ; 6.360 ; 6.360 ; 6.360 ; 6.360 ;
; ivA[6]     ; ovX[2]      ; 6.282 ; 6.282 ; 6.282 ; 6.282 ;
; ivA[6]     ; ovX[3]      ; 6.667 ; 6.667 ; 6.667 ; 6.667 ;
; ivA[6]     ; ovX[4]      ; 6.846 ; 6.846 ; 6.846 ; 6.846 ;
; ivA[6]     ; ovX[5]      ; 6.511 ; 6.511 ; 6.511 ; 6.511 ;
; ivA[6]     ; ovX[6]      ; 7.051 ; 7.051 ; 7.051 ; 7.051 ;
; ivA[6]     ; ovX[7]      ; 7.040 ; 7.040 ; 7.040 ; 7.040 ;
; ivA[7]     ; oSign       ; 5.353 ;       ;       ; 5.353 ;
; ivA[7]     ; ovX[1]      ; 5.771 ; 5.771 ; 5.771 ; 5.771 ;
; ivA[7]     ; ovX[2]      ; 5.693 ; 5.693 ; 5.693 ; 5.693 ;
; ivA[7]     ; ovX[3]      ; 6.078 ; 6.078 ; 6.078 ; 6.078 ;
; ivA[7]     ; ovX[4]      ; 6.257 ; 6.257 ; 6.257 ; 6.257 ;
; ivA[7]     ; ovX[5]      ; 5.922 ; 5.922 ; 5.922 ; 5.922 ;
; ivA[7]     ; ovX[6]      ; 6.462 ; 6.462 ; 6.462 ; 6.462 ;
; ivA[7]     ; ovX[7]      ; 6.451 ; 6.451 ; 6.451 ; 6.451 ;
; ivB[0]     ; oSign       ;       ; 6.720 ; 6.720 ;       ;
; ivB[0]     ; ovX[0]      ; 5.149 ; 5.149 ; 5.149 ; 5.149 ;
; ivB[0]     ; ovX[1]      ; 7.138 ; 7.138 ; 7.138 ; 7.138 ;
; ivB[0]     ; ovX[2]      ; 7.060 ; 7.060 ; 7.060 ; 7.060 ;
; ivB[0]     ; ovX[3]      ; 7.445 ; 7.445 ; 7.445 ; 7.445 ;
; ivB[0]     ; ovX[4]      ; 7.624 ; 7.624 ; 7.624 ; 7.624 ;
; ivB[0]     ; ovX[5]      ; 7.289 ; 7.289 ; 7.289 ; 7.289 ;
; ivB[0]     ; ovX[6]      ; 7.829 ; 7.829 ; 7.829 ; 7.829 ;
; ivB[0]     ; ovX[7]      ; 7.818 ; 7.818 ; 7.818 ; 7.818 ;
; ivB[1]     ; oSign       ;       ; 6.677 ; 6.677 ;       ;
; ivB[1]     ; ovX[1]      ; 7.095 ; 7.095 ; 7.095 ; 7.095 ;
; ivB[1]     ; ovX[2]      ; 7.017 ; 7.017 ; 7.017 ; 7.017 ;
; ivB[1]     ; ovX[3]      ; 7.402 ; 7.402 ; 7.402 ; 7.402 ;
; ivB[1]     ; ovX[4]      ; 7.581 ; 7.581 ; 7.581 ; 7.581 ;
; ivB[1]     ; ovX[5]      ; 7.246 ; 7.246 ; 7.246 ; 7.246 ;
; ivB[1]     ; ovX[6]      ; 7.786 ; 7.786 ; 7.786 ; 7.786 ;
; ivB[1]     ; ovX[7]      ; 7.775 ; 7.775 ; 7.775 ; 7.775 ;
; ivB[2]     ; oSign       ;       ; 6.362 ; 6.362 ;       ;
; ivB[2]     ; ovX[1]      ; 6.780 ; 6.780 ; 6.780 ; 6.780 ;
; ivB[2]     ; ovX[2]      ; 6.702 ; 6.702 ; 6.702 ; 6.702 ;
; ivB[2]     ; ovX[3]      ; 7.087 ; 7.087 ; 7.087 ; 7.087 ;
; ivB[2]     ; ovX[4]      ; 7.266 ; 7.266 ; 7.266 ; 7.266 ;
; ivB[2]     ; ovX[5]      ; 6.931 ; 6.931 ; 6.931 ; 6.931 ;
; ivB[2]     ; ovX[6]      ; 7.471 ; 7.471 ; 7.471 ; 7.471 ;
; ivB[2]     ; ovX[7]      ; 7.460 ; 7.460 ; 7.460 ; 7.460 ;
; ivB[3]     ; oSign       ;       ; 6.673 ; 6.673 ;       ;
; ivB[3]     ; ovX[1]      ; 7.091 ; 7.091 ; 7.091 ; 7.091 ;
; ivB[3]     ; ovX[2]      ; 7.013 ; 7.013 ; 7.013 ; 7.013 ;
; ivB[3]     ; ovX[3]      ; 7.398 ; 7.398 ; 7.398 ; 7.398 ;
; ivB[3]     ; ovX[4]      ; 7.577 ; 7.577 ; 7.577 ; 7.577 ;
; ivB[3]     ; ovX[5]      ; 7.242 ; 7.242 ; 7.242 ; 7.242 ;
; ivB[3]     ; ovX[6]      ; 7.782 ; 7.782 ; 7.782 ; 7.782 ;
; ivB[3]     ; ovX[7]      ; 7.771 ; 7.771 ; 7.771 ; 7.771 ;
; ivB[4]     ; oSign       ;       ; 5.731 ; 5.731 ;       ;
; ivB[4]     ; ovX[1]      ; 6.149 ; 6.149 ; 6.149 ; 6.149 ;
; ivB[4]     ; ovX[2]      ; 6.071 ; 6.071 ; 6.071 ; 6.071 ;
; ivB[4]     ; ovX[3]      ; 6.456 ; 6.456 ; 6.456 ; 6.456 ;
; ivB[4]     ; ovX[4]      ; 6.635 ; 6.635 ; 6.635 ; 6.635 ;
; ivB[4]     ; ovX[5]      ; 6.300 ; 6.300 ; 6.300 ; 6.300 ;
; ivB[4]     ; ovX[6]      ; 6.840 ; 6.840 ; 6.840 ; 6.840 ;
; ivB[4]     ; ovX[7]      ; 6.829 ; 6.829 ; 6.829 ; 6.829 ;
; ivB[5]     ; oSign       ;       ; 5.471 ; 5.471 ;       ;
; ivB[5]     ; ovX[1]      ; 5.889 ; 5.889 ; 5.889 ; 5.889 ;
; ivB[5]     ; ovX[2]      ; 5.811 ; 5.811 ; 5.811 ; 5.811 ;
; ivB[5]     ; ovX[3]      ; 6.196 ; 6.196 ; 6.196 ; 6.196 ;
; ivB[5]     ; ovX[4]      ; 6.375 ; 6.375 ; 6.375 ; 6.375 ;
; ivB[5]     ; ovX[5]      ; 6.040 ; 6.040 ; 6.040 ; 6.040 ;
; ivB[5]     ; ovX[6]      ; 6.580 ; 6.580 ; 6.580 ; 6.580 ;
; ivB[5]     ; ovX[7]      ; 6.569 ; 6.569 ; 6.569 ; 6.569 ;
; ivB[6]     ; oSign       ;       ; 5.863 ; 5.863 ;       ;
; ivB[6]     ; ovX[1]      ; 6.281 ; 6.281 ; 6.281 ; 6.281 ;
; ivB[6]     ; ovX[2]      ; 6.203 ; 6.203 ; 6.203 ; 6.203 ;
; ivB[6]     ; ovX[3]      ; 6.588 ; 6.588 ; 6.588 ; 6.588 ;
; ivB[6]     ; ovX[4]      ; 6.767 ; 6.767 ; 6.767 ; 6.767 ;
; ivB[6]     ; ovX[5]      ; 6.432 ; 6.432 ; 6.432 ; 6.432 ;
; ivB[6]     ; ovX[6]      ; 6.972 ; 6.972 ; 6.972 ; 6.972 ;
; ivB[6]     ; ovX[7]      ; 6.961 ; 6.961 ; 6.961 ; 6.961 ;
; ivB[7]     ; oSign       ;       ; 5.172 ; 5.172 ;       ;
; ivB[7]     ; ovX[1]      ; 5.590 ; 5.590 ; 5.590 ; 5.590 ;
; ivB[7]     ; ovX[2]      ; 5.512 ; 5.512 ; 5.512 ; 5.512 ;
; ivB[7]     ; ovX[3]      ; 5.897 ; 5.897 ; 5.897 ; 5.897 ;
; ivB[7]     ; ovX[4]      ; 6.076 ; 6.076 ; 6.076 ; 6.076 ;
; ivB[7]     ; ovX[5]      ; 5.741 ; 5.741 ; 5.741 ; 5.741 ;
; ivB[7]     ; ovX[6]      ; 6.281 ; 6.281 ; 6.281 ; 6.281 ;
; ivB[7]     ; ovX[7]      ; 6.270 ; 6.270 ; 6.270 ; 6.270 ;
+------------+-------------+-------+-------+-------+-------+


+----------------------------------------------------------+
; Minimum Propagation Delay                                ;
+------------+-------------+-------+-------+-------+-------+
; Input Port ; Output Port ; RR    ; RF    ; FR    ; FF    ;
+------------+-------------+-------+-------+-------+-------+
; ivA[0]     ; oSign       ; 6.605 ;       ;       ; 6.605 ;
; ivA[0]     ; ovX[0]      ; 5.037 ; 5.037 ; 5.037 ; 5.037 ;
; ivA[0]     ; ovX[1]      ; 5.402 ; 5.402 ; 5.402 ; 5.402 ;
; ivA[0]     ; ovX[2]      ; 5.372 ; 5.372 ; 5.372 ; 5.372 ;
; ivA[0]     ; ovX[3]      ; 5.757 ; 5.757 ; 5.757 ; 5.757 ;
; ivA[0]     ; ovX[4]      ; 5.679 ; 5.679 ; 5.679 ; 5.679 ;
; ivA[0]     ; ovX[5]      ; 5.466 ; 5.466 ; 5.466 ; 5.466 ;
; ivA[0]     ; ovX[6]      ; 6.036 ; 6.036 ; 6.036 ; 6.036 ;
; ivA[0]     ; ovX[7]      ; 6.025 ; 6.025 ; 6.025 ; 6.025 ;
; ivA[1]     ; oSign       ; 6.783 ;       ;       ; 6.783 ;
; ivA[1]     ; ovX[1]      ; 5.699 ; 5.699 ; 5.699 ; 5.699 ;
; ivA[1]     ; ovX[2]      ; 5.617 ; 5.617 ; 5.617 ; 5.617 ;
; ivA[1]     ; ovX[3]      ; 6.012 ; 6.012 ; 6.012 ; 6.012 ;
; ivA[1]     ; ovX[4]      ; 5.934 ; 5.934 ; 5.934 ; 5.934 ;
; ivA[1]     ; ovX[5]      ; 5.721 ; 5.721 ; 5.721 ; 5.721 ;
; ivA[1]     ; ovX[6]      ; 6.291 ; 6.291 ; 6.291 ; 6.291 ;
; ivA[1]     ; ovX[7]      ; 6.280 ; 6.280 ; 6.280 ; 6.280 ;
; ivA[2]     ; oSign       ; 6.174 ;       ;       ; 6.174 ;
; ivA[2]     ; ovX[1]      ; 6.592 ; 6.592 ; 6.592 ; 6.592 ;
; ivA[2]     ; ovX[2]      ; 5.299 ; 5.299 ; 5.299 ; 5.299 ;
; ivA[2]     ; ovX[3]      ; 5.614 ; 5.614 ; 5.614 ; 5.614 ;
; ivA[2]     ; ovX[4]      ; 5.533 ; 5.533 ; 5.533 ; 5.533 ;
; ivA[2]     ; ovX[5]      ; 5.396 ; 5.396 ; 5.396 ; 5.396 ;
; ivA[2]     ; ovX[6]      ; 5.966 ; 5.966 ; 5.966 ; 5.966 ;
; ivA[2]     ; ovX[7]      ; 5.955 ; 5.955 ; 5.955 ; 5.955 ;
; ivA[3]     ; oSign       ; 6.205 ;       ;       ; 6.205 ;
; ivA[3]     ; ovX[1]      ; 6.623 ; 6.623 ; 6.623 ; 6.623 ;
; ivA[3]     ; ovX[2]      ; 6.545 ; 6.545 ; 6.545 ; 6.545 ;
; ivA[3]     ; ovX[3]      ; 5.466 ; 5.466 ; 5.466 ; 5.466 ;
; ivA[3]     ; ovX[4]      ; 5.385 ; 5.385 ; 5.385 ; 5.385 ;
; ivA[3]     ; ovX[5]      ; 5.293 ; 5.293 ; 5.293 ; 5.293 ;
; ivA[3]     ; ovX[6]      ; 5.838 ; 5.838 ; 5.838 ; 5.838 ;
; ivA[3]     ; ovX[7]      ; 5.827 ; 5.827 ; 5.827 ; 5.827 ;
; ivA[4]     ; oSign       ; 5.889 ;       ;       ; 5.889 ;
; ivA[4]     ; ovX[1]      ; 6.307 ; 6.307 ; 6.307 ; 6.307 ;
; ivA[4]     ; ovX[2]      ; 6.229 ; 6.229 ; 6.229 ; 6.229 ;
; ivA[4]     ; ovX[3]      ; 6.561 ; 6.561 ; 6.561 ; 6.561 ;
; ivA[4]     ; ovX[4]      ; 6.034 ; 6.034 ; 6.034 ; 6.034 ;
; ivA[4]     ; ovX[5]      ; 5.699 ; 5.699 ; 5.699 ; 5.699 ;
; ivA[4]     ; ovX[6]      ; 6.102 ; 6.102 ; 6.102 ; 6.102 ;
; ivA[4]     ; ovX[7]      ; 6.030 ; 6.030 ; 6.030 ; 6.030 ;
; ivA[5]     ; oSign       ; 5.431 ;       ;       ; 5.431 ;
; ivA[5]     ; ovX[1]      ; 5.849 ; 5.849 ; 5.849 ; 5.849 ;
; ivA[5]     ; ovX[2]      ; 5.771 ; 5.771 ; 5.771 ; 5.771 ;
; ivA[5]     ; ovX[3]      ; 6.103 ; 6.103 ; 6.103 ; 6.103 ;
; ivA[5]     ; ovX[4]      ; 6.022 ; 6.022 ; 6.022 ; 6.022 ;
; ivA[5]     ; ovX[5]      ; 5.528 ; 5.528 ; 5.528 ; 5.528 ;
; ivA[5]     ; ovX[6]      ; 5.640 ; 5.640 ; 5.640 ; 5.640 ;
; ivA[5]     ; ovX[7]      ; 5.572 ; 5.572 ; 5.572 ; 5.572 ;
; ivA[6]     ; oSign       ; 5.572 ;       ;       ; 5.572 ;
; ivA[6]     ; ovX[1]      ; 5.990 ; 5.990 ; 5.990 ; 5.990 ;
; ivA[6]     ; ovX[2]      ; 5.912 ; 5.912 ; 5.912 ; 5.912 ;
; ivA[6]     ; ovX[3]      ; 6.244 ; 6.244 ; 6.244 ; 6.244 ;
; ivA[6]     ; ovX[4]      ; 6.163 ; 6.163 ; 6.163 ; 6.163 ;
; ivA[6]     ; ovX[5]      ; 6.006 ; 6.006 ; 6.006 ; 6.006 ;
; ivA[6]     ; ovX[6]      ; 5.580 ; 5.580 ; 5.580 ; 5.580 ;
; ivA[6]     ; ovX[7]      ; 5.572 ; 5.572 ; 5.572 ; 5.572 ;
; ivA[7]     ; oSign       ; 5.353 ;       ;       ; 5.353 ;
; ivA[7]     ; ovX[1]      ; 5.771 ; 5.771 ; 5.771 ; 5.771 ;
; ivA[7]     ; ovX[2]      ; 5.693 ; 5.693 ; 5.693 ; 5.693 ;
; ivA[7]     ; ovX[3]      ; 6.025 ; 6.025 ; 6.025 ; 6.025 ;
; ivA[7]     ; ovX[4]      ; 5.944 ; 5.944 ; 5.944 ; 5.944 ;
; ivA[7]     ; ovX[5]      ; 5.787 ; 5.787 ; 5.787 ; 5.787 ;
; ivA[7]     ; ovX[6]      ; 5.874 ; 5.874 ; 5.874 ; 5.874 ;
; ivA[7]     ; ovX[7]      ; 5.488 ; 5.488 ; 5.488 ; 5.488 ;
; ivB[0]     ; oSign       ;       ; 6.720 ; 6.720 ;       ;
; ivB[0]     ; ovX[0]      ; 5.149 ; 5.149 ; 5.149 ; 5.149 ;
; ivB[0]     ; ovX[1]      ; 5.335 ; 5.335 ; 5.335 ; 5.335 ;
; ivB[0]     ; ovX[2]      ; 5.484 ; 5.484 ; 5.484 ; 5.484 ;
; ivB[0]     ; ovX[3]      ; 5.869 ; 5.869 ; 5.869 ; 5.869 ;
; ivB[0]     ; ovX[4]      ; 5.791 ; 5.791 ; 5.791 ; 5.791 ;
; ivB[0]     ; ovX[5]      ; 5.578 ; 5.578 ; 5.578 ; 5.578 ;
; ivB[0]     ; ovX[6]      ; 6.148 ; 6.148 ; 6.148 ; 6.148 ;
; ivB[0]     ; ovX[7]      ; 6.137 ; 6.137 ; 6.137 ; 6.137 ;
; ivB[1]     ; oSign       ;       ; 6.677 ; 6.677 ;       ;
; ivB[1]     ; ovX[1]      ; 5.594 ; 5.594 ; 5.594 ; 5.594 ;
; ivB[1]     ; ovX[2]      ; 5.512 ; 5.512 ; 5.512 ; 5.512 ;
; ivB[1]     ; ovX[3]      ; 5.907 ; 5.907 ; 5.907 ; 5.907 ;
; ivB[1]     ; ovX[4]      ; 5.829 ; 5.829 ; 5.829 ; 5.829 ;
; ivB[1]     ; ovX[5]      ; 5.616 ; 5.616 ; 5.616 ; 5.616 ;
; ivB[1]     ; ovX[6]      ; 6.186 ; 6.186 ; 6.186 ; 6.186 ;
; ivB[1]     ; ovX[7]      ; 6.175 ; 6.175 ; 6.175 ; 6.175 ;
; ivB[2]     ; oSign       ;       ; 6.362 ; 6.362 ;       ;
; ivB[2]     ; ovX[1]      ; 6.780 ; 6.780 ; 6.780 ; 6.780 ;
; ivB[2]     ; ovX[2]      ; 5.560 ; 5.560 ; 5.560 ; 5.560 ;
; ivB[2]     ; ovX[3]      ; 5.875 ; 5.875 ; 5.875 ; 5.875 ;
; ivB[2]     ; ovX[4]      ; 5.794 ; 5.794 ; 5.794 ; 5.794 ;
; ivB[2]     ; ovX[5]      ; 5.657 ; 5.657 ; 5.657 ; 5.657 ;
; ivB[2]     ; ovX[6]      ; 6.227 ; 6.227 ; 6.227 ; 6.227 ;
; ivB[2]     ; ovX[7]      ; 6.216 ; 6.216 ; 6.216 ; 6.216 ;
; ivB[3]     ; oSign       ;       ; 6.330 ; 6.330 ;       ;
; ivB[3]     ; ovX[1]      ; 6.748 ; 6.748 ; 6.748 ; 6.748 ;
; ivB[3]     ; ovX[2]      ; 6.670 ; 6.670 ; 6.670 ; 6.670 ;
; ivB[3]     ; ovX[3]      ; 5.467 ; 5.467 ; 5.467 ; 5.467 ;
; ivB[3]     ; ovX[4]      ; 5.386 ; 5.386 ; 5.386 ; 5.386 ;
; ivB[3]     ; ovX[5]      ; 5.294 ; 5.294 ; 5.294 ; 5.294 ;
; ivB[3]     ; ovX[6]      ; 5.839 ; 5.839 ; 5.839 ; 5.839 ;
; ivB[3]     ; ovX[7]      ; 5.828 ; 5.828 ; 5.828 ; 5.828 ;
; ivB[4]     ; oSign       ;       ; 5.731 ; 5.731 ;       ;
; ivB[4]     ; ovX[1]      ; 6.149 ; 6.149 ; 6.149 ; 6.149 ;
; ivB[4]     ; ovX[2]      ; 6.071 ; 6.071 ; 6.071 ; 6.071 ;
; ivB[4]     ; ovX[3]      ; 6.403 ; 6.403 ; 6.403 ; 6.403 ;
; ivB[4]     ; ovX[4]      ; 6.024 ; 6.024 ; 6.024 ; 6.024 ;
; ivB[4]     ; ovX[5]      ; 5.689 ; 5.689 ; 5.689 ; 5.689 ;
; ivB[4]     ; ovX[6]      ; 5.942 ; 5.942 ; 5.942 ; 5.942 ;
; ivB[4]     ; ovX[7]      ; 5.872 ; 5.872 ; 5.872 ; 5.872 ;
; ivB[5]     ; oSign       ;       ; 5.471 ; 5.471 ;       ;
; ivB[5]     ; ovX[1]      ; 5.889 ; 5.889 ; 5.889 ; 5.889 ;
; ivB[5]     ; ovX[2]      ; 5.811 ; 5.811 ; 5.811 ; 5.811 ;
; ivB[5]     ; ovX[3]      ; 6.143 ; 6.143 ; 6.143 ; 6.143 ;
; ivB[5]     ; ovX[4]      ; 6.062 ; 6.062 ; 6.062 ; 6.062 ;
; ivB[5]     ; ovX[5]      ; 5.506 ; 5.506 ; 5.506 ; 5.506 ;
; ivB[5]     ; ovX[6]      ; 5.678 ; 5.678 ; 5.678 ; 5.678 ;
; ivB[5]     ; ovX[7]      ; 5.612 ; 5.612 ; 5.612 ; 5.612 ;
; ivB[6]     ; oSign       ;       ; 5.466 ; 5.466 ;       ;
; ivB[6]     ; ovX[1]      ; 5.884 ; 5.884 ; 5.884 ; 5.884 ;
; ivB[6]     ; ovX[2]      ; 5.806 ; 5.806 ; 5.806 ; 5.806 ;
; ivB[6]     ; ovX[3]      ; 6.138 ; 6.138 ; 6.138 ; 6.138 ;
; ivB[6]     ; ovX[4]      ; 6.057 ; 6.057 ; 6.057 ; 6.057 ;
; ivB[6]     ; ovX[5]      ; 5.900 ; 5.900 ; 5.900 ; 5.900 ;
; ivB[6]     ; ovX[6]      ; 5.474 ; 5.474 ; 5.474 ; 5.474 ;
; ivB[6]     ; ovX[7]      ; 5.466 ; 5.466 ; 5.466 ; 5.466 ;
; ivB[7]     ; oSign       ;       ; 5.172 ; 5.172 ;       ;
; ivB[7]     ; ovX[1]      ; 5.590 ; 5.590 ; 5.590 ; 5.590 ;
; ivB[7]     ; ovX[2]      ; 5.512 ; 5.512 ; 5.512 ; 5.512 ;
; ivB[7]     ; ovX[3]      ; 5.844 ; 5.844 ; 5.844 ; 5.844 ;
; ivB[7]     ; ovX[4]      ; 5.763 ; 5.763 ; 5.763 ; 5.763 ;
; ivB[7]     ; ovX[5]      ; 5.606 ; 5.606 ; 5.606 ; 5.606 ;
; ivB[7]     ; ovX[6]      ; 5.693 ; 5.693 ; 5.693 ; 5.693 ;
; ivB[7]     ; ovX[7]      ; 5.316 ; 5.316 ; 5.316 ; 5.316 ;
+------------+-------------+-------+-------+-------+-------+


+----------------------------------------------------------------------------+
; Multicorner Timing Analysis Summary                                        ;
+------------------+-------+------+----------+---------+---------------------+
; Clock            ; Setup ; Hold ; Recovery ; Removal ; Minimum Pulse Width ;
+------------------+-------+------+----------+---------+---------------------+
; Worst-case Slack ; N/A   ; N/A  ; N/A      ; N/A     ; N/A                 ;
; Design-wide TNS  ; 0.0   ; 0.0  ; 0.0      ; 0.0     ; 0.0                 ;
+------------------+-------+------+----------+---------+---------------------+


+--------------------------------------------------------------+
; Progagation Delay                                            ;
+------------+-------------+--------+--------+--------+--------+
; Input Port ; Output Port ; RR     ; RF     ; FR     ; FF     ;
+------------+-------------+--------+--------+--------+--------+
; ivA[0]     ; oSign       ; 14.008 ;        ;        ; 14.008 ;
; ivA[0]     ; ovX[0]      ; 9.744  ; 9.744  ; 9.744  ; 9.744  ;
; ivA[0]     ; ovX[1]      ; 14.943 ; 14.943 ; 14.943 ; 14.943 ;
; ivA[0]     ; ovX[2]      ; 14.891 ; 14.891 ; 14.891 ; 14.891 ;
; ivA[0]     ; ovX[3]      ; 15.900 ; 15.900 ; 15.900 ; 15.900 ;
; ivA[0]     ; ovX[4]      ; 16.369 ; 16.369 ; 16.369 ; 16.369 ;
; ivA[0]     ; ovX[5]      ; 15.589 ; 15.589 ; 15.589 ; 15.589 ;
; ivA[0]     ; ovX[6]      ; 17.007 ; 17.007 ; 17.007 ; 17.007 ;
; ivA[0]     ; ovX[7]      ; 16.995 ; 16.995 ; 16.995 ; 16.995 ;
; ivA[1]     ; oSign       ; 14.650 ;        ;        ; 14.650 ;
; ivA[1]     ; ovX[1]      ; 15.585 ; 15.585 ; 15.585 ; 15.585 ;
; ivA[1]     ; ovX[2]      ; 15.533 ; 15.533 ; 15.533 ; 15.533 ;
; ivA[1]     ; ovX[3]      ; 16.542 ; 16.542 ; 16.542 ; 16.542 ;
; ivA[1]     ; ovX[4]      ; 17.011 ; 17.011 ; 17.011 ; 17.011 ;
; ivA[1]     ; ovX[5]      ; 16.231 ; 16.231 ; 16.231 ; 16.231 ;
; ivA[1]     ; ovX[6]      ; 17.649 ; 17.649 ; 17.649 ; 17.649 ;
; ivA[1]     ; ovX[7]      ; 17.637 ; 17.637 ; 17.637 ; 17.637 ;
; ivA[2]     ; oSign       ; 12.876 ;        ;        ; 12.876 ;
; ivA[2]     ; ovX[1]      ; 13.811 ; 13.811 ; 13.811 ; 13.811 ;
; ivA[2]     ; ovX[2]      ; 13.759 ; 13.759 ; 13.759 ; 13.759 ;
; ivA[2]     ; ovX[3]      ; 14.768 ; 14.768 ; 14.768 ; 14.768 ;
; ivA[2]     ; ovX[4]      ; 15.237 ; 15.237 ; 15.237 ; 15.237 ;
; ivA[2]     ; ovX[5]      ; 14.457 ; 14.457 ; 14.457 ; 14.457 ;
; ivA[2]     ; ovX[6]      ; 15.875 ; 15.875 ; 15.875 ; 15.875 ;
; ivA[2]     ; ovX[7]      ; 15.863 ; 15.863 ; 15.863 ; 15.863 ;
; ivA[3]     ; oSign       ; 13.902 ;        ;        ; 13.902 ;
; ivA[3]     ; ovX[1]      ; 14.837 ; 14.837 ; 14.837 ; 14.837 ;
; ivA[3]     ; ovX[2]      ; 14.785 ; 14.785 ; 14.785 ; 14.785 ;
; ivA[3]     ; ovX[3]      ; 15.794 ; 15.794 ; 15.794 ; 15.794 ;
; ivA[3]     ; ovX[4]      ; 16.263 ; 16.263 ; 16.263 ; 16.263 ;
; ivA[3]     ; ovX[5]      ; 15.483 ; 15.483 ; 15.483 ; 15.483 ;
; ivA[3]     ; ovX[6]      ; 16.901 ; 16.901 ; 16.901 ; 16.901 ;
; ivA[3]     ; ovX[7]      ; 16.889 ; 16.889 ; 16.889 ; 16.889 ;
; ivA[4]     ; oSign       ; 12.181 ;        ;        ; 12.181 ;
; ivA[4]     ; ovX[1]      ; 13.116 ; 13.116 ; 13.116 ; 13.116 ;
; ivA[4]     ; ovX[2]      ; 13.064 ; 13.064 ; 13.064 ; 13.064 ;
; ivA[4]     ; ovX[3]      ; 14.073 ; 14.073 ; 14.073 ; 14.073 ;
; ivA[4]     ; ovX[4]      ; 14.542 ; 14.542 ; 14.542 ; 14.542 ;
; ivA[4]     ; ovX[5]      ; 13.762 ; 13.762 ; 13.762 ; 13.762 ;
; ivA[4]     ; ovX[6]      ; 15.180 ; 15.180 ; 15.180 ; 15.180 ;
; ivA[4]     ; ovX[7]      ; 15.168 ; 15.168 ; 15.168 ; 15.168 ;
; ivA[5]     ; oSign       ; 10.830 ;        ;        ; 10.830 ;
; ivA[5]     ; ovX[1]      ; 11.765 ; 11.765 ; 11.765 ; 11.765 ;
; ivA[5]     ; ovX[2]      ; 11.713 ; 11.713 ; 11.713 ; 11.713 ;
; ivA[5]     ; ovX[3]      ; 12.722 ; 12.722 ; 12.722 ; 12.722 ;
; ivA[5]     ; ovX[4]      ; 13.191 ; 13.191 ; 13.191 ; 13.191 ;
; ivA[5]     ; ovX[5]      ; 12.411 ; 12.411 ; 12.411 ; 12.411 ;
; ivA[5]     ; ovX[6]      ; 13.829 ; 13.829 ; 13.829 ; 13.829 ;
; ivA[5]     ; ovX[7]      ; 13.817 ; 13.817 ; 13.817 ; 13.817 ;
; ivA[6]     ; oSign       ; 12.133 ;        ;        ; 12.133 ;
; ivA[6]     ; ovX[1]      ; 13.068 ; 13.068 ; 13.068 ; 13.068 ;
; ivA[6]     ; ovX[2]      ; 13.016 ; 13.016 ; 13.016 ; 13.016 ;
; ivA[6]     ; ovX[3]      ; 14.025 ; 14.025 ; 14.025 ; 14.025 ;
; ivA[6]     ; ovX[4]      ; 14.494 ; 14.494 ; 14.494 ; 14.494 ;
; ivA[6]     ; ovX[5]      ; 13.714 ; 13.714 ; 13.714 ; 13.714 ;
; ivA[6]     ; ovX[6]      ; 15.132 ; 15.132 ; 15.132 ; 15.132 ;
; ivA[6]     ; ovX[7]      ; 15.120 ; 15.120 ; 15.120 ; 15.120 ;
; ivA[7]     ; oSign       ; 10.576 ;        ;        ; 10.576 ;
; ivA[7]     ; ovX[1]      ; 11.511 ; 11.511 ; 11.511 ; 11.511 ;
; ivA[7]     ; ovX[2]      ; 11.459 ; 11.459 ; 11.459 ; 11.459 ;
; ivA[7]     ; ovX[3]      ; 12.468 ; 12.468 ; 12.468 ; 12.468 ;
; ivA[7]     ; ovX[4]      ; 12.937 ; 12.937 ; 12.937 ; 12.937 ;
; ivA[7]     ; ovX[5]      ; 12.157 ; 12.157 ; 12.157 ; 12.157 ;
; ivA[7]     ; ovX[6]      ; 13.575 ; 13.575 ; 13.575 ; 13.575 ;
; ivA[7]     ; ovX[7]      ; 13.563 ; 13.563 ; 13.563 ; 13.563 ;
; ivB[0]     ; oSign       ;        ; 14.391 ; 14.391 ;        ;
; ivB[0]     ; ovX[0]      ; 10.125 ; 10.125 ; 10.125 ; 10.125 ;
; ivB[0]     ; ovX[1]      ; 15.326 ; 15.326 ; 15.326 ; 15.326 ;
; ivB[0]     ; ovX[2]      ; 15.274 ; 15.274 ; 15.274 ; 15.274 ;
; ivB[0]     ; ovX[3]      ; 16.283 ; 16.283 ; 16.283 ; 16.283 ;
; ivB[0]     ; ovX[4]      ; 16.752 ; 16.752 ; 16.752 ; 16.752 ;
; ivB[0]     ; ovX[5]      ; 15.972 ; 15.972 ; 15.972 ; 15.972 ;
; ivB[0]     ; ovX[6]      ; 17.390 ; 17.390 ; 17.390 ; 17.390 ;
; ivB[0]     ; ovX[7]      ; 17.378 ; 17.378 ; 17.378 ; 17.378 ;
; ivB[1]     ; oSign       ;        ; 14.265 ; 14.265 ;        ;
; ivB[1]     ; ovX[1]      ; 15.200 ; 15.200 ; 15.200 ; 15.200 ;
; ivB[1]     ; ovX[2]      ; 15.148 ; 15.148 ; 15.148 ; 15.148 ;
; ivB[1]     ; ovX[3]      ; 16.157 ; 16.157 ; 16.157 ; 16.157 ;
; ivB[1]     ; ovX[4]      ; 16.626 ; 16.626 ; 16.626 ; 16.626 ;
; ivB[1]     ; ovX[5]      ; 15.846 ; 15.846 ; 15.846 ; 15.846 ;
; ivB[1]     ; ovX[6]      ; 17.264 ; 17.264 ; 17.264 ; 17.264 ;
; ivB[1]     ; ovX[7]      ; 17.252 ; 17.252 ; 17.252 ; 17.252 ;
; ivB[2]     ; oSign       ;        ; 13.367 ; 13.367 ;        ;
; ivB[2]     ; ovX[1]      ; 14.302 ; 14.302 ; 14.302 ; 14.302 ;
; ivB[2]     ; ovX[2]      ; 14.250 ; 14.250 ; 14.250 ; 14.250 ;
; ivB[2]     ; ovX[3]      ; 15.259 ; 15.259 ; 15.259 ; 15.259 ;
; ivB[2]     ; ovX[4]      ; 15.728 ; 15.728 ; 15.728 ; 15.728 ;
; ivB[2]     ; ovX[5]      ; 14.948 ; 14.948 ; 14.948 ; 14.948 ;
; ivB[2]     ; ovX[6]      ; 16.366 ; 16.366 ; 16.366 ; 16.366 ;
; ivB[2]     ; ovX[7]      ; 16.354 ; 16.354 ; 16.354 ; 16.354 ;
; ivB[3]     ; oSign       ;        ; 14.290 ; 14.290 ;        ;
; ivB[3]     ; ovX[1]      ; 15.225 ; 15.225 ; 15.225 ; 15.225 ;
; ivB[3]     ; ovX[2]      ; 15.173 ; 15.173 ; 15.173 ; 15.173 ;
; ivB[3]     ; ovX[3]      ; 16.182 ; 16.182 ; 16.182 ; 16.182 ;
; ivB[3]     ; ovX[4]      ; 16.651 ; 16.651 ; 16.651 ; 16.651 ;
; ivB[3]     ; ovX[5]      ; 15.871 ; 15.871 ; 15.871 ; 15.871 ;
; ivB[3]     ; ovX[6]      ; 17.289 ; 17.289 ; 17.289 ; 17.289 ;
; ivB[3]     ; ovX[7]      ; 17.277 ; 17.277 ; 17.277 ; 17.277 ;
; ivB[4]     ; oSign       ;        ; 11.695 ; 11.695 ;        ;
; ivB[4]     ; ovX[1]      ; 12.630 ; 12.630 ; 12.630 ; 12.630 ;
; ivB[4]     ; ovX[2]      ; 12.578 ; 12.578 ; 12.578 ; 12.578 ;
; ivB[4]     ; ovX[3]      ; 13.587 ; 13.587 ; 13.587 ; 13.587 ;
; ivB[4]     ; ovX[4]      ; 14.056 ; 14.056 ; 14.056 ; 14.056 ;
; ivB[4]     ; ovX[5]      ; 13.276 ; 13.276 ; 13.276 ; 13.276 ;
; ivB[4]     ; ovX[6]      ; 14.694 ; 14.694 ; 14.694 ; 14.694 ;
; ivB[4]     ; ovX[7]      ; 14.682 ; 14.682 ; 14.682 ; 14.682 ;
; ivB[5]     ; oSign       ;        ; 10.976 ; 10.976 ;        ;
; ivB[5]     ; ovX[1]      ; 11.911 ; 11.911 ; 11.911 ; 11.911 ;
; ivB[5]     ; ovX[2]      ; 11.859 ; 11.859 ; 11.859 ; 11.859 ;
; ivB[5]     ; ovX[3]      ; 12.868 ; 12.868 ; 12.868 ; 12.868 ;
; ivB[5]     ; ovX[4]      ; 13.337 ; 13.337 ; 13.337 ; 13.337 ;
; ivB[5]     ; ovX[5]      ; 12.557 ; 12.557 ; 12.557 ; 12.557 ;
; ivB[5]     ; ovX[6]      ; 13.975 ; 13.975 ; 13.975 ; 13.975 ;
; ivB[5]     ; ovX[7]      ; 13.963 ; 13.963 ; 13.963 ; 13.963 ;
; ivB[6]     ; oSign       ;        ; 11.915 ; 11.915 ;        ;
; ivB[6]     ; ovX[1]      ; 12.850 ; 12.850 ; 12.850 ; 12.850 ;
; ivB[6]     ; ovX[2]      ; 12.798 ; 12.798 ; 12.798 ; 12.798 ;
; ivB[6]     ; ovX[3]      ; 13.807 ; 13.807 ; 13.807 ; 13.807 ;
; ivB[6]     ; ovX[4]      ; 14.276 ; 14.276 ; 14.276 ; 14.276 ;
; ivB[6]     ; ovX[5]      ; 13.496 ; 13.496 ; 13.496 ; 13.496 ;
; ivB[6]     ; ovX[6]      ; 14.914 ; 14.914 ; 14.914 ; 14.914 ;
; ivB[6]     ; ovX[7]      ; 14.902 ; 14.902 ; 14.902 ; 14.902 ;
; ivB[7]     ; oSign       ;        ; 10.101 ; 10.101 ;        ;
; ivB[7]     ; ovX[1]      ; 11.036 ; 11.036 ; 11.036 ; 11.036 ;
; ivB[7]     ; ovX[2]      ; 10.984 ; 10.984 ; 10.984 ; 10.984 ;
; ivB[7]     ; ovX[3]      ; 11.993 ; 11.993 ; 11.993 ; 11.993 ;
; ivB[7]     ; ovX[4]      ; 12.462 ; 12.462 ; 12.462 ; 12.462 ;
; ivB[7]     ; ovX[5]      ; 11.682 ; 11.682 ; 11.682 ; 11.682 ;
; ivB[7]     ; ovX[6]      ; 13.100 ; 13.100 ; 13.100 ; 13.100 ;
; ivB[7]     ; ovX[7]      ; 13.088 ; 13.088 ; 13.088 ; 13.088 ;
+------------+-------------+--------+--------+--------+--------+


+----------------------------------------------------------+
; Minimum Progagation Delay                                ;
+------------+-------------+-------+-------+-------+-------+
; Input Port ; Output Port ; RR    ; RF    ; FR    ; FF    ;
+------------+-------------+-------+-------+-------+-------+
; ivA[0]     ; oSign       ; 6.605 ;       ;       ; 6.605 ;
; ivA[0]     ; ovX[0]      ; 5.037 ; 5.037 ; 5.037 ; 5.037 ;
; ivA[0]     ; ovX[1]      ; 5.402 ; 5.402 ; 5.402 ; 5.402 ;
; ivA[0]     ; ovX[2]      ; 5.372 ; 5.372 ; 5.372 ; 5.372 ;
; ivA[0]     ; ovX[3]      ; 5.757 ; 5.757 ; 5.757 ; 5.757 ;
; ivA[0]     ; ovX[4]      ; 5.679 ; 5.679 ; 5.679 ; 5.679 ;
; ivA[0]     ; ovX[5]      ; 5.466 ; 5.466 ; 5.466 ; 5.466 ;
; ivA[0]     ; ovX[6]      ; 6.036 ; 6.036 ; 6.036 ; 6.036 ;
; ivA[0]     ; ovX[7]      ; 6.025 ; 6.025 ; 6.025 ; 6.025 ;
; ivA[1]     ; oSign       ; 6.783 ;       ;       ; 6.783 ;
; ivA[1]     ; ovX[1]      ; 5.699 ; 5.699 ; 5.699 ; 5.699 ;
; ivA[1]     ; ovX[2]      ; 5.617 ; 5.617 ; 5.617 ; 5.617 ;
; ivA[1]     ; ovX[3]      ; 6.012 ; 6.012 ; 6.012 ; 6.012 ;
; ivA[1]     ; ovX[4]      ; 5.934 ; 5.934 ; 5.934 ; 5.934 ;
; ivA[1]     ; ovX[5]      ; 5.721 ; 5.721 ; 5.721 ; 5.721 ;
; ivA[1]     ; ovX[6]      ; 6.291 ; 6.291 ; 6.291 ; 6.291 ;
; ivA[1]     ; ovX[7]      ; 6.280 ; 6.280 ; 6.280 ; 6.280 ;
; ivA[2]     ; oSign       ; 6.174 ;       ;       ; 6.174 ;
; ivA[2]     ; ovX[1]      ; 6.592 ; 6.592 ; 6.592 ; 6.592 ;
; ivA[2]     ; ovX[2]      ; 5.299 ; 5.299 ; 5.299 ; 5.299 ;
; ivA[2]     ; ovX[3]      ; 5.614 ; 5.614 ; 5.614 ; 5.614 ;
; ivA[2]     ; ovX[4]      ; 5.533 ; 5.533 ; 5.533 ; 5.533 ;
; ivA[2]     ; ovX[5]      ; 5.396 ; 5.396 ; 5.396 ; 5.396 ;
; ivA[2]     ; ovX[6]      ; 5.966 ; 5.966 ; 5.966 ; 5.966 ;
; ivA[2]     ; ovX[7]      ; 5.955 ; 5.955 ; 5.955 ; 5.955 ;
; ivA[3]     ; oSign       ; 6.205 ;       ;       ; 6.205 ;
; ivA[3]     ; ovX[1]      ; 6.623 ; 6.623 ; 6.623 ; 6.623 ;
; ivA[3]     ; ovX[2]      ; 6.545 ; 6.545 ; 6.545 ; 6.545 ;
; ivA[3]     ; ovX[3]      ; 5.466 ; 5.466 ; 5.466 ; 5.466 ;
; ivA[3]     ; ovX[4]      ; 5.385 ; 5.385 ; 5.385 ; 5.385 ;
; ivA[3]     ; ovX[5]      ; 5.293 ; 5.293 ; 5.293 ; 5.293 ;
; ivA[3]     ; ovX[6]      ; 5.838 ; 5.838 ; 5.838 ; 5.838 ;
; ivA[3]     ; ovX[7]      ; 5.827 ; 5.827 ; 5.827 ; 5.827 ;
; ivA[4]     ; oSign       ; 5.889 ;       ;       ; 5.889 ;
; ivA[4]     ; ovX[1]      ; 6.307 ; 6.307 ; 6.307 ; 6.307 ;
; ivA[4]     ; ovX[2]      ; 6.229 ; 6.229 ; 6.229 ; 6.229 ;
; ivA[4]     ; ovX[3]      ; 6.561 ; 6.561 ; 6.561 ; 6.561 ;
; ivA[4]     ; ovX[4]      ; 6.034 ; 6.034 ; 6.034 ; 6.034 ;
; ivA[4]     ; ovX[5]      ; 5.699 ; 5.699 ; 5.699 ; 5.699 ;
; ivA[4]     ; ovX[6]      ; 6.102 ; 6.102 ; 6.102 ; 6.102 ;
; ivA[4]     ; ovX[7]      ; 6.030 ; 6.030 ; 6.030 ; 6.030 ;
; ivA[5]     ; oSign       ; 5.431 ;       ;       ; 5.431 ;
; ivA[5]     ; ovX[1]      ; 5.849 ; 5.849 ; 5.849 ; 5.849 ;
; ivA[5]     ; ovX[2]      ; 5.771 ; 5.771 ; 5.771 ; 5.771 ;
; ivA[5]     ; ovX[3]      ; 6.103 ; 6.103 ; 6.103 ; 6.103 ;
; ivA[5]     ; ovX[4]      ; 6.022 ; 6.022 ; 6.022 ; 6.022 ;
; ivA[5]     ; ovX[5]      ; 5.528 ; 5.528 ; 5.528 ; 5.528 ;
; ivA[5]     ; ovX[6]      ; 5.640 ; 5.640 ; 5.640 ; 5.640 ;
; ivA[5]     ; ovX[7]      ; 5.572 ; 5.572 ; 5.572 ; 5.572 ;
; ivA[6]     ; oSign       ; 5.572 ;       ;       ; 5.572 ;
; ivA[6]     ; ovX[1]      ; 5.990 ; 5.990 ; 5.990 ; 5.990 ;
; ivA[6]     ; ovX[2]      ; 5.912 ; 5.912 ; 5.912 ; 5.912 ;
; ivA[6]     ; ovX[3]      ; 6.244 ; 6.244 ; 6.244 ; 6.244 ;
; ivA[6]     ; ovX[4]      ; 6.163 ; 6.163 ; 6.163 ; 6.163 ;
; ivA[6]     ; ovX[5]      ; 6.006 ; 6.006 ; 6.006 ; 6.006 ;
; ivA[6]     ; ovX[6]      ; 5.580 ; 5.580 ; 5.580 ; 5.580 ;
; ivA[6]     ; ovX[7]      ; 5.572 ; 5.572 ; 5.572 ; 5.572 ;
; ivA[7]     ; oSign       ; 5.353 ;       ;       ; 5.353 ;
; ivA[7]     ; ovX[1]      ; 5.771 ; 5.771 ; 5.771 ; 5.771 ;
; ivA[7]     ; ovX[2]      ; 5.693 ; 5.693 ; 5.693 ; 5.693 ;
; ivA[7]     ; ovX[3]      ; 6.025 ; 6.025 ; 6.025 ; 6.025 ;
; ivA[7]     ; ovX[4]      ; 5.944 ; 5.944 ; 5.944 ; 5.944 ;
; ivA[7]     ; ovX[5]      ; 5.787 ; 5.787 ; 5.787 ; 5.787 ;
; ivA[7]     ; ovX[6]      ; 5.874 ; 5.874 ; 5.874 ; 5.874 ;
; ivA[7]     ; ovX[7]      ; 5.488 ; 5.488 ; 5.488 ; 5.488 ;
; ivB[0]     ; oSign       ;       ; 6.720 ; 6.720 ;       ;
; ivB[0]     ; ovX[0]      ; 5.149 ; 5.149 ; 5.149 ; 5.149 ;
; ivB[0]     ; ovX[1]      ; 5.335 ; 5.335 ; 5.335 ; 5.335 ;
; ivB[0]     ; ovX[2]      ; 5.484 ; 5.484 ; 5.484 ; 5.484 ;
; ivB[0]     ; ovX[3]      ; 5.869 ; 5.869 ; 5.869 ; 5.869 ;
; ivB[0]     ; ovX[4]      ; 5.791 ; 5.791 ; 5.791 ; 5.791 ;
; ivB[0]     ; ovX[5]      ; 5.578 ; 5.578 ; 5.578 ; 5.578 ;
; ivB[0]     ; ovX[6]      ; 6.148 ; 6.148 ; 6.148 ; 6.148 ;
; ivB[0]     ; ovX[7]      ; 6.137 ; 6.137 ; 6.137 ; 6.137 ;
; ivB[1]     ; oSign       ;       ; 6.677 ; 6.677 ;       ;
; ivB[1]     ; ovX[1]      ; 5.594 ; 5.594 ; 5.594 ; 5.594 ;
; ivB[1]     ; ovX[2]      ; 5.512 ; 5.512 ; 5.512 ; 5.512 ;
; ivB[1]     ; ovX[3]      ; 5.907 ; 5.907 ; 5.907 ; 5.907 ;
; ivB[1]     ; ovX[4]      ; 5.829 ; 5.829 ; 5.829 ; 5.829 ;
; ivB[1]     ; ovX[5]      ; 5.616 ; 5.616 ; 5.616 ; 5.616 ;
; ivB[1]     ; ovX[6]      ; 6.186 ; 6.186 ; 6.186 ; 6.186 ;
; ivB[1]     ; ovX[7]      ; 6.175 ; 6.175 ; 6.175 ; 6.175 ;
; ivB[2]     ; oSign       ;       ; 6.362 ; 6.362 ;       ;
; ivB[2]     ; ovX[1]      ; 6.780 ; 6.780 ; 6.780 ; 6.780 ;
; ivB[2]     ; ovX[2]      ; 5.560 ; 5.560 ; 5.560 ; 5.560 ;
; ivB[2]     ; ovX[3]      ; 5.875 ; 5.875 ; 5.875 ; 5.875 ;
; ivB[2]     ; ovX[4]      ; 5.794 ; 5.794 ; 5.794 ; 5.794 ;
; ivB[2]     ; ovX[5]      ; 5.657 ; 5.657 ; 5.657 ; 5.657 ;
; ivB[2]     ; ovX[6]      ; 6.227 ; 6.227 ; 6.227 ; 6.227 ;
; ivB[2]     ; ovX[7]      ; 6.216 ; 6.216 ; 6.216 ; 6.216 ;
; ivB[3]     ; oSign       ;       ; 6.330 ; 6.330 ;       ;
; ivB[3]     ; ovX[1]      ; 6.748 ; 6.748 ; 6.748 ; 6.748 ;
; ivB[3]     ; ovX[2]      ; 6.670 ; 6.670 ; 6.670 ; 6.670 ;
; ivB[3]     ; ovX[3]      ; 5.467 ; 5.467 ; 5.467 ; 5.467 ;
; ivB[3]     ; ovX[4]      ; 5.386 ; 5.386 ; 5.386 ; 5.386 ;
; ivB[3]     ; ovX[5]      ; 5.294 ; 5.294 ; 5.294 ; 5.294 ;
; ivB[3]     ; ovX[6]      ; 5.839 ; 5.839 ; 5.839 ; 5.839 ;
; ivB[3]     ; ovX[7]      ; 5.828 ; 5.828 ; 5.828 ; 5.828 ;
; ivB[4]     ; oSign       ;       ; 5.731 ; 5.731 ;       ;
; ivB[4]     ; ovX[1]      ; 6.149 ; 6.149 ; 6.149 ; 6.149 ;
; ivB[4]     ; ovX[2]      ; 6.071 ; 6.071 ; 6.071 ; 6.071 ;
; ivB[4]     ; ovX[3]      ; 6.403 ; 6.403 ; 6.403 ; 6.403 ;
; ivB[4]     ; ovX[4]      ; 6.024 ; 6.024 ; 6.024 ; 6.024 ;
; ivB[4]     ; ovX[5]      ; 5.689 ; 5.689 ; 5.689 ; 5.689 ;
; ivB[4]     ; ovX[6]      ; 5.942 ; 5.942 ; 5.942 ; 5.942 ;
; ivB[4]     ; ovX[7]      ; 5.872 ; 5.872 ; 5.872 ; 5.872 ;
; ivB[5]     ; oSign       ;       ; 5.471 ; 5.471 ;       ;
; ivB[5]     ; ovX[1]      ; 5.889 ; 5.889 ; 5.889 ; 5.889 ;
; ivB[5]     ; ovX[2]      ; 5.811 ; 5.811 ; 5.811 ; 5.811 ;
; ivB[5]     ; ovX[3]      ; 6.143 ; 6.143 ; 6.143 ; 6.143 ;
; ivB[5]     ; ovX[4]      ; 6.062 ; 6.062 ; 6.062 ; 6.062 ;
; ivB[5]     ; ovX[5]      ; 5.506 ; 5.506 ; 5.506 ; 5.506 ;
; ivB[5]     ; ovX[6]      ; 5.678 ; 5.678 ; 5.678 ; 5.678 ;
; ivB[5]     ; ovX[7]      ; 5.612 ; 5.612 ; 5.612 ; 5.612 ;
; ivB[6]     ; oSign       ;       ; 5.466 ; 5.466 ;       ;
; ivB[6]     ; ovX[1]      ; 5.884 ; 5.884 ; 5.884 ; 5.884 ;
; ivB[6]     ; ovX[2]      ; 5.806 ; 5.806 ; 5.806 ; 5.806 ;
; ivB[6]     ; ovX[3]      ; 6.138 ; 6.138 ; 6.138 ; 6.138 ;
; ivB[6]     ; ovX[4]      ; 6.057 ; 6.057 ; 6.057 ; 6.057 ;
; ivB[6]     ; ovX[5]      ; 5.900 ; 5.900 ; 5.900 ; 5.900 ;
; ivB[6]     ; ovX[6]      ; 5.474 ; 5.474 ; 5.474 ; 5.474 ;
; ivB[6]     ; ovX[7]      ; 5.466 ; 5.466 ; 5.466 ; 5.466 ;
; ivB[7]     ; oSign       ;       ; 5.172 ; 5.172 ;       ;
; ivB[7]     ; ovX[1]      ; 5.590 ; 5.590 ; 5.590 ; 5.590 ;
; ivB[7]     ; ovX[2]      ; 5.512 ; 5.512 ; 5.512 ; 5.512 ;
; ivB[7]     ; ovX[3]      ; 5.844 ; 5.844 ; 5.844 ; 5.844 ;
; ivB[7]     ; ovX[4]      ; 5.763 ; 5.763 ; 5.763 ; 5.763 ;
; ivB[7]     ; ovX[5]      ; 5.606 ; 5.606 ; 5.606 ; 5.606 ;
; ivB[7]     ; ovX[6]      ; 5.693 ; 5.693 ; 5.693 ; 5.693 ;
; ivB[7]     ; ovX[7]      ; 5.316 ; 5.316 ; 5.316 ; 5.316 ;
+------------+-------------+-------+-------+-------+-------+


-------------------
; Clock Transfers ;
-------------------
Nothing to report.


---------------
; Report TCCS ;
---------------
No dedicated SERDES Transmitter circuitry present in device or used in design


---------------
; Report RSKM ;
---------------
No dedicated SERDES Receiver circuitry present in device or used in design


+------------------------------------------------+
; Unconstrained Paths                            ;
+---------------------------------+-------+------+
; Property                        ; Setup ; Hold ;
+---------------------------------+-------+------+
; Illegal Clocks                  ; 0     ; 0    ;
; Unconstrained Clocks            ; 0     ; 0    ;
; Unconstrained Input Ports       ; 16    ; 16   ;
; Unconstrained Input Port Paths  ; 130   ; 130  ;
; Unconstrained Output Ports      ; 9     ; 9    ;
; Unconstrained Output Port Paths ; 130   ; 130  ;
+---------------------------------+-------+------+


+------------------------------------+
; TimeQuest Timing Analyzer Messages ;
+------------------------------------+
Info: *******************************************************************
Info: Running Quartus II 32-bit TimeQuest Timing Analyzer
    Info: Version 13.0.1 Build 232 06/12/2013 Service Pack 1 SJ Web Edition
    Info: Processing started: Thu Oct 19 21:10:22 2023
Info: Command: quartus_sta restador_8bits -c restador_8bits
Info: qsta_default_script.tcl version: #1
Warning (20028): Parallel compilation is not licensed and has been disabled
Info (21077): Low junction temperature is 0 degrees C
Info (21077): High junction temperature is 85 degrees C
Critical Warning (332012): Synopsys Design Constraints File file not found: 'restador_8bits.sdc'. A Synopsys Design Constraints File is required by the TimeQuest Timing Analyzer to get proper timing constraints. Without it, the Compiler will not properly optimize the design.
Info (332142): No user constrained base clocks found in the design. Calling "derive_clocks -period 1.0"
Info (332096): The command derive_clocks did not find any clocks to derive.  No clocks were created or changed.
Warning (332068): No clocks defined in design.
Info: Found TIMEQUEST_REPORT_SCRIPT_INCLUDE_DEFAULT_ANALYSIS = ON
Info (332159): No clocks to report
Info: Analyzing Slow Model
Info (332140): No fmax paths to report
Info (332140): No Setup paths to report
Info (332140): No Hold paths to report
Info (332140): No Recovery paths to report
Info (332140): No Removal paths to report
Info (332140): No Minimum Pulse Width paths to report
Info (332001): The selected device family is not supported by the report_metastability command.
Info: Analyzing Fast Model
Info (332142): No user constrained base clocks found in the design. Calling "derive_clocks -period 1.0"
Info (332096): The command derive_clocks did not find any clocks to derive.  No clocks were created or changed.
Warning (332068): No clocks defined in design.
Info (332140): No Setup paths to report
Info (332140): No Hold paths to report
Info (332140): No Recovery paths to report
Info (332140): No Removal paths to report
Info (332140): No Minimum Pulse Width paths to report
Info (332001): The selected device family is not supported by the report_metastability command.
Info (332102): Design is not fully constrained for setup requirements
Info (332102): Design is not fully constrained for hold requirements
Info: Quartus II 32-bit TimeQuest Timing Analyzer was successful. 0 errors, 4 warnings
    Info: Peak virtual memory: 321 megabytes
    Info: Processing ended: Thu Oct 19 21:10:23 2023
    Info: Elapsed time: 00:00:01
    Info: Total CPU time (on all processors): 00:00:01


