Analysis & Synthesis report for d_ff_8bits
Mon Oct 23 21:57:12 2023
Quartus II 32-bit Version 13.0.1 Build 232 06/12/2013 Service Pack 1 SJ Web Edition


---------------------
; Table of Contents ;
---------------------
  1. Legal Notice
  2. Analysis & Synthesis Summary
  3. Analysis & Synthesis Settings
  4. Parallel Compilation
  5. Analysis & Synthesis Source Files Read
  6. Analysis & Synthesis Resource Usage Summary
  7. Analysis & Synthesis Resource Utilization by Entity
  8. General Register Statistics
  9. Inverted Register Statistics
 10. Elapsed Time Per Partition
 11. Analysis & Synthesis Messages



----------------
; Legal Notice ;
----------------
Copyright (C) 1991-2013 Altera Corporation
Your use of Altera Corporation's design tools, logic functions 
and other software and tools, and its AMPP partner logic 
functions, and any output files from any of the foregoing 
(including device programming or simulation files), and any 
associated documentation or information are expressly subject 
to the terms and conditions of the Altera Program License 
Subscription Agreement, Altera MegaCore Function License 
Agreement, or other applicable license agreement, including, 
without limitation, that your use is for the sole purpose of 
programming logic devices manufactured by Altera and sold by 
Altera or its authorized distributors.  Please refer to the 
applicable agreement for further details.



+--------------------------------------------------------------------------------------+
; Analysis & Synthesis Summary                                                         ;
+------------------------------------+-------------------------------------------------+
; Analysis & Synthesis Status        ; Successful - Mon Oct 23 21:57:12 2023           ;
; Quartus II 32-bit Version          ; 13.0.1 Build 232 06/12/2013 SP 1 SJ Web Edition ;
; Revision Name                      ; d_ff_8bits                                      ;
; Top-level Entity Name              ; d_ff_8bits                                      ;
; Family                             ; Cyclone II                                      ;
; Total logic elements               ; 16                                              ;
;     Total combinational functions  ; 0                                               ;
;     Dedicated logic registers      ; 16                                              ;
; Total registers                    ; 16                                              ;
; Total pins                         ; 26                                              ;
; Total virtual pins                 ; 0                                               ;
; Total memory bits                  ; 0                                               ;
; Embedded Multiplier 9-bit elements ; 0                                               ;
; Total PLLs                         ; 0                                               ;
+------------------------------------+-------------------------------------------------+


+----------------------------------------------------------------------------------------------------------------------+
; Analysis & Synthesis Settings                                                                                        ;
+----------------------------------------------------------------------------+--------------------+--------------------+
; Option                                                                     ; Setting            ; Default Value      ;
+----------------------------------------------------------------------------+--------------------+--------------------+
; Device                                                                     ; EP2C20F484C7       ;                    ;
; Top-level entity name                                                      ; d_ff_8bits         ; d_ff_8bits         ;
; Family name                                                                ; Cyclone II         ; Cyclone IV GX      ;
; Use smart compilation                                                      ; Off                ; Off                ;
; Enable parallel Assembler and TimeQuest Timing Analyzer during compilation ; On                 ; On                 ;
; Enable compact report table                                                ; Off                ; Off                ;
; Restructure Multiplexers                                                   ; Auto               ; Auto               ;
; Create Debugging Nodes for IP Cores                                        ; Off                ; Off                ;
; Preserve fewer node names                                                  ; On                 ; On                 ;
; Disable OpenCore Plus hardware evaluation                                  ; Off                ; Off                ;
; Verilog Version                                                            ; Verilog_2001       ; Verilog_2001       ;
; VHDL Version                                                               ; VHDL_1993          ; VHDL_1993          ;
; State Machine Processing                                                   ; Auto               ; Auto               ;
; Safe State Machine                                                         ; Off                ; Off                ;
; Extract Verilog State Machines                                             ; On                 ; On                 ;
; Extract VHDL State Machines                                                ; On                 ; On                 ;
; Ignore Verilog initial constructs                                          ; Off                ; Off                ;
; Iteration limit for constant Verilog loops                                 ; 5000               ; 5000               ;
; Iteration limit for non-constant Verilog loops                             ; 250                ; 250                ;
; Add Pass-Through Logic to Inferred RAMs                                    ; On                 ; On                 ;
; Infer RAMs from Raw Logic                                                  ; On                 ; On                 ;
; Parallel Synthesis                                                         ; On                 ; On                 ;
; DSP Block Balancing                                                        ; Auto               ; Auto               ;
; NOT Gate Push-Back                                                         ; On                 ; On                 ;
; Power-Up Don't Care                                                        ; On                 ; On                 ;
; Remove Redundant Logic Cells                                               ; Off                ; Off                ;
; Remove Duplicate Registers                                                 ; On                 ; On                 ;
; Ignore CARRY Buffers                                                       ; Off                ; Off                ;
; Ignore CASCADE Buffers                                                     ; Off                ; Off                ;
; Ignore GLOBAL Buffers                                                      ; Off                ; Off                ;
; Ignore ROW GLOBAL Buffers                                                  ; Off                ; Off                ;
; Ignore LCELL Buffers                                                       ; Off                ; Off                ;
; Ignore SOFT Buffers                                                        ; On                 ; On                 ;
; Limit AHDL Integers to 32 Bits                                             ; Off                ; Off                ;
; Optimization Technique                                                     ; Balanced           ; Balanced           ;
; Carry Chain Length                                                         ; 70                 ; 70                 ;
; Auto Carry Chains                                                          ; On                 ; On                 ;
; Auto Open-Drain Pins                                                       ; On                 ; On                 ;
; Perform WYSIWYG Primitive Resynthesis                                      ; Off                ; Off                ;
; Auto ROM Replacement                                                       ; On                 ; On                 ;
; Auto RAM Replacement                                                       ; On                 ; On                 ;
; Auto Shift Register Replacement                                            ; Auto               ; Auto               ;
; Allow Shift Register Merging across Hierarchies                            ; Auto               ; Auto               ;
; Auto Clock Enable Replacement                                              ; On                 ; On                 ;
; Strict RAM Replacement                                                     ; Off                ; Off                ;
; Allow Synchronous Control Signals                                          ; On                 ; On                 ;
; Force Use of Synchronous Clear Signals                                     ; Off                ; Off                ;
; Auto RAM to Logic Cell Conversion                                          ; Off                ; Off                ;
; Auto Resource Sharing                                                      ; Off                ; Off                ;
; Allow Any RAM Size For Recognition                                         ; Off                ; Off                ;
; Allow Any ROM Size For Recognition                                         ; Off                ; Off                ;
; Allow Any Shift Register Size For Recognition                              ; Off                ; Off                ;
; Use LogicLock Constraints during Resource Balancing                        ; On                 ; On                 ;
; Ignore translate_off and synthesis_off directives                          ; Off                ; Off                ;
; Timing-Driven Synthesis                                                    ; Off                ; Off                ;
; Report Parameter Settings                                                  ; On                 ; On                 ;
; Report Source Assignments                                                  ; On                 ; On                 ;
; Report Connectivity Checks                                                 ; On                 ; On                 ;
; Ignore Maximum Fan-Out Assignments                                         ; Off                ; Off                ;
; Synchronization Register Chain Length                                      ; 2                  ; 2                  ;
; PowerPlay Power Optimization                                               ; Normal compilation ; Normal compilation ;
; HDL message level                                                          ; Level2             ; Level2             ;
; Suppress Register Optimization Related Messages                            ; Off                ; Off                ;
; Number of Removed Registers Reported in Synthesis Report                   ; 5000               ; 5000               ;
; Number of Swept Nodes Reported in Synthesis Report                         ; 5000               ; 5000               ;
; Number of Inverted Registers Reported in Synthesis Report                  ; 100                ; 100                ;
; Clock MUX Protection                                                       ; On                 ; On                 ;
; Auto Gated Clock Conversion                                                ; Off                ; Off                ;
; Block Design Naming                                                        ; Auto               ; Auto               ;
; SDC constraint protection                                                  ; Off                ; Off                ;
; Synthesis Effort                                                           ; Auto               ; Auto               ;
; Shift Register Replacement - Allow Asynchronous Clear Signal               ; On                 ; On                 ;
; Pre-Mapping Resynthesis Optimization                                       ; Off                ; Off                ;
; Analysis & Synthesis Message Level                                         ; Medium             ; Medium             ;
; Disable Register Merging Across Hierarchies                                ; Auto               ; Auto               ;
; Resource Aware Inference For Block RAM                                     ; On                 ; On                 ;
; Synthesis Seed                                                             ; 1                  ; 1                  ;
+----------------------------------------------------------------------------+--------------------+--------------------+


Parallel compilation was disabled, but you have multiple processors available. Enable parallel compilation to reduce compilation time.
+-------------------------------------+
; Parallel Compilation                ;
+----------------------------+--------+
; Processors                 ; Number ;
+----------------------------+--------+
; Number detected on machine ; 8      ;
; Maximum allowed            ; 1      ;
+----------------------------+--------+


+--------------------------------------------------------------------------------------------------------------------------------------------------------------------------------------+
; Analysis & Synthesis Source Files Read                                                                                                                                               ;
+----------------------------------+-----------------+-----------------------+-----------------------------------------------------------------------------------------------+---------+
; File Name with User-Entered Path ; Used in Netlist ; File Type             ; File Name with Absolute Path                                                                  ; Library ;
+----------------------------------+-----------------+-----------------------+-----------------------------------------------------------------------------------------------+---------+
; d_ff_8bits.vhd                   ; yes             ; User VHDL File        ; C:/Users/caminore/Documents/Quartus Files/vhdl-components/flipflops/d_ff_8bits/d_ff_8bits.vhd ;         ;
; d_ff_4bits.vhd                   ; yes             ; Auto-Found VHDL File  ; c:/users/caminore/documents/quartus files/vhdl-components/flipflops/d_ff_4bits/d_ff_4bits.vhd ;         ;
; d_ff_2bits.vhd                   ; yes             ; Auto-Found VHDL File  ; c:/users/caminore/documents/quartus files/vhdl-components/flipflops/d_ff_2bits/d_ff_2bits.vhd ;         ;
; d_flipflop.vhd                   ; yes             ; Auto-Found VHDL File  ; c:/users/caminore/documents/quartus files/vhdl-components/flipflops/d_flipflop/d_flipflop.vhd ;         ;
+----------------------------------+-----------------+-----------------------+-----------------------------------------------------------------------------------------------+---------+


+-----------------------------------------------------+
; Analysis & Synthesis Resource Usage Summary         ;
+---------------------------------------------+-------+
; Resource                                    ; Usage ;
+---------------------------------------------+-------+
; Estimated Total logic elements              ; 16    ;
;                                             ;       ;
; Total combinational functions               ; 0     ;
; Logic element usage by number of LUT inputs ;       ;
;     -- 4 input functions                    ; 0     ;
;     -- 3 input functions                    ; 0     ;
;     -- <=2 input functions                  ; 0     ;
;                                             ;       ;
; Logic elements by mode                      ;       ;
;     -- normal mode                          ; 0     ;
;     -- arithmetic mode                      ; 0     ;
;                                             ;       ;
; Total registers                             ; 16    ;
;     -- Dedicated logic registers            ; 16    ;
;     -- I/O registers                        ; 0     ;
;                                             ;       ;
; I/O pins                                    ; 26    ;
; Embedded Multiplier 9-bit elements          ; 0     ;
; Maximum fan-out node                        ; Clk   ;
; Maximum fan-out                             ; 16    ;
; Total fan-out                               ; 64    ;
; Average fan-out                             ; 1.52  ;
+---------------------------------------------+-------+


+------------------------------------------------------------------------------------------------------------------------------------------------------------------------------------------------------------------+
; Analysis & Synthesis Resource Utilization by Entity                                                                                                                                                              ;
+----------------------------+-------------------+--------------+-------------+--------------+---------+-----------+------+--------------+----------------------------------------------------------+--------------+
; Compilation Hierarchy Node ; LC Combinationals ; LC Registers ; Memory Bits ; DSP Elements ; DSP 9x9 ; DSP 18x18 ; Pins ; Virtual Pins ; Full Hierarchy Name                                      ; Library Name ;
+----------------------------+-------------------+--------------+-------------+--------------+---------+-----------+------+--------------+----------------------------------------------------------+--------------+
; |d_ff_8bits                ; 0 (0)             ; 16 (0)       ; 0           ; 0            ; 0       ; 0         ; 26   ; 0            ; |d_ff_8bits                                              ; work         ;
;    |d_ff_4bits:ff0|        ; 0 (0)             ; 8 (0)        ; 0           ; 0            ; 0       ; 0         ; 0    ; 0            ; |d_ff_8bits|d_ff_4bits:ff0                               ; work         ;
;       |d_ff_2bits:ff0|     ; 0 (0)             ; 4 (0)        ; 0           ; 0            ; 0       ; 0         ; 0    ; 0            ; |d_ff_8bits|d_ff_4bits:ff0|d_ff_2bits:ff0                ; work         ;
;          |d_flipflop:ff0|  ; 0 (0)             ; 2 (2)        ; 0           ; 0            ; 0       ; 0         ; 0    ; 0            ; |d_ff_8bits|d_ff_4bits:ff0|d_ff_2bits:ff0|d_flipflop:ff0 ; work         ;
;          |d_flipflop:ff1|  ; 0 (0)             ; 2 (2)        ; 0           ; 0            ; 0       ; 0         ; 0    ; 0            ; |d_ff_8bits|d_ff_4bits:ff0|d_ff_2bits:ff0|d_flipflop:ff1 ; work         ;
;       |d_ff_2bits:ff1|     ; 0 (0)             ; 4 (0)        ; 0           ; 0            ; 0       ; 0         ; 0    ; 0            ; |d_ff_8bits|d_ff_4bits:ff0|d_ff_2bits:ff1                ; work         ;
;          |d_flipflop:ff0|  ; 0 (0)             ; 2 (2)        ; 0           ; 0            ; 0       ; 0         ; 0    ; 0            ; |d_ff_8bits|d_ff_4bits:ff0|d_ff_2bits:ff1|d_flipflop:ff0 ; work         ;
;          |d_flipflop:ff1|  ; 0 (0)             ; 2 (2)        ; 0           ; 0            ; 0       ; 0         ; 0    ; 0            ; |d_ff_8bits|d_ff_4bits:ff0|d_ff_2bits:ff1|d_flipflop:ff1 ; work         ;
;    |d_ff_4bits:ff1|        ; 0 (0)             ; 8 (0)        ; 0           ; 0            ; 0       ; 0         ; 0    ; 0            ; |d_ff_8bits|d_ff_4bits:ff1                               ; work         ;
;       |d_ff_2bits:ff0|     ; 0 (0)             ; 4 (0)        ; 0           ; 0            ; 0       ; 0         ; 0    ; 0            ; |d_ff_8bits|d_ff_4bits:ff1|d_ff_2bits:ff0                ; work         ;
;          |d_flipflop:ff0|  ; 0 (0)             ; 2 (2)        ; 0           ; 0            ; 0       ; 0         ; 0    ; 0            ; |d_ff_8bits|d_ff_4bits:ff1|d_ff_2bits:ff0|d_flipflop:ff0 ; work         ;
;          |d_flipflop:ff1|  ; 0 (0)             ; 2 (2)        ; 0           ; 0            ; 0       ; 0         ; 0    ; 0            ; |d_ff_8bits|d_ff_4bits:ff1|d_ff_2bits:ff0|d_flipflop:ff1 ; work         ;
;       |d_ff_2bits:ff1|     ; 0 (0)             ; 4 (0)        ; 0           ; 0            ; 0       ; 0         ; 0    ; 0            ; |d_ff_8bits|d_ff_4bits:ff1|d_ff_2bits:ff1                ; work         ;
;          |d_flipflop:ff0|  ; 0 (0)             ; 2 (2)        ; 0           ; 0            ; 0       ; 0         ; 0    ; 0            ; |d_ff_8bits|d_ff_4bits:ff1|d_ff_2bits:ff1|d_flipflop:ff0 ; work         ;
;          |d_flipflop:ff1|  ; 0 (0)             ; 2 (2)        ; 0           ; 0            ; 0       ; 0         ; 0    ; 0            ; |d_ff_8bits|d_ff_4bits:ff1|d_ff_2bits:ff1|d_flipflop:ff1 ; work         ;
+----------------------------+-------------------+--------------+-------------+--------------+---------+-----------+------+--------------+----------------------------------------------------------+--------------+
Note: For table entries with two numbers listed, the numbers in parentheses indicate the number of resources of the given type used by the specific entity alone. The numbers listed outside of parentheses indicate the total resources of the given type used by the specific entity and all of its sub-entities in the hierarchy.


+------------------------------------------------------+
; General Register Statistics                          ;
+----------------------------------------------+-------+
; Statistic                                    ; Value ;
+----------------------------------------------+-------+
; Total registers                              ; 16    ;
; Number of registers using Synchronous Clear  ; 0     ;
; Number of registers using Synchronous Load   ; 0     ;
; Number of registers using Asynchronous Clear ; 16    ;
; Number of registers using Asynchronous Load  ; 0     ;
; Number of registers using Clock Enable       ; 0     ;
; Number of registers using Preset             ; 0     ;
+----------------------------------------------+-------+


+-----------------------------------------------------------+
; Inverted Register Statistics                              ;
+-------------------------------------------------+---------+
; Inverted Register                               ; Fan out ;
+-------------------------------------------------+---------+
; d_ff_4bits:ff0|d_ff_2bits:ff0|d_flipflop:ff0|nQ ; 1       ;
; d_ff_4bits:ff0|d_ff_2bits:ff0|d_flipflop:ff1|nQ ; 1       ;
; d_ff_4bits:ff0|d_ff_2bits:ff1|d_flipflop:ff0|nQ ; 1       ;
; d_ff_4bits:ff0|d_ff_2bits:ff1|d_flipflop:ff1|nQ ; 1       ;
; d_ff_4bits:ff1|d_ff_2bits:ff0|d_flipflop:ff0|nQ ; 1       ;
; d_ff_4bits:ff1|d_ff_2bits:ff0|d_flipflop:ff1|nQ ; 1       ;
; d_ff_4bits:ff1|d_ff_2bits:ff1|d_flipflop:ff0|nQ ; 1       ;
; d_ff_4bits:ff1|d_ff_2bits:ff1|d_flipflop:ff1|nQ ; 1       ;
; Total number of inverted registers = 8          ;         ;
+-------------------------------------------------+---------+


+-------------------------------+
; Elapsed Time Per Partition    ;
+----------------+--------------+
; Partition Name ; Elapsed Time ;
+----------------+--------------+
; Top            ; 00:00:00     ;
+----------------+--------------+


+-------------------------------+
; Analysis & Synthesis Messages ;
+-------------------------------+
Info: *******************************************************************
Info: Running Quartus II 32-bit Analysis & Synthesis
    Info: Version 13.0.1 Build 232 06/12/2013 Service Pack 1 SJ Web Edition
    Info: Processing started: Mon Oct 23 21:57:10 2023
Info: Command: quartus_map --read_settings_files=on --write_settings_files=off d_ff_8bits -c d_ff_8bits
Warning (20028): Parallel compilation is not licensed and has been disabled
Info (12021): Found 2 design units, including 1 entities, in source file d_ff_8bits.vhd
    Info (12022): Found design unit 1: d_ff_8bits-Behavioral
    Info (12023): Found entity 1: d_ff_8bits
Info (12021): Found 2 design units, including 1 entities, in source file d_ff_8bits_tb.vhd
    Info (12022): Found design unit 1: d_ff_8bits_tb-testbench
    Info (12023): Found entity 1: d_ff_8bits_tb
Info (12127): Elaborating entity "d_ff_8bits" for the top level hierarchy
Warning (12125): Using design file /users/caminore/documents/quartus files/vhdl-components/flipflops/d_ff_4bits/d_ff_4bits.vhd, which is not specified as a design file for the current project, but contains definitions for 2 design units and 1 entities in project
    Info (12022): Found design unit 1: d_ff_4bits-Behavioral
    Info (12023): Found entity 1: d_ff_4bits
Info (12128): Elaborating entity "d_ff_4bits" for hierarchy "d_ff_4bits:ff0"
Warning (12125): Using design file /users/caminore/documents/quartus files/vhdl-components/flipflops/d_ff_2bits/d_ff_2bits.vhd, which is not specified as a design file for the current project, but contains definitions for 2 design units and 1 entities in project
    Info (12022): Found design unit 1: d_ff_2bits-Behavioral
    Info (12023): Found entity 1: d_ff_2bits
Info (12128): Elaborating entity "d_ff_2bits" for hierarchy "d_ff_4bits:ff0|d_ff_2bits:ff0"
Warning (12125): Using design file /users/caminore/documents/quartus files/vhdl-components/flipflops/d_flipflop/d_flipflop.vhd, which is not specified as a design file for the current project, but contains definitions for 2 design units and 1 entities in project
    Info (12022): Found design unit 1: d_flipflop-Behavioral
    Info (12023): Found entity 1: d_flipflop
Info (12128): Elaborating entity "d_flipflop" for hierarchy "d_ff_4bits:ff0|d_ff_2bits:ff0|d_flipflop:ff0"
Info (13000): Registers with preset signals will power-up high
Info (13003): DEV_CLRn pin will set, and not reset, register with preset signal due to NOT Gate Push-Back
Info (16010): Generating hard_block partition "hard_block:auto_generated_inst"
    Info (16011): Adding 0 node(s), including 0 DDIO, 0 PLL, 0 transceiver and 0 LCELL
Info (21057): Implemented 42 device resources after synthesis - the final resource count might be different
    Info (21058): Implemented 10 input pins
    Info (21059): Implemented 16 output pins
    Info (21061): Implemented 16 logic cells
Info: Quartus II 32-bit Analysis & Synthesis was successful. 0 errors, 4 warnings
    Info: Peak virtual memory: 406 megabytes
    Info: Processing ended: Mon Oct 23 21:57:12 2023
    Info: Elapsed time: 00:00:02
    Info: Total CPU time (on all processors): 00:00:02


