TimeQuest Timing Analyzer report for multiplicador_8_bits
Tue Oct 17 10:32:56 2023
Quartus II 32-bit Version 13.0.1 Build 232 06/12/2013 Service Pack 1 SJ Web Edition


---------------------
; Table of Contents ;
---------------------
  1. Legal Notice
  2. TimeQuest Timing Analyzer Summary
  3. Parallel Compilation
  4. Clocks
  5. Slow Model Fmax Summary
  6. Slow Model Setup Summary
  7. Slow Model Hold Summary
  8. Slow Model Recovery Summary
  9. Slow Model Removal Summary
 10. Slow Model Minimum Pulse Width Summary
 11. Propagation Delay
 12. Minimum Propagation Delay
 13. Fast Model Setup Summary
 14. Fast Model Hold Summary
 15. Fast Model Recovery Summary
 16. Fast Model Removal Summary
 17. Fast Model Minimum Pulse Width Summary
 18. Propagation Delay
 19. Minimum Propagation Delay
 20. Multicorner Timing Analysis Summary
 21. Progagation Delay
 22. Minimum Progagation Delay
 23. Clock Transfers
 24. Report TCCS
 25. Report RSKM
 26. Unconstrained Paths
 27. TimeQuest Timing Analyzer Messages



----------------
; Legal Notice ;
----------------
Copyright (C) 1991-2013 Altera Corporation
Your use of Altera Corporation's design tools, logic functions 
and other software and tools, and its AMPP partner logic 
functions, and any output files from any of the foregoing 
(including device programming or simulation files), and any 
associated documentation or information are expressly subject 
to the terms and conditions of the Altera Program License 
Subscription Agreement, Altera MegaCore Function License 
Agreement, or other applicable license agreement, including, 
without limitation, that your use is for the sole purpose of 
programming logic devices manufactured by Altera and sold by 
Altera or its authorized distributors.  Please refer to the 
applicable agreement for further details.



+----------------------------------------------------------------------------------------+
; TimeQuest Timing Analyzer Summary                                                      ;
+--------------------+-------------------------------------------------------------------+
; Quartus II Version ; Version 13.0.1 Build 232 06/12/2013 Service Pack 1 SJ Web Edition ;
; Revision Name      ; multiplicador_8_bits                                              ;
; Device Family      ; Cyclone II                                                        ;
; Device Name        ; EP2C20F484C7                                                      ;
; Timing Models      ; Final                                                             ;
; Delay Model        ; Combined                                                          ;
; Rise/Fall Delays   ; Unavailable                                                       ;
+--------------------+-------------------------------------------------------------------+


Parallel compilation was disabled, but you have multiple processors available. Enable parallel compilation to reduce compilation time.
+-------------------------------------+
; Parallel Compilation                ;
+----------------------------+--------+
; Processors                 ; Number ;
+----------------------------+--------+
; Number detected on machine ; 8      ;
; Maximum allowed            ; 1      ;
+----------------------------+--------+


----------
; Clocks ;
----------
No clocks to report.


---------------------------
; Slow Model Fmax Summary ;
---------------------------
No paths to report.


----------------------------
; Slow Model Setup Summary ;
----------------------------
No paths to report.


---------------------------
; Slow Model Hold Summary ;
---------------------------
No paths to report.


-------------------------------
; Slow Model Recovery Summary ;
-------------------------------
No paths to report.


------------------------------
; Slow Model Removal Summary ;
------------------------------
No paths to report.


------------------------------------------
; Slow Model Minimum Pulse Width Summary ;
------------------------------------------
No paths to report.


+--------------------------------------------------------------+
; Propagation Delay                                            ;
+------------+-------------+--------+--------+--------+--------+
; Input Port ; Output Port ; RR     ; RF     ; FR     ; FF     ;
+------------+-------------+--------+--------+--------+--------+
; ivA[0]     ; ovX0[0]     ; 18.416 ; 18.416 ; 18.416 ; 18.416 ;
; ivA[0]     ; ovX0[1]     ; 18.416 ; 18.416 ; 18.416 ; 18.416 ;
; ivA[0]     ; ovX0[2]     ; 18.411 ; 18.411 ; 18.411 ; 18.411 ;
; ivA[0]     ; ovX0[3]     ; 18.962 ; 18.962 ; 18.962 ; 18.962 ;
; ivA[0]     ; ovX0[4]     ; 18.739 ; 18.739 ; 18.739 ; 18.739 ;
; ivA[0]     ; ovX0[5]     ; 18.747 ; 18.747 ; 18.747 ; 18.747 ;
; ivA[0]     ; ovX0[6]     ; 18.709 ; 18.709 ; 18.709 ; 18.709 ;
; ivA[0]     ; ovX1[0]     ; 20.294 ; 20.294 ; 20.294 ; 20.294 ;
; ivA[0]     ; ovX1[1]     ; 20.292 ; 20.292 ; 20.292 ; 20.292 ;
; ivA[0]     ; ovX1[2]     ; 20.262 ; 20.262 ; 20.262 ; 20.262 ;
; ivA[0]     ; ovX1[3]     ; 20.254 ; 20.254 ; 20.254 ; 20.254 ;
; ivA[0]     ; ovX1[4]     ; 19.561 ; 19.561 ; 19.561 ; 19.561 ;
; ivA[0]     ; ovX1[5]     ; 19.559 ; 19.559 ; 19.559 ; 19.559 ;
; ivA[0]     ; ovX1[6]     ; 19.938 ; 19.938 ; 19.938 ; 19.938 ;
; ivA[0]     ; ovX2[0]     ; 16.963 ; 16.963 ; 16.963 ; 16.963 ;
; ivA[0]     ; ovX2[1]     ; 19.040 ; 19.040 ; 19.040 ; 19.040 ;
; ivA[0]     ; ovX2[2]     ; 18.227 ; 18.227 ; 18.227 ; 18.227 ;
; ivA[0]     ; ovX2[3]     ; 19.067 ; 19.067 ; 19.067 ; 19.067 ;
; ivA[0]     ; ovX2[4]     ; 19.078 ; 19.078 ; 19.078 ; 19.078 ;
; ivA[0]     ; ovX2[6]     ; 19.014 ; 19.014 ; 19.014 ; 19.014 ;
; ivA[1]     ; ovX0[0]     ; 17.591 ; 17.591 ; 17.591 ; 17.591 ;
; ivA[1]     ; ovX0[1]     ; 17.591 ; 17.591 ; 17.591 ; 17.591 ;
; ivA[1]     ; ovX0[2]     ; 17.586 ; 17.586 ; 17.586 ; 17.586 ;
; ivA[1]     ; ovX0[3]     ; 18.137 ; 18.137 ; 18.137 ; 18.137 ;
; ivA[1]     ; ovX0[4]     ; 17.914 ; 17.914 ; 17.914 ; 17.914 ;
; ivA[1]     ; ovX0[5]     ; 17.922 ; 17.922 ; 17.922 ; 17.922 ;
; ivA[1]     ; ovX0[6]     ; 17.884 ; 17.884 ; 17.884 ; 17.884 ;
; ivA[1]     ; ovX1[0]     ; 19.469 ; 19.469 ; 19.469 ; 19.469 ;
; ivA[1]     ; ovX1[1]     ; 19.467 ; 19.467 ; 19.467 ; 19.467 ;
; ivA[1]     ; ovX1[2]     ; 19.437 ; 19.437 ; 19.437 ; 19.437 ;
; ivA[1]     ; ovX1[3]     ; 19.429 ; 19.429 ; 19.429 ; 19.429 ;
; ivA[1]     ; ovX1[4]     ; 18.736 ; 18.736 ; 18.736 ; 18.736 ;
; ivA[1]     ; ovX1[5]     ; 18.734 ; 18.734 ; 18.734 ; 18.734 ;
; ivA[1]     ; ovX1[6]     ; 19.113 ; 19.113 ; 19.113 ; 19.113 ;
; ivA[1]     ; ovX2[0]     ; 16.138 ; 16.138 ; 16.138 ; 16.138 ;
; ivA[1]     ; ovX2[1]     ; 18.215 ; 18.215 ; 18.215 ; 18.215 ;
; ivA[1]     ; ovX2[2]     ; 17.402 ; 17.402 ; 17.402 ; 17.402 ;
; ivA[1]     ; ovX2[3]     ; 18.242 ; 18.242 ; 18.242 ; 18.242 ;
; ivA[1]     ; ovX2[4]     ; 18.253 ; 18.253 ; 18.253 ; 18.253 ;
; ivA[1]     ; ovX2[6]     ; 18.189 ; 18.189 ; 18.189 ; 18.189 ;
; ivA[2]     ; ovX0[0]     ; 18.036 ; 18.036 ; 18.036 ; 18.036 ;
; ivA[2]     ; ovX0[1]     ; 18.036 ; 18.036 ; 18.036 ; 18.036 ;
; ivA[2]     ; ovX0[2]     ; 18.031 ; 18.031 ; 18.031 ; 18.031 ;
; ivA[2]     ; ovX0[3]     ; 18.582 ; 18.582 ; 18.582 ; 18.582 ;
; ivA[2]     ; ovX0[4]     ; 18.359 ; 18.359 ; 18.359 ; 18.359 ;
; ivA[2]     ; ovX0[5]     ; 18.367 ; 18.367 ; 18.367 ; 18.367 ;
; ivA[2]     ; ovX0[6]     ; 18.329 ; 18.329 ; 18.329 ; 18.329 ;
; ivA[2]     ; ovX1[0]     ; 19.914 ; 19.914 ; 19.914 ; 19.914 ;
; ivA[2]     ; ovX1[1]     ; 19.912 ; 19.912 ; 19.912 ; 19.912 ;
; ivA[2]     ; ovX1[2]     ; 19.882 ; 19.882 ; 19.882 ; 19.882 ;
; ivA[2]     ; ovX1[3]     ; 19.874 ; 19.874 ; 19.874 ; 19.874 ;
; ivA[2]     ; ovX1[4]     ; 19.181 ; 19.181 ; 19.181 ; 19.181 ;
; ivA[2]     ; ovX1[5]     ; 19.179 ; 19.179 ; 19.179 ; 19.179 ;
; ivA[2]     ; ovX1[6]     ; 19.558 ; 19.558 ; 19.558 ; 19.558 ;
; ivA[2]     ; ovX2[0]     ; 16.583 ; 16.583 ; 16.583 ; 16.583 ;
; ivA[2]     ; ovX2[1]     ; 18.660 ; 18.660 ; 18.660 ; 18.660 ;
; ivA[2]     ; ovX2[2]     ; 17.847 ; 17.847 ; 17.847 ; 17.847 ;
; ivA[2]     ; ovX2[3]     ; 18.687 ; 18.687 ; 18.687 ; 18.687 ;
; ivA[2]     ; ovX2[4]     ; 18.698 ; 18.698 ; 18.698 ; 18.698 ;
; ivA[2]     ; ovX2[6]     ; 18.634 ; 18.634 ; 18.634 ; 18.634 ;
; ivA[3]     ; ovX0[0]     ; 17.046 ; 17.046 ; 17.046 ; 17.046 ;
; ivA[3]     ; ovX0[1]     ; 17.046 ; 17.046 ; 17.046 ; 17.046 ;
; ivA[3]     ; ovX0[2]     ; 17.041 ; 17.041 ; 17.041 ; 17.041 ;
; ivA[3]     ; ovX0[3]     ; 17.592 ; 17.592 ; 17.592 ; 17.592 ;
; ivA[3]     ; ovX0[4]     ; 17.369 ; 17.369 ; 17.369 ; 17.369 ;
; ivA[3]     ; ovX0[5]     ; 17.377 ; 17.377 ; 17.377 ; 17.377 ;
; ivA[3]     ; ovX0[6]     ; 17.339 ; 17.339 ; 17.339 ; 17.339 ;
; ivA[3]     ; ovX1[0]     ; 18.924 ; 18.924 ; 18.924 ; 18.924 ;
; ivA[3]     ; ovX1[1]     ; 18.922 ; 18.922 ; 18.922 ; 18.922 ;
; ivA[3]     ; ovX1[2]     ; 18.892 ; 18.892 ; 18.892 ; 18.892 ;
; ivA[3]     ; ovX1[3]     ; 18.884 ; 18.884 ; 18.884 ; 18.884 ;
; ivA[3]     ; ovX1[4]     ; 18.191 ; 18.191 ; 18.191 ; 18.191 ;
; ivA[3]     ; ovX1[5]     ; 18.189 ; 18.189 ; 18.189 ; 18.189 ;
; ivA[3]     ; ovX1[6]     ; 18.568 ; 18.568 ; 18.568 ; 18.568 ;
; ivA[3]     ; ovX2[0]     ; 15.593 ; 15.593 ; 15.593 ; 15.593 ;
; ivA[3]     ; ovX2[1]     ; 17.670 ; 17.670 ; 17.670 ; 17.670 ;
; ivA[3]     ; ovX2[2]     ; 16.857 ; 16.857 ; 16.857 ; 16.857 ;
; ivA[3]     ; ovX2[3]     ; 17.697 ; 17.697 ; 17.697 ; 17.697 ;
; ivA[3]     ; ovX2[4]     ; 17.708 ; 17.708 ; 17.708 ; 17.708 ;
; ivA[3]     ; ovX2[6]     ; 17.644 ; 17.644 ; 17.644 ; 17.644 ;
; ivB[0]     ; ovX0[0]     ; 17.251 ; 17.251 ; 17.251 ; 17.251 ;
; ivB[0]     ; ovX0[1]     ; 17.251 ; 17.251 ; 17.251 ; 17.251 ;
; ivB[0]     ; ovX0[2]     ; 17.246 ; 17.246 ; 17.246 ; 17.246 ;
; ivB[0]     ; ovX0[3]     ; 17.797 ; 17.797 ; 17.797 ; 17.797 ;
; ivB[0]     ; ovX0[4]     ; 17.574 ; 17.574 ; 17.574 ; 17.574 ;
; ivB[0]     ; ovX0[5]     ; 17.582 ; 17.582 ; 17.582 ; 17.582 ;
; ivB[0]     ; ovX0[6]     ; 17.544 ; 17.544 ; 17.544 ; 17.544 ;
; ivB[0]     ; ovX1[0]     ; 19.129 ; 19.129 ; 19.129 ; 19.129 ;
; ivB[0]     ; ovX1[1]     ; 19.127 ; 19.127 ; 19.127 ; 19.127 ;
; ivB[0]     ; ovX1[2]     ; 19.097 ; 19.097 ; 19.097 ; 19.097 ;
; ivB[0]     ; ovX1[3]     ; 19.089 ; 19.089 ; 19.089 ; 19.089 ;
; ivB[0]     ; ovX1[4]     ; 18.396 ; 18.396 ; 18.396 ; 18.396 ;
; ivB[0]     ; ovX1[5]     ; 18.394 ; 18.394 ; 18.394 ; 18.394 ;
; ivB[0]     ; ovX1[6]     ; 18.773 ; 18.773 ; 18.773 ; 18.773 ;
; ivB[0]     ; ovX2[0]     ; 15.798 ; 15.798 ; 15.798 ; 15.798 ;
; ivB[0]     ; ovX2[1]     ; 17.875 ; 17.875 ; 17.875 ; 17.875 ;
; ivB[0]     ; ovX2[2]     ; 17.062 ; 17.062 ; 17.062 ; 17.062 ;
; ivB[0]     ; ovX2[3]     ; 17.902 ; 17.902 ; 17.902 ; 17.902 ;
; ivB[0]     ; ovX2[4]     ; 17.913 ; 17.913 ; 17.913 ; 17.913 ;
; ivB[0]     ; ovX2[6]     ; 17.849 ; 17.849 ; 17.849 ; 17.849 ;
; ivB[1]     ; ovX0[0]     ; 16.583 ; 16.583 ; 16.583 ; 16.583 ;
; ivB[1]     ; ovX0[1]     ; 16.583 ; 16.583 ; 16.583 ; 16.583 ;
; ivB[1]     ; ovX0[2]     ; 16.578 ; 16.578 ; 16.578 ; 16.578 ;
; ivB[1]     ; ovX0[3]     ; 17.129 ; 17.129 ; 17.129 ; 17.129 ;
; ivB[1]     ; ovX0[4]     ; 16.906 ; 16.906 ; 16.906 ; 16.906 ;
; ivB[1]     ; ovX0[5]     ; 16.914 ; 16.914 ; 16.914 ; 16.914 ;
; ivB[1]     ; ovX0[6]     ; 16.876 ; 16.876 ; 16.876 ; 16.876 ;
; ivB[1]     ; ovX1[0]     ; 18.461 ; 18.461 ; 18.461 ; 18.461 ;
; ivB[1]     ; ovX1[1]     ; 18.459 ; 18.459 ; 18.459 ; 18.459 ;
; ivB[1]     ; ovX1[2]     ; 18.429 ; 18.429 ; 18.429 ; 18.429 ;
; ivB[1]     ; ovX1[3]     ; 18.421 ; 18.421 ; 18.421 ; 18.421 ;
; ivB[1]     ; ovX1[4]     ; 17.728 ; 17.728 ; 17.728 ; 17.728 ;
; ivB[1]     ; ovX1[5]     ; 17.726 ; 17.726 ; 17.726 ; 17.726 ;
; ivB[1]     ; ovX1[6]     ; 18.105 ; 18.105 ; 18.105 ; 18.105 ;
; ivB[1]     ; ovX2[0]     ; 15.130 ; 15.130 ; 15.130 ; 15.130 ;
; ivB[1]     ; ovX2[1]     ; 17.207 ; 17.207 ; 17.207 ; 17.207 ;
; ivB[1]     ; ovX2[2]     ; 16.394 ; 16.394 ; 16.394 ; 16.394 ;
; ivB[1]     ; ovX2[3]     ; 17.234 ; 17.234 ; 17.234 ; 17.234 ;
; ivB[1]     ; ovX2[4]     ; 17.245 ; 17.245 ; 17.245 ; 17.245 ;
; ivB[1]     ; ovX2[6]     ; 17.181 ; 17.181 ; 17.181 ; 17.181 ;
; ivB[2]     ; ovX0[0]     ; 15.800 ; 15.800 ; 15.800 ; 15.800 ;
; ivB[2]     ; ovX0[1]     ; 15.800 ; 15.800 ; 15.800 ; 15.800 ;
; ivB[2]     ; ovX0[2]     ; 15.795 ; 15.795 ; 15.795 ; 15.795 ;
; ivB[2]     ; ovX0[3]     ; 16.346 ; 16.346 ; 16.346 ; 16.346 ;
; ivB[2]     ; ovX0[4]     ; 16.123 ; 16.123 ; 16.123 ; 16.123 ;
; ivB[2]     ; ovX0[5]     ; 16.131 ; 16.131 ; 16.131 ; 16.131 ;
; ivB[2]     ; ovX0[6]     ; 16.093 ; 16.093 ; 16.093 ; 16.093 ;
; ivB[2]     ; ovX1[0]     ; 17.678 ; 17.678 ; 17.678 ; 17.678 ;
; ivB[2]     ; ovX1[1]     ; 17.676 ; 17.676 ; 17.676 ; 17.676 ;
; ivB[2]     ; ovX1[2]     ; 17.646 ; 17.646 ; 17.646 ; 17.646 ;
; ivB[2]     ; ovX1[3]     ; 17.638 ; 17.638 ; 17.638 ; 17.638 ;
; ivB[2]     ; ovX1[4]     ; 16.945 ; 16.945 ; 16.945 ; 16.945 ;
; ivB[2]     ; ovX1[5]     ; 16.943 ; 16.943 ; 16.943 ; 16.943 ;
; ivB[2]     ; ovX1[6]     ; 17.322 ; 17.322 ; 17.322 ; 17.322 ;
; ivB[2]     ; ovX2[0]     ; 14.347 ; 14.347 ; 14.347 ; 14.347 ;
; ivB[2]     ; ovX2[1]     ; 16.424 ; 16.424 ; 16.424 ; 16.424 ;
; ivB[2]     ; ovX2[2]     ; 15.611 ; 15.611 ; 15.611 ; 15.611 ;
; ivB[2]     ; ovX2[3]     ; 16.451 ; 16.451 ; 16.451 ; 16.451 ;
; ivB[2]     ; ovX2[4]     ; 16.462 ; 16.462 ; 16.462 ; 16.462 ;
; ivB[2]     ; ovX2[6]     ; 16.398 ; 16.398 ; 16.398 ; 16.398 ;
; ivB[3]     ; ovX0[0]     ; 13.972 ; 13.972 ; 13.972 ; 13.972 ;
; ivB[3]     ; ovX0[1]     ; 13.972 ; 13.972 ; 13.972 ; 13.972 ;
; ivB[3]     ; ovX0[2]     ; 13.967 ; 13.967 ; 13.967 ; 13.967 ;
; ivB[3]     ; ovX0[3]     ; 14.518 ; 14.518 ; 14.518 ; 14.518 ;
; ivB[3]     ; ovX0[4]     ; 14.295 ; 14.295 ; 14.295 ; 14.295 ;
; ivB[3]     ; ovX0[5]     ; 14.303 ; 14.303 ; 14.303 ; 14.303 ;
; ivB[3]     ; ovX0[6]     ; 14.265 ; 14.265 ; 14.265 ; 14.265 ;
; ivB[3]     ; ovX1[0]     ; 15.850 ; 15.850 ; 15.850 ; 15.850 ;
; ivB[3]     ; ovX1[1]     ; 15.848 ; 15.848 ; 15.848 ; 15.848 ;
; ivB[3]     ; ovX1[2]     ; 15.818 ; 15.818 ; 15.818 ; 15.818 ;
; ivB[3]     ; ovX1[3]     ; 15.810 ; 15.810 ; 15.810 ; 15.810 ;
; ivB[3]     ; ovX1[4]     ; 15.117 ; 15.117 ; 15.117 ; 15.117 ;
; ivB[3]     ; ovX1[5]     ; 15.115 ; 15.115 ; 15.115 ; 15.115 ;
; ivB[3]     ; ovX1[6]     ; 15.494 ; 15.494 ; 15.494 ; 15.494 ;
; ivB[3]     ; ovX2[0]     ; 12.519 ; 12.519 ; 12.519 ; 12.519 ;
; ivB[3]     ; ovX2[1]     ; 14.596 ; 14.596 ; 14.596 ; 14.596 ;
; ivB[3]     ; ovX2[2]     ; 13.783 ; 13.783 ; 13.783 ; 13.783 ;
; ivB[3]     ; ovX2[3]     ; 14.623 ; 14.623 ; 14.623 ; 14.623 ;
; ivB[3]     ; ovX2[4]     ; 14.634 ; 14.634 ; 14.634 ; 14.634 ;
; ivB[3]     ; ovX2[6]     ; 14.570 ; 14.570 ; 14.570 ; 14.570 ;
+------------+-------------+--------+--------+--------+--------+


+--------------------------------------------------------------+
; Minimum Propagation Delay                                    ;
+------------+-------------+--------+--------+--------+--------+
; Input Port ; Output Port ; RR     ; RF     ; FR     ; FF     ;
+------------+-------------+--------+--------+--------+--------+
; ivA[0]     ; ovX0[0]     ; 8.172  ; 9.218  ; 9.218  ; 8.172  ;
; ivA[0]     ; ovX0[1]     ; 8.169  ; 9.215  ; 9.215  ; 8.169  ;
; ivA[0]     ; ovX0[2]     ; 8.165  ; 9.208  ; 9.208  ; 8.165  ;
; ivA[0]     ; ovX0[3]     ; 8.720  ; 8.720  ; 8.720  ; 8.720  ;
; ivA[0]     ; ovX0[4]     ; 9.538  ; 8.494  ; 8.494  ; 9.538  ;
; ivA[0]     ; ovX0[5]     ; 8.501  ; 8.501  ; 8.501  ; 8.501  ;
; ivA[0]     ; ovX0[6]     ; 8.467  ; 8.467  ; 8.467  ; 8.467  ;
; ivA[0]     ; ovX1[0]     ; 9.954  ; 9.954  ; 9.954  ; 9.954  ;
; ivA[0]     ; ovX1[1]     ; 9.956  ; 9.956  ; 9.956  ; 9.956  ;
; ivA[0]     ; ovX1[2]     ; 9.926  ; 9.926  ; 9.926  ; 9.926  ;
; ivA[0]     ; ovX1[3]     ; 9.915  ; 9.915  ; 9.915  ; 9.915  ;
; ivA[0]     ; ovX1[4]     ; 9.688  ; 9.688  ; 9.688  ; 9.688  ;
; ivA[0]     ; ovX1[5]     ; 9.685  ; 9.685  ; 9.685  ; 9.685  ;
; ivA[0]     ; ovX1[6]     ; 10.064 ; 10.064 ; 10.064 ; 10.064 ;
; ivA[0]     ; ovX2[0]     ; 9.882  ; 9.882  ; 9.882  ; 9.882  ;
; ivA[0]     ; ovX2[1]     ; 9.867  ; 9.867  ; 9.867  ; 9.867  ;
; ivA[0]     ; ovX2[2]     ; 10.364 ; 10.364 ; 10.364 ; 10.364 ;
; ivA[0]     ; ovX2[3]     ; 9.892  ; 9.892  ; 9.892  ; 9.892  ;
; ivA[0]     ; ovX2[4]     ; 9.907  ; 9.907  ; 9.907  ; 9.907  ;
; ivA[0]     ; ovX2[6]     ; 9.839  ; 9.839  ; 9.839  ; 9.839  ;
; ivA[1]     ; ovX0[0]     ; 9.537  ; 9.537  ; 9.537  ; 9.537  ;
; ivA[1]     ; ovX0[1]     ; 9.534  ; 9.534  ; 9.534  ; 9.534  ;
; ivA[1]     ; ovX0[2]     ; 9.527  ; 9.527  ; 9.527  ; 9.527  ;
; ivA[1]     ; ovX0[3]     ; 10.081 ; 10.081 ; 10.081 ; 10.081 ;
; ivA[1]     ; ovX0[4]     ; 9.857  ; 9.857  ; 9.857  ; 9.857  ;
; ivA[1]     ; ovX0[5]     ; 9.866  ; 9.866  ; 9.866  ; 9.866  ;
; ivA[1]     ; ovX0[6]     ; 9.828  ; 9.828  ; 9.828  ; 9.828  ;
; ivA[1]     ; ovX1[0]     ; 10.273 ; 10.273 ; 10.273 ; 10.273 ;
; ivA[1]     ; ovX1[1]     ; 10.275 ; 10.275 ; 10.275 ; 10.275 ;
; ivA[1]     ; ovX1[2]     ; 10.245 ; 10.245 ; 10.245 ; 10.245 ;
; ivA[1]     ; ovX1[3]     ; 10.234 ; 10.234 ; 10.234 ; 10.234 ;
; ivA[1]     ; ovX1[4]     ; 9.827  ; 9.827  ; 9.827  ; 9.827  ;
; ivA[1]     ; ovX1[5]     ; 9.830  ; 9.830  ; 9.830  ; 9.830  ;
; ivA[1]     ; ovX1[6]     ; 10.204 ; 10.204 ; 10.204 ; 10.204 ;
; ivA[1]     ; ovX2[0]     ; 9.292  ; 9.292  ; 9.292  ; 9.292  ;
; ivA[1]     ; ovX2[1]     ; 9.275  ; 9.275  ; 9.275  ; 9.275  ;
; ivA[1]     ; ovX2[2]     ; 9.717  ; 9.717  ; 9.717  ; 9.717  ;
; ivA[1]     ; ovX2[3]     ; 9.303  ; 9.303  ; 9.303  ; 9.303  ;
; ivA[1]     ; ovX2[4]     ; 9.317  ; 9.317  ; 9.317  ; 9.317  ;
; ivA[1]     ; ovX2[6]     ; 9.250  ; 9.250  ; 9.250  ; 9.250  ;
; ivA[2]     ; ovX0[0]     ; 10.715 ; 10.715 ; 10.715 ; 10.715 ;
; ivA[2]     ; ovX0[1]     ; 10.712 ; 10.712 ; 10.712 ; 10.712 ;
; ivA[2]     ; ovX0[2]     ; 10.705 ; 10.705 ; 10.705 ; 10.705 ;
; ivA[2]     ; ovX0[3]     ; 11.259 ; 11.259 ; 11.259 ; 11.259 ;
; ivA[2]     ; ovX0[4]     ; 11.035 ; 11.035 ; 11.035 ; 11.035 ;
; ivA[2]     ; ovX0[5]     ; 11.044 ; 11.044 ; 11.044 ; 11.044 ;
; ivA[2]     ; ovX0[6]     ; 11.006 ; 11.006 ; 11.006 ; 11.006 ;
; ivA[2]     ; ovX1[0]     ; 10.907 ; 10.907 ; 10.907 ; 10.907 ;
; ivA[2]     ; ovX1[1]     ; 10.904 ; 10.904 ; 10.904 ; 10.904 ;
; ivA[2]     ; ovX1[2]     ; 10.868 ; 10.868 ; 10.868 ; 10.868 ;
; ivA[2]     ; ovX1[3]     ; 10.857 ; 10.857 ; 10.857 ; 10.857 ;
; ivA[2]     ; ovX1[4]     ; 9.923  ; 9.923  ; 9.923  ; 9.923  ;
; ivA[2]     ; ovX1[5]     ; 9.926  ; 9.926  ; 9.926  ; 9.926  ;
; ivA[2]     ; ovX1[6]     ; 10.300 ; 10.300 ; 10.300 ; 10.300 ;
; ivA[2]     ; ovX2[0]     ; 9.294  ; 9.294  ; 9.294  ; 9.294  ;
; ivA[2]     ; ovX2[1]     ; 9.282  ; 9.282  ; 9.282  ; 9.282  ;
; ivA[2]     ; ovX2[2]     ; 9.813  ; 9.813  ; 9.813  ; 9.813  ;
; ivA[2]     ; ovX2[3]     ; 9.307  ; 9.307  ; 9.307  ; 9.307  ;
; ivA[2]     ; ovX2[4]     ; 9.318  ; 9.318  ; 9.318  ; 9.318  ;
; ivA[2]     ; ovX2[6]     ; 9.254  ; 9.254  ; 9.254  ; 9.254  ;
; ivA[3]     ; ovX0[0]     ; 11.109 ; 11.109 ; 11.109 ; 11.109 ;
; ivA[3]     ; ovX0[1]     ; 11.106 ; 11.106 ; 11.106 ; 11.106 ;
; ivA[3]     ; ovX0[2]     ; 11.099 ; 11.099 ; 11.099 ; 11.099 ;
; ivA[3]     ; ovX0[3]     ; 11.653 ; 11.653 ; 11.653 ; 11.653 ;
; ivA[3]     ; ovX0[4]     ; 11.429 ; 11.429 ; 11.429 ; 11.429 ;
; ivA[3]     ; ovX0[5]     ; 11.438 ; 11.438 ; 11.438 ; 11.438 ;
; ivA[3]     ; ovX0[6]     ; 11.400 ; 11.400 ; 11.400 ; 11.400 ;
; ivA[3]     ; ovX1[0]     ; 10.884 ; 10.884 ; 10.884 ; 10.884 ;
; ivA[3]     ; ovX1[1]     ; 10.881 ; 10.881 ; 10.881 ; 10.881 ;
; ivA[3]     ; ovX1[2]     ; 10.845 ; 10.845 ; 10.845 ; 10.845 ;
; ivA[3]     ; ovX1[3]     ; 10.834 ; 10.834 ; 10.834 ; 10.834 ;
; ivA[3]     ; ovX1[4]     ; 9.900  ; 9.900  ; 9.900  ; 9.900  ;
; ivA[3]     ; ovX1[5]     ; 9.903  ; 9.903  ; 9.903  ; 9.903  ;
; ivA[3]     ; ovX1[6]     ; 10.277 ; 10.277 ; 10.277 ; 10.277 ;
; ivA[3]     ; ovX2[0]     ; 9.271  ; 9.271  ; 9.271  ; 9.271  ;
; ivA[3]     ; ovX2[1]     ; 9.259  ; 9.259  ; 9.259  ; 9.259  ;
; ivA[3]     ; ovX2[2]     ; 9.790  ; 9.790  ; 9.790  ; 9.790  ;
; ivA[3]     ; ovX2[3]     ; 9.284  ; 9.284  ; 9.284  ; 9.284  ;
; ivA[3]     ; ovX2[4]     ; 9.295  ; 9.295  ; 9.295  ; 9.295  ;
; ivA[3]     ; ovX2[6]     ; 9.231  ; 9.231  ; 9.231  ; 9.231  ;
; ivB[0]     ; ovX0[0]     ; 8.117  ; 9.165  ; 9.165  ; 8.117  ;
; ivB[0]     ; ovX0[1]     ; 8.114  ; 9.162  ; 9.162  ; 8.114  ;
; ivB[0]     ; ovX0[2]     ; 8.110  ; 9.155  ; 9.155  ; 8.110  ;
; ivB[0]     ; ovX0[3]     ; 8.665  ; 8.665  ; 8.665  ; 8.665  ;
; ivB[0]     ; ovX0[4]     ; 9.485  ; 8.439  ; 8.439  ; 9.485  ;
; ivB[0]     ; ovX0[5]     ; 8.446  ; 8.446  ; 8.446  ; 8.446  ;
; ivB[0]     ; ovX0[6]     ; 8.412  ; 8.412  ; 8.412  ; 8.412  ;
; ivB[0]     ; ovX1[0]     ; 9.901  ; 9.901  ; 9.901  ; 9.901  ;
; ivB[0]     ; ovX1[1]     ; 9.903  ; 9.903  ; 9.903  ; 9.903  ;
; ivB[0]     ; ovX1[2]     ; 9.873  ; 9.873  ; 9.873  ; 9.873  ;
; ivB[0]     ; ovX1[3]     ; 9.862  ; 9.862  ; 9.862  ; 9.862  ;
; ivB[0]     ; ovX1[4]     ; 9.635  ; 9.635  ; 9.635  ; 9.635  ;
; ivB[0]     ; ovX1[5]     ; 9.632  ; 9.632  ; 9.632  ; 9.632  ;
; ivB[0]     ; ovX1[6]     ; 10.011 ; 10.011 ; 10.011 ; 10.011 ;
; ivB[0]     ; ovX2[0]     ; 10.845 ; 10.845 ; 10.845 ; 10.845 ;
; ivB[0]     ; ovX2[1]     ; 10.830 ; 10.830 ; 10.830 ; 10.830 ;
; ivB[0]     ; ovX2[2]     ; 11.140 ; 11.140 ; 11.140 ; 11.140 ;
; ivB[0]     ; ovX2[3]     ; 10.855 ; 10.855 ; 10.855 ; 10.855 ;
; ivB[0]     ; ovX2[4]     ; 10.870 ; 10.870 ; 10.870 ; 10.870 ;
; ivB[0]     ; ovX2[6]     ; 10.802 ; 10.802 ; 10.802 ; 10.802 ;
; ivB[1]     ; ovX0[0]     ; 8.527  ; 8.527  ; 8.527  ; 8.527  ;
; ivB[1]     ; ovX0[1]     ; 8.524  ; 8.524  ; 8.524  ; 8.524  ;
; ivB[1]     ; ovX0[2]     ; 8.517  ; 8.517  ; 8.517  ; 8.517  ;
; ivB[1]     ; ovX0[3]     ; 9.071  ; 9.071  ; 9.071  ; 9.071  ;
; ivB[1]     ; ovX0[4]     ; 8.847  ; 8.847  ; 8.847  ; 8.847  ;
; ivB[1]     ; ovX0[5]     ; 8.856  ; 8.856  ; 8.856  ; 8.856  ;
; ivB[1]     ; ovX0[6]     ; 8.818  ; 8.818  ; 8.818  ; 8.818  ;
; ivB[1]     ; ovX1[0]     ; 9.263  ; 9.263  ; 9.263  ; 9.263  ;
; ivB[1]     ; ovX1[1]     ; 9.265  ; 9.265  ; 9.265  ; 9.265  ;
; ivB[1]     ; ovX1[2]     ; 9.235  ; 9.235  ; 9.235  ; 9.235  ;
; ivB[1]     ; ovX1[3]     ; 9.224  ; 9.224  ; 9.224  ; 9.224  ;
; ivB[1]     ; ovX1[4]     ; 8.997  ; 8.997  ; 8.997  ; 8.997  ;
; ivB[1]     ; ovX1[5]     ; 8.994  ; 8.994  ; 8.994  ; 8.994  ;
; ivB[1]     ; ovX1[6]     ; 9.373  ; 9.373  ; 9.373  ; 9.373  ;
; ivB[1]     ; ovX2[0]     ; 10.189 ; 10.189 ; 10.189 ; 10.189 ;
; ivB[1]     ; ovX2[1]     ; 10.174 ; 10.174 ; 10.174 ; 10.174 ;
; ivB[1]     ; ovX2[2]     ; 10.511 ; 10.511 ; 10.511 ; 10.511 ;
; ivB[1]     ; ovX2[3]     ; 10.199 ; 10.199 ; 10.199 ; 10.199 ;
; ivB[1]     ; ovX2[4]     ; 10.214 ; 10.214 ; 10.214 ; 10.214 ;
; ivB[1]     ; ovX2[6]     ; 10.146 ; 10.146 ; 10.146 ; 10.146 ;
; ivB[2]     ; ovX0[0]     ; 9.023  ; 9.023  ; 9.023  ; 9.023  ;
; ivB[2]     ; ovX0[1]     ; 9.020  ; 9.020  ; 9.020  ; 9.020  ;
; ivB[2]     ; ovX0[2]     ; 9.013  ; 9.013  ; 9.013  ; 9.013  ;
; ivB[2]     ; ovX0[3]     ; 9.567  ; 9.567  ; 9.567  ; 9.567  ;
; ivB[2]     ; ovX0[4]     ; 9.343  ; 9.343  ; 9.343  ; 9.343  ;
; ivB[2]     ; ovX0[5]     ; 9.352  ; 9.352  ; 9.352  ; 9.352  ;
; ivB[2]     ; ovX0[6]     ; 9.314  ; 9.314  ; 9.314  ; 9.314  ;
; ivB[2]     ; ovX1[0]     ; 9.761  ; 9.761  ; 9.761  ; 9.761  ;
; ivB[2]     ; ovX1[1]     ; 9.763  ; 9.763  ; 9.763  ; 9.763  ;
; ivB[2]     ; ovX1[2]     ; 9.733  ; 9.733  ; 9.733  ; 9.733  ;
; ivB[2]     ; ovX1[3]     ; 9.722  ; 9.722  ; 9.722  ; 9.722  ;
; ivB[2]     ; ovX1[4]     ; 9.495  ; 9.495  ; 9.495  ; 9.495  ;
; ivB[2]     ; ovX1[5]     ; 9.492  ; 9.492  ; 9.492  ; 9.492  ;
; ivB[2]     ; ovX1[6]     ; 9.871  ; 9.871  ; 9.871  ; 9.871  ;
; ivB[2]     ; ovX2[0]     ; 9.122  ; 9.122  ; 9.122  ; 9.122  ;
; ivB[2]     ; ovX2[1]     ; 9.110  ; 9.110  ; 9.110  ; 9.110  ;
; ivB[2]     ; ovX2[2]     ; 9.466  ; 9.466  ; 9.466  ; 9.466  ;
; ivB[2]     ; ovX2[3]     ; 9.135  ; 9.135  ; 9.135  ; 9.135  ;
; ivB[2]     ; ovX2[4]     ; 9.146  ; 9.146  ; 9.146  ; 9.146  ;
; ivB[2]     ; ovX2[6]     ; 9.082  ; 9.082  ; 9.082  ; 9.082  ;
; ivB[3]     ; ovX0[0]     ; 8.941  ; 8.941  ; 8.941  ; 8.941  ;
; ivB[3]     ; ovX0[1]     ; 8.938  ; 8.938  ; 8.938  ; 8.938  ;
; ivB[3]     ; ovX0[2]     ; 8.931  ; 8.931  ; 8.931  ; 8.931  ;
; ivB[3]     ; ovX0[3]     ; 9.485  ; 9.485  ; 9.485  ; 9.485  ;
; ivB[3]     ; ovX0[4]     ; 9.261  ; 9.261  ; 9.261  ; 9.261  ;
; ivB[3]     ; ovX0[5]     ; 9.270  ; 9.270  ; 9.270  ; 9.270  ;
; ivB[3]     ; ovX0[6]     ; 9.232  ; 9.232  ; 9.232  ; 9.232  ;
; ivB[3]     ; ovX1[0]     ; 9.451  ; 9.451  ; 9.451  ; 9.451  ;
; ivB[3]     ; ovX1[1]     ; 9.448  ; 9.448  ; 9.448  ; 9.448  ;
; ivB[3]     ; ovX1[2]     ; 9.412  ; 9.412  ; 9.412  ; 9.412  ;
; ivB[3]     ; ovX1[3]     ; 9.401  ; 9.401  ; 9.401  ; 9.401  ;
; ivB[3]     ; ovX1[4]     ; 8.467  ; 8.467  ; 8.467  ; 8.467  ;
; ivB[3]     ; ovX1[5]     ; 8.470  ; 8.470  ; 8.470  ; 8.470  ;
; ivB[3]     ; ovX1[6]     ; 8.844  ; 8.844  ; 8.844  ; 8.844  ;
; ivB[3]     ; ovX2[0]     ; 7.838  ; 7.838  ; 7.838  ; 7.838  ;
; ivB[3]     ; ovX2[1]     ; 7.826  ; 7.826  ; 7.826  ; 7.826  ;
; ivB[3]     ; ovX2[2]     ; 8.357  ; 8.357  ; 8.357  ; 8.357  ;
; ivB[3]     ; ovX2[3]     ; 7.851  ; 7.851  ; 7.851  ; 7.851  ;
; ivB[3]     ; ovX2[4]     ; 7.862  ; 7.862  ; 7.862  ; 7.862  ;
; ivB[3]     ; ovX2[6]     ; 7.798  ; 7.798  ; 7.798  ; 7.798  ;
+------------+-------------+--------+--------+--------+--------+


----------------------------
; Fast Model Setup Summary ;
----------------------------
No paths to report.


---------------------------
; Fast Model Hold Summary ;
---------------------------
No paths to report.


-------------------------------
; Fast Model Recovery Summary ;
-------------------------------
No paths to report.


------------------------------
; Fast Model Removal Summary ;
------------------------------
No paths to report.


------------------------------------------
; Fast Model Minimum Pulse Width Summary ;
------------------------------------------
No paths to report.


+----------------------------------------------------------+
; Propagation Delay                                        ;
+------------+-------------+-------+-------+-------+-------+
; Input Port ; Output Port ; RR    ; RF    ; FR    ; FF    ;
+------------+-------------+-------+-------+-------+-------+
; ivA[0]     ; ovX0[0]     ; 7.369 ; 7.369 ; 7.369 ; 7.369 ;
; ivA[0]     ; ovX0[1]     ; 7.369 ; 7.369 ; 7.369 ; 7.369 ;
; ivA[0]     ; ovX0[2]     ; 7.367 ; 7.367 ; 7.367 ; 7.367 ;
; ivA[0]     ; ovX0[3]     ; 7.552 ; 7.552 ; 7.552 ; 7.552 ;
; ivA[0]     ; ovX0[4]     ; 7.480 ; 7.480 ; 7.480 ; 7.480 ;
; ivA[0]     ; ovX0[5]     ; 7.491 ; 7.491 ; 7.491 ; 7.491 ;
; ivA[0]     ; ovX0[6]     ; 7.453 ; 7.453 ; 7.453 ; 7.453 ;
; ivA[0]     ; ovX1[0]     ; 8.064 ; 8.064 ; 8.064 ; 8.064 ;
; ivA[0]     ; ovX1[1]     ; 8.063 ; 8.063 ; 8.063 ; 8.063 ;
; ivA[0]     ; ovX1[2]     ; 8.037 ; 8.037 ; 8.037 ; 8.037 ;
; ivA[0]     ; ovX1[3]     ; 8.026 ; 8.026 ; 8.026 ; 8.026 ;
; ivA[0]     ; ovX1[4]     ; 7.756 ; 7.756 ; 7.756 ; 7.756 ;
; ivA[0]     ; ovX1[5]     ; 7.753 ; 7.753 ; 7.753 ; 7.753 ;
; ivA[0]     ; ovX1[6]     ; 7.914 ; 7.914 ; 7.914 ; 7.914 ;
; ivA[0]     ; ovX2[0]     ; 6.875 ; 6.875 ; 6.875 ; 6.875 ;
; ivA[0]     ; ovX2[1]     ; 7.587 ; 7.587 ; 7.587 ; 7.587 ;
; ivA[0]     ; ovX2[2]     ; 7.312 ; 7.312 ; 7.312 ; 7.312 ;
; ivA[0]     ; ovX2[3]     ; 7.617 ; 7.617 ; 7.617 ; 7.617 ;
; ivA[0]     ; ovX2[4]     ; 7.625 ; 7.625 ; 7.625 ; 7.625 ;
; ivA[0]     ; ovX2[6]     ; 7.565 ; 7.565 ; 7.565 ; 7.565 ;
; ivA[1]     ; ovX0[0]     ; 7.072 ; 7.072 ; 7.072 ; 7.072 ;
; ivA[1]     ; ovX0[1]     ; 7.072 ; 7.072 ; 7.072 ; 7.072 ;
; ivA[1]     ; ovX0[2]     ; 7.070 ; 7.070 ; 7.070 ; 7.070 ;
; ivA[1]     ; ovX0[3]     ; 7.255 ; 7.255 ; 7.255 ; 7.255 ;
; ivA[1]     ; ovX0[4]     ; 7.183 ; 7.183 ; 7.183 ; 7.183 ;
; ivA[1]     ; ovX0[5]     ; 7.194 ; 7.194 ; 7.194 ; 7.194 ;
; ivA[1]     ; ovX0[6]     ; 7.156 ; 7.156 ; 7.156 ; 7.156 ;
; ivA[1]     ; ovX1[0]     ; 7.767 ; 7.767 ; 7.767 ; 7.767 ;
; ivA[1]     ; ovX1[1]     ; 7.766 ; 7.766 ; 7.766 ; 7.766 ;
; ivA[1]     ; ovX1[2]     ; 7.740 ; 7.740 ; 7.740 ; 7.740 ;
; ivA[1]     ; ovX1[3]     ; 7.729 ; 7.729 ; 7.729 ; 7.729 ;
; ivA[1]     ; ovX1[4]     ; 7.459 ; 7.459 ; 7.459 ; 7.459 ;
; ivA[1]     ; ovX1[5]     ; 7.456 ; 7.456 ; 7.456 ; 7.456 ;
; ivA[1]     ; ovX1[6]     ; 7.617 ; 7.617 ; 7.617 ; 7.617 ;
; ivA[1]     ; ovX2[0]     ; 6.578 ; 6.578 ; 6.578 ; 6.578 ;
; ivA[1]     ; ovX2[1]     ; 7.290 ; 7.290 ; 7.290 ; 7.290 ;
; ivA[1]     ; ovX2[2]     ; 7.015 ; 7.015 ; 7.015 ; 7.015 ;
; ivA[1]     ; ovX2[3]     ; 7.320 ; 7.320 ; 7.320 ; 7.320 ;
; ivA[1]     ; ovX2[4]     ; 7.328 ; 7.328 ; 7.328 ; 7.328 ;
; ivA[1]     ; ovX2[6]     ; 7.268 ; 7.268 ; 7.268 ; 7.268 ;
; ivA[2]     ; ovX0[0]     ; 7.238 ; 7.238 ; 7.238 ; 7.238 ;
; ivA[2]     ; ovX0[1]     ; 7.238 ; 7.238 ; 7.238 ; 7.238 ;
; ivA[2]     ; ovX0[2]     ; 7.236 ; 7.236 ; 7.236 ; 7.236 ;
; ivA[2]     ; ovX0[3]     ; 7.421 ; 7.421 ; 7.421 ; 7.421 ;
; ivA[2]     ; ovX0[4]     ; 7.349 ; 7.349 ; 7.349 ; 7.349 ;
; ivA[2]     ; ovX0[5]     ; 7.360 ; 7.360 ; 7.360 ; 7.360 ;
; ivA[2]     ; ovX0[6]     ; 7.322 ; 7.322 ; 7.322 ; 7.322 ;
; ivA[2]     ; ovX1[0]     ; 7.933 ; 7.933 ; 7.933 ; 7.933 ;
; ivA[2]     ; ovX1[1]     ; 7.932 ; 7.932 ; 7.932 ; 7.932 ;
; ivA[2]     ; ovX1[2]     ; 7.906 ; 7.906 ; 7.906 ; 7.906 ;
; ivA[2]     ; ovX1[3]     ; 7.895 ; 7.895 ; 7.895 ; 7.895 ;
; ivA[2]     ; ovX1[4]     ; 7.625 ; 7.625 ; 7.625 ; 7.625 ;
; ivA[2]     ; ovX1[5]     ; 7.622 ; 7.622 ; 7.622 ; 7.622 ;
; ivA[2]     ; ovX1[6]     ; 7.783 ; 7.783 ; 7.783 ; 7.783 ;
; ivA[2]     ; ovX2[0]     ; 6.744 ; 6.744 ; 6.744 ; 6.744 ;
; ivA[2]     ; ovX2[1]     ; 7.456 ; 7.456 ; 7.456 ; 7.456 ;
; ivA[2]     ; ovX2[2]     ; 7.181 ; 7.181 ; 7.181 ; 7.181 ;
; ivA[2]     ; ovX2[3]     ; 7.486 ; 7.486 ; 7.486 ; 7.486 ;
; ivA[2]     ; ovX2[4]     ; 7.494 ; 7.494 ; 7.494 ; 7.494 ;
; ivA[2]     ; ovX2[6]     ; 7.434 ; 7.434 ; 7.434 ; 7.434 ;
; ivA[3]     ; ovX0[0]     ; 6.936 ; 6.936 ; 6.936 ; 6.936 ;
; ivA[3]     ; ovX0[1]     ; 6.936 ; 6.936 ; 6.936 ; 6.936 ;
; ivA[3]     ; ovX0[2]     ; 6.934 ; 6.934 ; 6.934 ; 6.934 ;
; ivA[3]     ; ovX0[3]     ; 7.119 ; 7.119 ; 7.119 ; 7.119 ;
; ivA[3]     ; ovX0[4]     ; 7.047 ; 7.047 ; 7.047 ; 7.047 ;
; ivA[3]     ; ovX0[5]     ; 7.058 ; 7.058 ; 7.058 ; 7.058 ;
; ivA[3]     ; ovX0[6]     ; 7.020 ; 7.020 ; 7.020 ; 7.020 ;
; ivA[3]     ; ovX1[0]     ; 7.631 ; 7.631 ; 7.631 ; 7.631 ;
; ivA[3]     ; ovX1[1]     ; 7.630 ; 7.630 ; 7.630 ; 7.630 ;
; ivA[3]     ; ovX1[2]     ; 7.604 ; 7.604 ; 7.604 ; 7.604 ;
; ivA[3]     ; ovX1[3]     ; 7.593 ; 7.593 ; 7.593 ; 7.593 ;
; ivA[3]     ; ovX1[4]     ; 7.323 ; 7.323 ; 7.323 ; 7.323 ;
; ivA[3]     ; ovX1[5]     ; 7.320 ; 7.320 ; 7.320 ; 7.320 ;
; ivA[3]     ; ovX1[6]     ; 7.481 ; 7.481 ; 7.481 ; 7.481 ;
; ivA[3]     ; ovX2[0]     ; 6.442 ; 6.442 ; 6.442 ; 6.442 ;
; ivA[3]     ; ovX2[1]     ; 7.154 ; 7.154 ; 7.154 ; 7.154 ;
; ivA[3]     ; ovX2[2]     ; 6.879 ; 6.879 ; 6.879 ; 6.879 ;
; ivA[3]     ; ovX2[3]     ; 7.184 ; 7.184 ; 7.184 ; 7.184 ;
; ivA[3]     ; ovX2[4]     ; 7.192 ; 7.192 ; 7.192 ; 7.192 ;
; ivA[3]     ; ovX2[6]     ; 7.132 ; 7.132 ; 7.132 ; 7.132 ;
; ivB[0]     ; ovX0[0]     ; 6.995 ; 6.995 ; 6.995 ; 6.995 ;
; ivB[0]     ; ovX0[1]     ; 6.995 ; 6.995 ; 6.995 ; 6.995 ;
; ivB[0]     ; ovX0[2]     ; 6.993 ; 6.993 ; 6.993 ; 6.993 ;
; ivB[0]     ; ovX0[3]     ; 7.178 ; 7.178 ; 7.178 ; 7.178 ;
; ivB[0]     ; ovX0[4]     ; 7.106 ; 7.106 ; 7.106 ; 7.106 ;
; ivB[0]     ; ovX0[5]     ; 7.117 ; 7.117 ; 7.117 ; 7.117 ;
; ivB[0]     ; ovX0[6]     ; 7.079 ; 7.079 ; 7.079 ; 7.079 ;
; ivB[0]     ; ovX1[0]     ; 7.690 ; 7.690 ; 7.690 ; 7.690 ;
; ivB[0]     ; ovX1[1]     ; 7.689 ; 7.689 ; 7.689 ; 7.689 ;
; ivB[0]     ; ovX1[2]     ; 7.663 ; 7.663 ; 7.663 ; 7.663 ;
; ivB[0]     ; ovX1[3]     ; 7.652 ; 7.652 ; 7.652 ; 7.652 ;
; ivB[0]     ; ovX1[4]     ; 7.382 ; 7.382 ; 7.382 ; 7.382 ;
; ivB[0]     ; ovX1[5]     ; 7.379 ; 7.379 ; 7.379 ; 7.379 ;
; ivB[0]     ; ovX1[6]     ; 7.540 ; 7.540 ; 7.540 ; 7.540 ;
; ivB[0]     ; ovX2[0]     ; 6.501 ; 6.501 ; 6.501 ; 6.501 ;
; ivB[0]     ; ovX2[1]     ; 7.213 ; 7.213 ; 7.213 ; 7.213 ;
; ivB[0]     ; ovX2[2]     ; 6.938 ; 6.938 ; 6.938 ; 6.938 ;
; ivB[0]     ; ovX2[3]     ; 7.243 ; 7.243 ; 7.243 ; 7.243 ;
; ivB[0]     ; ovX2[4]     ; 7.251 ; 7.251 ; 7.251 ; 7.251 ;
; ivB[0]     ; ovX2[6]     ; 7.191 ; 7.191 ; 7.191 ; 7.191 ;
; ivB[1]     ; ovX0[0]     ; 6.670 ; 6.670 ; 6.670 ; 6.670 ;
; ivB[1]     ; ovX0[1]     ; 6.670 ; 6.670 ; 6.670 ; 6.670 ;
; ivB[1]     ; ovX0[2]     ; 6.668 ; 6.668 ; 6.668 ; 6.668 ;
; ivB[1]     ; ovX0[3]     ; 6.853 ; 6.853 ; 6.853 ; 6.853 ;
; ivB[1]     ; ovX0[4]     ; 6.781 ; 6.781 ; 6.781 ; 6.781 ;
; ivB[1]     ; ovX0[5]     ; 6.792 ; 6.792 ; 6.792 ; 6.792 ;
; ivB[1]     ; ovX0[6]     ; 6.754 ; 6.754 ; 6.754 ; 6.754 ;
; ivB[1]     ; ovX1[0]     ; 7.365 ; 7.365 ; 7.365 ; 7.365 ;
; ivB[1]     ; ovX1[1]     ; 7.364 ; 7.364 ; 7.364 ; 7.364 ;
; ivB[1]     ; ovX1[2]     ; 7.338 ; 7.338 ; 7.338 ; 7.338 ;
; ivB[1]     ; ovX1[3]     ; 7.327 ; 7.327 ; 7.327 ; 7.327 ;
; ivB[1]     ; ovX1[4]     ; 7.057 ; 7.057 ; 7.057 ; 7.057 ;
; ivB[1]     ; ovX1[5]     ; 7.054 ; 7.054 ; 7.054 ; 7.054 ;
; ivB[1]     ; ovX1[6]     ; 7.215 ; 7.215 ; 7.215 ; 7.215 ;
; ivB[1]     ; ovX2[0]     ; 6.176 ; 6.176 ; 6.176 ; 6.176 ;
; ivB[1]     ; ovX2[1]     ; 6.888 ; 6.888 ; 6.888 ; 6.888 ;
; ivB[1]     ; ovX2[2]     ; 6.613 ; 6.613 ; 6.613 ; 6.613 ;
; ivB[1]     ; ovX2[3]     ; 6.918 ; 6.918 ; 6.918 ; 6.918 ;
; ivB[1]     ; ovX2[4]     ; 6.926 ; 6.926 ; 6.926 ; 6.926 ;
; ivB[1]     ; ovX2[6]     ; 6.866 ; 6.866 ; 6.866 ; 6.866 ;
; ivB[2]     ; ovX0[0]     ; 6.393 ; 6.393 ; 6.393 ; 6.393 ;
; ivB[2]     ; ovX0[1]     ; 6.393 ; 6.393 ; 6.393 ; 6.393 ;
; ivB[2]     ; ovX0[2]     ; 6.391 ; 6.391 ; 6.391 ; 6.391 ;
; ivB[2]     ; ovX0[3]     ; 6.576 ; 6.576 ; 6.576 ; 6.576 ;
; ivB[2]     ; ovX0[4]     ; 6.504 ; 6.504 ; 6.504 ; 6.504 ;
; ivB[2]     ; ovX0[5]     ; 6.515 ; 6.515 ; 6.515 ; 6.515 ;
; ivB[2]     ; ovX0[6]     ; 6.477 ; 6.477 ; 6.477 ; 6.477 ;
; ivB[2]     ; ovX1[0]     ; 7.088 ; 7.088 ; 7.088 ; 7.088 ;
; ivB[2]     ; ovX1[1]     ; 7.087 ; 7.087 ; 7.087 ; 7.087 ;
; ivB[2]     ; ovX1[2]     ; 7.061 ; 7.061 ; 7.061 ; 7.061 ;
; ivB[2]     ; ovX1[3]     ; 7.050 ; 7.050 ; 7.050 ; 7.050 ;
; ivB[2]     ; ovX1[4]     ; 6.780 ; 6.780 ; 6.780 ; 6.780 ;
; ivB[2]     ; ovX1[5]     ; 6.777 ; 6.777 ; 6.777 ; 6.777 ;
; ivB[2]     ; ovX1[6]     ; 6.938 ; 6.938 ; 6.938 ; 6.938 ;
; ivB[2]     ; ovX2[0]     ; 5.899 ; 5.899 ; 5.899 ; 5.899 ;
; ivB[2]     ; ovX2[1]     ; 6.611 ; 6.611 ; 6.611 ; 6.611 ;
; ivB[2]     ; ovX2[2]     ; 6.336 ; 6.336 ; 6.336 ; 6.336 ;
; ivB[2]     ; ovX2[3]     ; 6.641 ; 6.641 ; 6.641 ; 6.641 ;
; ivB[2]     ; ovX2[4]     ; 6.649 ; 6.649 ; 6.649 ; 6.649 ;
; ivB[2]     ; ovX2[6]     ; 6.589 ; 6.589 ; 6.589 ; 6.589 ;
; ivB[3]     ; ovX0[0]     ; 5.742 ; 5.742 ; 5.742 ; 5.742 ;
; ivB[3]     ; ovX0[1]     ; 5.742 ; 5.742 ; 5.742 ; 5.742 ;
; ivB[3]     ; ovX0[2]     ; 5.740 ; 5.740 ; 5.740 ; 5.740 ;
; ivB[3]     ; ovX0[3]     ; 5.925 ; 5.925 ; 5.925 ; 5.925 ;
; ivB[3]     ; ovX0[4]     ; 5.853 ; 5.853 ; 5.853 ; 5.853 ;
; ivB[3]     ; ovX0[5]     ; 5.864 ; 5.864 ; 5.864 ; 5.864 ;
; ivB[3]     ; ovX0[6]     ; 5.826 ; 5.826 ; 5.826 ; 5.826 ;
; ivB[3]     ; ovX1[0]     ; 6.437 ; 6.437 ; 6.437 ; 6.437 ;
; ivB[3]     ; ovX1[1]     ; 6.436 ; 6.436 ; 6.436 ; 6.436 ;
; ivB[3]     ; ovX1[2]     ; 6.410 ; 6.410 ; 6.410 ; 6.410 ;
; ivB[3]     ; ovX1[3]     ; 6.399 ; 6.399 ; 6.399 ; 6.399 ;
; ivB[3]     ; ovX1[4]     ; 6.129 ; 6.129 ; 6.129 ; 6.129 ;
; ivB[3]     ; ovX1[5]     ; 6.126 ; 6.126 ; 6.126 ; 6.126 ;
; ivB[3]     ; ovX1[6]     ; 6.287 ; 6.287 ; 6.287 ; 6.287 ;
; ivB[3]     ; ovX2[0]     ; 5.248 ; 5.248 ; 5.248 ; 5.248 ;
; ivB[3]     ; ovX2[1]     ; 5.960 ; 5.960 ; 5.960 ; 5.960 ;
; ivB[3]     ; ovX2[2]     ; 5.685 ; 5.685 ; 5.685 ; 5.685 ;
; ivB[3]     ; ovX2[3]     ; 5.990 ; 5.990 ; 5.990 ; 5.990 ;
; ivB[3]     ; ovX2[4]     ; 5.998 ; 5.998 ; 5.998 ; 5.998 ;
; ivB[3]     ; ovX2[6]     ; 5.938 ; 5.938 ; 5.938 ; 5.938 ;
+------------+-------------+-------+-------+-------+-------+


+----------------------------------------------------------+
; Minimum Propagation Delay                                ;
+------------+-------------+-------+-------+-------+-------+
; Input Port ; Output Port ; RR    ; RF    ; FR    ; FF    ;
+------------+-------------+-------+-------+-------+-------+
; ivA[0]     ; ovX0[0]     ; 3.730 ; 4.102 ; 4.102 ; 3.730 ;
; ivA[0]     ; ovX0[1]     ; 3.729 ; 4.102 ; 4.102 ; 3.729 ;
; ivA[0]     ; ovX0[2]     ; 3.725 ; 4.100 ; 4.100 ; 3.725 ;
; ivA[0]     ; ovX0[3]     ; 3.916 ; 3.916 ; 3.916 ; 3.916 ;
; ivA[0]     ; ovX0[4]     ; 4.216 ; 3.842 ; 3.842 ; 4.216 ;
; ivA[0]     ; ovX0[5]     ; 3.850 ; 3.850 ; 3.850 ; 3.850 ;
; ivA[0]     ; ovX0[6]     ; 3.817 ; 3.817 ; 3.817 ; 3.817 ;
; ivA[0]     ; ovX1[0]     ; 4.362 ; 4.362 ; 4.362 ; 4.362 ;
; ivA[0]     ; ovX1[1]     ; 4.360 ; 4.360 ; 4.360 ; 4.360 ;
; ivA[0]     ; ovX1[2]     ; 4.328 ; 4.328 ; 4.328 ; 4.328 ;
; ivA[0]     ; ovX1[3]     ; 4.317 ; 4.317 ; 4.317 ; 4.317 ;
; ivA[0]     ; ovX1[4]     ; 4.236 ; 4.236 ; 4.236 ; 4.236 ;
; ivA[0]     ; ovX1[5]     ; 4.233 ; 4.233 ; 4.233 ; 4.233 ;
; ivA[0]     ; ovX1[6]     ; 4.400 ; 4.400 ; 4.400 ; 4.400 ;
; ivA[0]     ; ovX2[0]     ; 4.334 ; 4.334 ; 4.334 ; 4.334 ;
; ivA[0]     ; ovX2[1]     ; 4.321 ; 4.321 ; 4.321 ; 4.321 ;
; ivA[0]     ; ovX2[2]     ; 4.508 ; 4.508 ; 4.508 ; 4.508 ;
; ivA[0]     ; ovX2[3]     ; 4.346 ; 4.346 ; 4.346 ; 4.346 ;
; ivA[0]     ; ovX2[4]     ; 4.354 ; 4.354 ; 4.354 ; 4.354 ;
; ivA[0]     ; ovX2[6]     ; 4.294 ; 4.294 ; 4.294 ; 4.294 ;
; ivA[1]     ; ovX0[0]     ; 4.185 ; 4.185 ; 4.185 ; 4.185 ;
; ivA[1]     ; ovX0[1]     ; 4.185 ; 4.185 ; 4.185 ; 4.185 ;
; ivA[1]     ; ovX0[2]     ; 4.183 ; 4.183 ; 4.183 ; 4.183 ;
; ivA[1]     ; ovX0[3]     ; 4.367 ; 4.367 ; 4.367 ; 4.367 ;
; ivA[1]     ; ovX0[4]     ; 4.299 ; 4.299 ; 4.299 ; 4.299 ;
; ivA[1]     ; ovX0[5]     ; 4.307 ; 4.307 ; 4.307 ; 4.307 ;
; ivA[1]     ; ovX0[6]     ; 4.268 ; 4.268 ; 4.268 ; 4.268 ;
; ivA[1]     ; ovX1[0]     ; 4.445 ; 4.445 ; 4.445 ; 4.445 ;
; ivA[1]     ; ovX1[1]     ; 4.443 ; 4.443 ; 4.443 ; 4.443 ;
; ivA[1]     ; ovX1[2]     ; 4.411 ; 4.411 ; 4.411 ; 4.411 ;
; ivA[1]     ; ovX1[3]     ; 4.400 ; 4.400 ; 4.400 ; 4.400 ;
; ivA[1]     ; ovX1[4]     ; 4.304 ; 4.304 ; 4.304 ; 4.304 ;
; ivA[1]     ; ovX1[5]     ; 4.308 ; 4.308 ; 4.308 ; 4.308 ;
; ivA[1]     ; ovX1[6]     ; 4.469 ; 4.469 ; 4.469 ; 4.469 ;
; ivA[1]     ; ovX2[0]     ; 4.112 ; 4.112 ; 4.112 ; 4.112 ;
; ivA[1]     ; ovX2[1]     ; 4.090 ; 4.090 ; 4.090 ; 4.090 ;
; ivA[1]     ; ovX2[2]     ; 4.295 ; 4.295 ; 4.295 ; 4.295 ;
; ivA[1]     ; ovX2[3]     ; 4.116 ; 4.116 ; 4.116 ; 4.116 ;
; ivA[1]     ; ovX2[4]     ; 4.132 ; 4.132 ; 4.132 ; 4.132 ;
; ivA[1]     ; ovX2[6]     ; 4.064 ; 4.064 ; 4.064 ; 4.064 ;
; ivA[2]     ; ovX0[0]     ; 4.647 ; 4.647 ; 4.647 ; 4.647 ;
; ivA[2]     ; ovX0[1]     ; 4.647 ; 4.647 ; 4.647 ; 4.647 ;
; ivA[2]     ; ovX0[2]     ; 4.645 ; 4.645 ; 4.645 ; 4.645 ;
; ivA[2]     ; ovX0[3]     ; 4.829 ; 4.829 ; 4.829 ; 4.829 ;
; ivA[2]     ; ovX0[4]     ; 4.761 ; 4.761 ; 4.761 ; 4.761 ;
; ivA[2]     ; ovX0[5]     ; 4.769 ; 4.769 ; 4.769 ; 4.769 ;
; ivA[2]     ; ovX0[6]     ; 4.730 ; 4.730 ; 4.730 ; 4.730 ;
; ivA[2]     ; ovX1[0]     ; 4.769 ; 4.769 ; 4.769 ; 4.769 ;
; ivA[2]     ; ovX1[1]     ; 4.766 ; 4.766 ; 4.766 ; 4.766 ;
; ivA[2]     ; ovX1[2]     ; 4.729 ; 4.729 ; 4.729 ; 4.729 ;
; ivA[2]     ; ovX1[3]     ; 4.718 ; 4.718 ; 4.718 ; 4.718 ;
; ivA[2]     ; ovX1[4]     ; 4.367 ; 4.367 ; 4.367 ; 4.367 ;
; ivA[2]     ; ovX1[5]     ; 4.371 ; 4.371 ; 4.371 ; 4.371 ;
; ivA[2]     ; ovX1[6]     ; 4.532 ; 4.532 ; 4.532 ; 4.532 ;
; ivA[2]     ; ovX2[0]     ; 4.170 ; 4.170 ; 4.170 ; 4.170 ;
; ivA[2]     ; ovX2[1]     ; 4.132 ; 4.132 ; 4.132 ; 4.132 ;
; ivA[2]     ; ovX2[2]     ; 4.358 ; 4.358 ; 4.358 ; 4.358 ;
; ivA[2]     ; ovX2[3]     ; 4.157 ; 4.157 ; 4.157 ; 4.157 ;
; ivA[2]     ; ovX2[4]     ; 4.190 ; 4.190 ; 4.190 ; 4.190 ;
; ivA[2]     ; ovX2[6]     ; 4.105 ; 4.105 ; 4.105 ; 4.105 ;
; ivA[3]     ; ovX0[0]     ; 4.854 ; 4.854 ; 4.854 ; 4.854 ;
; ivA[3]     ; ovX0[1]     ; 4.854 ; 4.854 ; 4.854 ; 4.854 ;
; ivA[3]     ; ovX0[2]     ; 4.852 ; 4.852 ; 4.852 ; 4.852 ;
; ivA[3]     ; ovX0[3]     ; 5.036 ; 5.036 ; 5.036 ; 5.036 ;
; ivA[3]     ; ovX0[4]     ; 4.968 ; 4.968 ; 4.968 ; 4.968 ;
; ivA[3]     ; ovX0[5]     ; 4.976 ; 4.976 ; 4.976 ; 4.976 ;
; ivA[3]     ; ovX0[6]     ; 4.937 ; 4.937 ; 4.937 ; 4.937 ;
; ivA[3]     ; ovX1[0]     ; 4.815 ; 4.815 ; 4.815 ; 4.815 ;
; ivA[3]     ; ovX1[1]     ; 4.812 ; 4.812 ; 4.812 ; 4.812 ;
; ivA[3]     ; ovX1[2]     ; 4.775 ; 4.775 ; 4.775 ; 4.775 ;
; ivA[3]     ; ovX1[3]     ; 4.764 ; 4.764 ; 4.764 ; 4.764 ;
; ivA[3]     ; ovX1[4]     ; 4.413 ; 4.413 ; 4.413 ; 4.413 ;
; ivA[3]     ; ovX1[5]     ; 4.417 ; 4.417 ; 4.417 ; 4.417 ;
; ivA[3]     ; ovX1[6]     ; 4.578 ; 4.578 ; 4.578 ; 4.578 ;
; ivA[3]     ; ovX2[0]     ; 4.216 ; 4.216 ; 4.216 ; 4.216 ;
; ivA[3]     ; ovX2[1]     ; 4.178 ; 4.178 ; 4.178 ; 4.178 ;
; ivA[3]     ; ovX2[2]     ; 4.404 ; 4.404 ; 4.404 ; 4.404 ;
; ivA[3]     ; ovX2[3]     ; 4.203 ; 4.203 ; 4.203 ; 4.203 ;
; ivA[3]     ; ovX2[4]     ; 4.236 ; 4.236 ; 4.236 ; 4.236 ;
; ivA[3]     ; ovX2[6]     ; 4.151 ; 4.151 ; 4.151 ; 4.151 ;
; ivB[0]     ; ovX0[0]     ; 3.743 ; 4.090 ; 4.090 ; 3.743 ;
; ivB[0]     ; ovX0[1]     ; 3.742 ; 4.090 ; 4.090 ; 3.742 ;
; ivB[0]     ; ovX0[2]     ; 3.738 ; 4.088 ; 4.088 ; 3.738 ;
; ivB[0]     ; ovX0[3]     ; 3.929 ; 3.929 ; 3.929 ; 3.929 ;
; ivB[0]     ; ovX0[4]     ; 4.204 ; 3.855 ; 3.855 ; 4.204 ;
; ivB[0]     ; ovX0[5]     ; 3.863 ; 3.863 ; 3.863 ; 3.863 ;
; ivB[0]     ; ovX0[6]     ; 3.830 ; 3.830 ; 3.830 ; 3.830 ;
; ivB[0]     ; ovX1[0]     ; 4.350 ; 4.350 ; 4.350 ; 4.350 ;
; ivB[0]     ; ovX1[1]     ; 4.348 ; 4.348 ; 4.348 ; 4.348 ;
; ivB[0]     ; ovX1[2]     ; 4.316 ; 4.316 ; 4.316 ; 4.316 ;
; ivB[0]     ; ovX1[3]     ; 4.305 ; 4.305 ; 4.305 ; 4.305 ;
; ivB[0]     ; ovX1[4]     ; 4.224 ; 4.224 ; 4.224 ; 4.224 ;
; ivB[0]     ; ovX1[5]     ; 4.221 ; 4.221 ; 4.221 ; 4.221 ;
; ivB[0]     ; ovX1[6]     ; 4.388 ; 4.388 ; 4.388 ; 4.388 ;
; ivB[0]     ; ovX2[0]     ; 4.724 ; 4.724 ; 4.724 ; 4.724 ;
; ivB[0]     ; ovX2[1]     ; 4.711 ; 4.711 ; 4.711 ; 4.711 ;
; ivB[0]     ; ovX2[2]     ; 4.785 ; 4.785 ; 4.785 ; 4.785 ;
; ivB[0]     ; ovX2[3]     ; 4.736 ; 4.736 ; 4.736 ; 4.736 ;
; ivB[0]     ; ovX2[4]     ; 4.744 ; 4.744 ; 4.744 ; 4.744 ;
; ivB[0]     ; ovX2[6]     ; 4.684 ; 4.684 ; 4.684 ; 4.684 ;
; ivB[1]     ; ovX0[0]     ; 3.789 ; 3.789 ; 3.789 ; 3.789 ;
; ivB[1]     ; ovX0[1]     ; 3.789 ; 3.789 ; 3.789 ; 3.789 ;
; ivB[1]     ; ovX0[2]     ; 3.787 ; 3.787 ; 3.787 ; 3.787 ;
; ivB[1]     ; ovX0[3]     ; 3.971 ; 3.971 ; 3.971 ; 3.971 ;
; ivB[1]     ; ovX0[4]     ; 3.903 ; 3.903 ; 3.903 ; 3.903 ;
; ivB[1]     ; ovX0[5]     ; 3.911 ; 3.911 ; 3.911 ; 3.911 ;
; ivB[1]     ; ovX0[6]     ; 3.872 ; 3.872 ; 3.872 ; 3.872 ;
; ivB[1]     ; ovX1[0]     ; 4.049 ; 4.049 ; 4.049 ; 4.049 ;
; ivB[1]     ; ovX1[1]     ; 4.047 ; 4.047 ; 4.047 ; 4.047 ;
; ivB[1]     ; ovX1[2]     ; 4.015 ; 4.015 ; 4.015 ; 4.015 ;
; ivB[1]     ; ovX1[3]     ; 4.004 ; 4.004 ; 4.004 ; 4.004 ;
; ivB[1]     ; ovX1[4]     ; 3.923 ; 3.923 ; 3.923 ; 3.923 ;
; ivB[1]     ; ovX1[5]     ; 3.920 ; 3.920 ; 3.920 ; 3.920 ;
; ivB[1]     ; ovX1[6]     ; 4.087 ; 4.087 ; 4.087 ; 4.087 ;
; ivB[1]     ; ovX2[0]     ; 4.412 ; 4.412 ; 4.412 ; 4.412 ;
; ivB[1]     ; ovX2[1]     ; 4.399 ; 4.399 ; 4.399 ; 4.399 ;
; ivB[1]     ; ovX2[2]     ; 4.491 ; 4.491 ; 4.491 ; 4.491 ;
; ivB[1]     ; ovX2[3]     ; 4.424 ; 4.424 ; 4.424 ; 4.424 ;
; ivB[1]     ; ovX2[4]     ; 4.432 ; 4.432 ; 4.432 ; 4.432 ;
; ivB[1]     ; ovX2[6]     ; 4.372 ; 4.372 ; 4.372 ; 4.372 ;
; ivB[2]     ; ovX0[0]     ; 3.979 ; 3.979 ; 3.979 ; 3.979 ;
; ivB[2]     ; ovX0[1]     ; 3.979 ; 3.979 ; 3.979 ; 3.979 ;
; ivB[2]     ; ovX0[2]     ; 3.977 ; 3.977 ; 3.977 ; 3.977 ;
; ivB[2]     ; ovX0[3]     ; 4.161 ; 4.161 ; 4.161 ; 4.161 ;
; ivB[2]     ; ovX0[4]     ; 4.093 ; 4.093 ; 4.093 ; 4.093 ;
; ivB[2]     ; ovX0[5]     ; 4.101 ; 4.101 ; 4.101 ; 4.101 ;
; ivB[2]     ; ovX0[6]     ; 4.062 ; 4.062 ; 4.062 ; 4.062 ;
; ivB[2]     ; ovX1[0]     ; 4.243 ; 4.243 ; 4.243 ; 4.243 ;
; ivB[2]     ; ovX1[1]     ; 4.241 ; 4.241 ; 4.241 ; 4.241 ;
; ivB[2]     ; ovX1[2]     ; 4.209 ; 4.209 ; 4.209 ; 4.209 ;
; ivB[2]     ; ovX1[3]     ; 4.198 ; 4.198 ; 4.198 ; 4.198 ;
; ivB[2]     ; ovX1[4]     ; 4.117 ; 4.117 ; 4.117 ; 4.117 ;
; ivB[2]     ; ovX1[5]     ; 4.114 ; 4.114 ; 4.114 ; 4.114 ;
; ivB[2]     ; ovX1[6]     ; 4.281 ; 4.281 ; 4.281 ; 4.281 ;
; ivB[2]     ; ovX2[0]     ; 4.030 ; 4.030 ; 4.030 ; 4.030 ;
; ivB[2]     ; ovX2[1]     ; 3.992 ; 3.992 ; 3.992 ; 3.992 ;
; ivB[2]     ; ovX2[2]     ; 4.117 ; 4.117 ; 4.117 ; 4.117 ;
; ivB[2]     ; ovX2[3]     ; 4.017 ; 4.017 ; 4.017 ; 4.017 ;
; ivB[2]     ; ovX2[4]     ; 4.050 ; 4.050 ; 4.050 ; 4.050 ;
; ivB[2]     ; ovX2[6]     ; 3.965 ; 3.965 ; 3.965 ; 3.965 ;
; ivB[3]     ; ovX0[0]     ; 3.955 ; 3.955 ; 3.955 ; 3.955 ;
; ivB[3]     ; ovX0[1]     ; 3.955 ; 3.955 ; 3.955 ; 3.955 ;
; ivB[3]     ; ovX0[2]     ; 3.953 ; 3.953 ; 3.953 ; 3.953 ;
; ivB[3]     ; ovX0[3]     ; 4.137 ; 4.137 ; 4.137 ; 4.137 ;
; ivB[3]     ; ovX0[4]     ; 4.069 ; 4.069 ; 4.069 ; 4.069 ;
; ivB[3]     ; ovX0[5]     ; 4.077 ; 4.077 ; 4.077 ; 4.077 ;
; ivB[3]     ; ovX0[6]     ; 4.038 ; 4.038 ; 4.038 ; 4.038 ;
; ivB[3]     ; ovX1[0]     ; 4.184 ; 4.184 ; 4.184 ; 4.184 ;
; ivB[3]     ; ovX1[1]     ; 4.181 ; 4.181 ; 4.181 ; 4.181 ;
; ivB[3]     ; ovX1[2]     ; 4.144 ; 4.144 ; 4.144 ; 4.144 ;
; ivB[3]     ; ovX1[3]     ; 4.133 ; 4.133 ; 4.133 ; 4.133 ;
; ivB[3]     ; ovX1[4]     ; 3.782 ; 3.782 ; 3.782 ; 3.782 ;
; ivB[3]     ; ovX1[5]     ; 3.786 ; 3.786 ; 3.786 ; 3.786 ;
; ivB[3]     ; ovX1[6]     ; 3.947 ; 3.947 ; 3.947 ; 3.947 ;
; ivB[3]     ; ovX2[0]     ; 3.585 ; 3.585 ; 3.585 ; 3.585 ;
; ivB[3]     ; ovX2[1]     ; 3.547 ; 3.547 ; 3.547 ; 3.547 ;
; ivB[3]     ; ovX2[2]     ; 3.773 ; 3.773 ; 3.773 ; 3.773 ;
; ivB[3]     ; ovX2[3]     ; 3.572 ; 3.572 ; 3.572 ; 3.572 ;
; ivB[3]     ; ovX2[4]     ; 3.605 ; 3.605 ; 3.605 ; 3.605 ;
; ivB[3]     ; ovX2[6]     ; 3.520 ; 3.520 ; 3.520 ; 3.520 ;
+------------+-------------+-------+-------+-------+-------+


+----------------------------------------------------------------------------+
; Multicorner Timing Analysis Summary                                        ;
+------------------+-------+------+----------+---------+---------------------+
; Clock            ; Setup ; Hold ; Recovery ; Removal ; Minimum Pulse Width ;
+------------------+-------+------+----------+---------+---------------------+
; Worst-case Slack ; N/A   ; N/A  ; N/A      ; N/A     ; N/A                 ;
; Design-wide TNS  ; 0.0   ; 0.0  ; 0.0      ; 0.0     ; 0.0                 ;
+------------------+-------+------+----------+---------+---------------------+


+--------------------------------------------------------------+
; Progagation Delay                                            ;
+------------+-------------+--------+--------+--------+--------+
; Input Port ; Output Port ; RR     ; RF     ; FR     ; FF     ;
+------------+-------------+--------+--------+--------+--------+
; ivA[0]     ; ovX0[0]     ; 18.416 ; 18.416 ; 18.416 ; 18.416 ;
; ivA[0]     ; ovX0[1]     ; 18.416 ; 18.416 ; 18.416 ; 18.416 ;
; ivA[0]     ; ovX0[2]     ; 18.411 ; 18.411 ; 18.411 ; 18.411 ;
; ivA[0]     ; ovX0[3]     ; 18.962 ; 18.962 ; 18.962 ; 18.962 ;
; ivA[0]     ; ovX0[4]     ; 18.739 ; 18.739 ; 18.739 ; 18.739 ;
; ivA[0]     ; ovX0[5]     ; 18.747 ; 18.747 ; 18.747 ; 18.747 ;
; ivA[0]     ; ovX0[6]     ; 18.709 ; 18.709 ; 18.709 ; 18.709 ;
; ivA[0]     ; ovX1[0]     ; 20.294 ; 20.294 ; 20.294 ; 20.294 ;
; ivA[0]     ; ovX1[1]     ; 20.292 ; 20.292 ; 20.292 ; 20.292 ;
; ivA[0]     ; ovX1[2]     ; 20.262 ; 20.262 ; 20.262 ; 20.262 ;
; ivA[0]     ; ovX1[3]     ; 20.254 ; 20.254 ; 20.254 ; 20.254 ;
; ivA[0]     ; ovX1[4]     ; 19.561 ; 19.561 ; 19.561 ; 19.561 ;
; ivA[0]     ; ovX1[5]     ; 19.559 ; 19.559 ; 19.559 ; 19.559 ;
; ivA[0]     ; ovX1[6]     ; 19.938 ; 19.938 ; 19.938 ; 19.938 ;
; ivA[0]     ; ovX2[0]     ; 16.963 ; 16.963 ; 16.963 ; 16.963 ;
; ivA[0]     ; ovX2[1]     ; 19.040 ; 19.040 ; 19.040 ; 19.040 ;
; ivA[0]     ; ovX2[2]     ; 18.227 ; 18.227 ; 18.227 ; 18.227 ;
; ivA[0]     ; ovX2[3]     ; 19.067 ; 19.067 ; 19.067 ; 19.067 ;
; ivA[0]     ; ovX2[4]     ; 19.078 ; 19.078 ; 19.078 ; 19.078 ;
; ivA[0]     ; ovX2[6]     ; 19.014 ; 19.014 ; 19.014 ; 19.014 ;
; ivA[1]     ; ovX0[0]     ; 17.591 ; 17.591 ; 17.591 ; 17.591 ;
; ivA[1]     ; ovX0[1]     ; 17.591 ; 17.591 ; 17.591 ; 17.591 ;
; ivA[1]     ; ovX0[2]     ; 17.586 ; 17.586 ; 17.586 ; 17.586 ;
; ivA[1]     ; ovX0[3]     ; 18.137 ; 18.137 ; 18.137 ; 18.137 ;
; ivA[1]     ; ovX0[4]     ; 17.914 ; 17.914 ; 17.914 ; 17.914 ;
; ivA[1]     ; ovX0[5]     ; 17.922 ; 17.922 ; 17.922 ; 17.922 ;
; ivA[1]     ; ovX0[6]     ; 17.884 ; 17.884 ; 17.884 ; 17.884 ;
; ivA[1]     ; ovX1[0]     ; 19.469 ; 19.469 ; 19.469 ; 19.469 ;
; ivA[1]     ; ovX1[1]     ; 19.467 ; 19.467 ; 19.467 ; 19.467 ;
; ivA[1]     ; ovX1[2]     ; 19.437 ; 19.437 ; 19.437 ; 19.437 ;
; ivA[1]     ; ovX1[3]     ; 19.429 ; 19.429 ; 19.429 ; 19.429 ;
; ivA[1]     ; ovX1[4]     ; 18.736 ; 18.736 ; 18.736 ; 18.736 ;
; ivA[1]     ; ovX1[5]     ; 18.734 ; 18.734 ; 18.734 ; 18.734 ;
; ivA[1]     ; ovX1[6]     ; 19.113 ; 19.113 ; 19.113 ; 19.113 ;
; ivA[1]     ; ovX2[0]     ; 16.138 ; 16.138 ; 16.138 ; 16.138 ;
; ivA[1]     ; ovX2[1]     ; 18.215 ; 18.215 ; 18.215 ; 18.215 ;
; ivA[1]     ; ovX2[2]     ; 17.402 ; 17.402 ; 17.402 ; 17.402 ;
; ivA[1]     ; ovX2[3]     ; 18.242 ; 18.242 ; 18.242 ; 18.242 ;
; ivA[1]     ; ovX2[4]     ; 18.253 ; 18.253 ; 18.253 ; 18.253 ;
; ivA[1]     ; ovX2[6]     ; 18.189 ; 18.189 ; 18.189 ; 18.189 ;
; ivA[2]     ; ovX0[0]     ; 18.036 ; 18.036 ; 18.036 ; 18.036 ;
; ivA[2]     ; ovX0[1]     ; 18.036 ; 18.036 ; 18.036 ; 18.036 ;
; ivA[2]     ; ovX0[2]     ; 18.031 ; 18.031 ; 18.031 ; 18.031 ;
; ivA[2]     ; ovX0[3]     ; 18.582 ; 18.582 ; 18.582 ; 18.582 ;
; ivA[2]     ; ovX0[4]     ; 18.359 ; 18.359 ; 18.359 ; 18.359 ;
; ivA[2]     ; ovX0[5]     ; 18.367 ; 18.367 ; 18.367 ; 18.367 ;
; ivA[2]     ; ovX0[6]     ; 18.329 ; 18.329 ; 18.329 ; 18.329 ;
; ivA[2]     ; ovX1[0]     ; 19.914 ; 19.914 ; 19.914 ; 19.914 ;
; ivA[2]     ; ovX1[1]     ; 19.912 ; 19.912 ; 19.912 ; 19.912 ;
; ivA[2]     ; ovX1[2]     ; 19.882 ; 19.882 ; 19.882 ; 19.882 ;
; ivA[2]     ; ovX1[3]     ; 19.874 ; 19.874 ; 19.874 ; 19.874 ;
; ivA[2]     ; ovX1[4]     ; 19.181 ; 19.181 ; 19.181 ; 19.181 ;
; ivA[2]     ; ovX1[5]     ; 19.179 ; 19.179 ; 19.179 ; 19.179 ;
; ivA[2]     ; ovX1[6]     ; 19.558 ; 19.558 ; 19.558 ; 19.558 ;
; ivA[2]     ; ovX2[0]     ; 16.583 ; 16.583 ; 16.583 ; 16.583 ;
; ivA[2]     ; ovX2[1]     ; 18.660 ; 18.660 ; 18.660 ; 18.660 ;
; ivA[2]     ; ovX2[2]     ; 17.847 ; 17.847 ; 17.847 ; 17.847 ;
; ivA[2]     ; ovX2[3]     ; 18.687 ; 18.687 ; 18.687 ; 18.687 ;
; ivA[2]     ; ovX2[4]     ; 18.698 ; 18.698 ; 18.698 ; 18.698 ;
; ivA[2]     ; ovX2[6]     ; 18.634 ; 18.634 ; 18.634 ; 18.634 ;
; ivA[3]     ; ovX0[0]     ; 17.046 ; 17.046 ; 17.046 ; 17.046 ;
; ivA[3]     ; ovX0[1]     ; 17.046 ; 17.046 ; 17.046 ; 17.046 ;
; ivA[3]     ; ovX0[2]     ; 17.041 ; 17.041 ; 17.041 ; 17.041 ;
; ivA[3]     ; ovX0[3]     ; 17.592 ; 17.592 ; 17.592 ; 17.592 ;
; ivA[3]     ; ovX0[4]     ; 17.369 ; 17.369 ; 17.369 ; 17.369 ;
; ivA[3]     ; ovX0[5]     ; 17.377 ; 17.377 ; 17.377 ; 17.377 ;
; ivA[3]     ; ovX0[6]     ; 17.339 ; 17.339 ; 17.339 ; 17.339 ;
; ivA[3]     ; ovX1[0]     ; 18.924 ; 18.924 ; 18.924 ; 18.924 ;
; ivA[3]     ; ovX1[1]     ; 18.922 ; 18.922 ; 18.922 ; 18.922 ;
; ivA[3]     ; ovX1[2]     ; 18.892 ; 18.892 ; 18.892 ; 18.892 ;
; ivA[3]     ; ovX1[3]     ; 18.884 ; 18.884 ; 18.884 ; 18.884 ;
; ivA[3]     ; ovX1[4]     ; 18.191 ; 18.191 ; 18.191 ; 18.191 ;
; ivA[3]     ; ovX1[5]     ; 18.189 ; 18.189 ; 18.189 ; 18.189 ;
; ivA[3]     ; ovX1[6]     ; 18.568 ; 18.568 ; 18.568 ; 18.568 ;
; ivA[3]     ; ovX2[0]     ; 15.593 ; 15.593 ; 15.593 ; 15.593 ;
; ivA[3]     ; ovX2[1]     ; 17.670 ; 17.670 ; 17.670 ; 17.670 ;
; ivA[3]     ; ovX2[2]     ; 16.857 ; 16.857 ; 16.857 ; 16.857 ;
; ivA[3]     ; ovX2[3]     ; 17.697 ; 17.697 ; 17.697 ; 17.697 ;
; ivA[3]     ; ovX2[4]     ; 17.708 ; 17.708 ; 17.708 ; 17.708 ;
; ivA[3]     ; ovX2[6]     ; 17.644 ; 17.644 ; 17.644 ; 17.644 ;
; ivB[0]     ; ovX0[0]     ; 17.251 ; 17.251 ; 17.251 ; 17.251 ;
; ivB[0]     ; ovX0[1]     ; 17.251 ; 17.251 ; 17.251 ; 17.251 ;
; ivB[0]     ; ovX0[2]     ; 17.246 ; 17.246 ; 17.246 ; 17.246 ;
; ivB[0]     ; ovX0[3]     ; 17.797 ; 17.797 ; 17.797 ; 17.797 ;
; ivB[0]     ; ovX0[4]     ; 17.574 ; 17.574 ; 17.574 ; 17.574 ;
; ivB[0]     ; ovX0[5]     ; 17.582 ; 17.582 ; 17.582 ; 17.582 ;
; ivB[0]     ; ovX0[6]     ; 17.544 ; 17.544 ; 17.544 ; 17.544 ;
; ivB[0]     ; ovX1[0]     ; 19.129 ; 19.129 ; 19.129 ; 19.129 ;
; ivB[0]     ; ovX1[1]     ; 19.127 ; 19.127 ; 19.127 ; 19.127 ;
; ivB[0]     ; ovX1[2]     ; 19.097 ; 19.097 ; 19.097 ; 19.097 ;
; ivB[0]     ; ovX1[3]     ; 19.089 ; 19.089 ; 19.089 ; 19.089 ;
; ivB[0]     ; ovX1[4]     ; 18.396 ; 18.396 ; 18.396 ; 18.396 ;
; ivB[0]     ; ovX1[5]     ; 18.394 ; 18.394 ; 18.394 ; 18.394 ;
; ivB[0]     ; ovX1[6]     ; 18.773 ; 18.773 ; 18.773 ; 18.773 ;
; ivB[0]     ; ovX2[0]     ; 15.798 ; 15.798 ; 15.798 ; 15.798 ;
; ivB[0]     ; ovX2[1]     ; 17.875 ; 17.875 ; 17.875 ; 17.875 ;
; ivB[0]     ; ovX2[2]     ; 17.062 ; 17.062 ; 17.062 ; 17.062 ;
; ivB[0]     ; ovX2[3]     ; 17.902 ; 17.902 ; 17.902 ; 17.902 ;
; ivB[0]     ; ovX2[4]     ; 17.913 ; 17.913 ; 17.913 ; 17.913 ;
; ivB[0]     ; ovX2[6]     ; 17.849 ; 17.849 ; 17.849 ; 17.849 ;
; ivB[1]     ; ovX0[0]     ; 16.583 ; 16.583 ; 16.583 ; 16.583 ;
; ivB[1]     ; ovX0[1]     ; 16.583 ; 16.583 ; 16.583 ; 16.583 ;
; ivB[1]     ; ovX0[2]     ; 16.578 ; 16.578 ; 16.578 ; 16.578 ;
; ivB[1]     ; ovX0[3]     ; 17.129 ; 17.129 ; 17.129 ; 17.129 ;
; ivB[1]     ; ovX0[4]     ; 16.906 ; 16.906 ; 16.906 ; 16.906 ;
; ivB[1]     ; ovX0[5]     ; 16.914 ; 16.914 ; 16.914 ; 16.914 ;
; ivB[1]     ; ovX0[6]     ; 16.876 ; 16.876 ; 16.876 ; 16.876 ;
; ivB[1]     ; ovX1[0]     ; 18.461 ; 18.461 ; 18.461 ; 18.461 ;
; ivB[1]     ; ovX1[1]     ; 18.459 ; 18.459 ; 18.459 ; 18.459 ;
; ivB[1]     ; ovX1[2]     ; 18.429 ; 18.429 ; 18.429 ; 18.429 ;
; ivB[1]     ; ovX1[3]     ; 18.421 ; 18.421 ; 18.421 ; 18.421 ;
; ivB[1]     ; ovX1[4]     ; 17.728 ; 17.728 ; 17.728 ; 17.728 ;
; ivB[1]     ; ovX1[5]     ; 17.726 ; 17.726 ; 17.726 ; 17.726 ;
; ivB[1]     ; ovX1[6]     ; 18.105 ; 18.105 ; 18.105 ; 18.105 ;
; ivB[1]     ; ovX2[0]     ; 15.130 ; 15.130 ; 15.130 ; 15.130 ;
; ivB[1]     ; ovX2[1]     ; 17.207 ; 17.207 ; 17.207 ; 17.207 ;
; ivB[1]     ; ovX2[2]     ; 16.394 ; 16.394 ; 16.394 ; 16.394 ;
; ivB[1]     ; ovX2[3]     ; 17.234 ; 17.234 ; 17.234 ; 17.234 ;
; ivB[1]     ; ovX2[4]     ; 17.245 ; 17.245 ; 17.245 ; 17.245 ;
; ivB[1]     ; ovX2[6]     ; 17.181 ; 17.181 ; 17.181 ; 17.181 ;
; ivB[2]     ; ovX0[0]     ; 15.800 ; 15.800 ; 15.800 ; 15.800 ;
; ivB[2]     ; ovX0[1]     ; 15.800 ; 15.800 ; 15.800 ; 15.800 ;
; ivB[2]     ; ovX0[2]     ; 15.795 ; 15.795 ; 15.795 ; 15.795 ;
; ivB[2]     ; ovX0[3]     ; 16.346 ; 16.346 ; 16.346 ; 16.346 ;
; ivB[2]     ; ovX0[4]     ; 16.123 ; 16.123 ; 16.123 ; 16.123 ;
; ivB[2]     ; ovX0[5]     ; 16.131 ; 16.131 ; 16.131 ; 16.131 ;
; ivB[2]     ; ovX0[6]     ; 16.093 ; 16.093 ; 16.093 ; 16.093 ;
; ivB[2]     ; ovX1[0]     ; 17.678 ; 17.678 ; 17.678 ; 17.678 ;
; ivB[2]     ; ovX1[1]     ; 17.676 ; 17.676 ; 17.676 ; 17.676 ;
; ivB[2]     ; ovX1[2]     ; 17.646 ; 17.646 ; 17.646 ; 17.646 ;
; ivB[2]     ; ovX1[3]     ; 17.638 ; 17.638 ; 17.638 ; 17.638 ;
; ivB[2]     ; ovX1[4]     ; 16.945 ; 16.945 ; 16.945 ; 16.945 ;
; ivB[2]     ; ovX1[5]     ; 16.943 ; 16.943 ; 16.943 ; 16.943 ;
; ivB[2]     ; ovX1[6]     ; 17.322 ; 17.322 ; 17.322 ; 17.322 ;
; ivB[2]     ; ovX2[0]     ; 14.347 ; 14.347 ; 14.347 ; 14.347 ;
; ivB[2]     ; ovX2[1]     ; 16.424 ; 16.424 ; 16.424 ; 16.424 ;
; ivB[2]     ; ovX2[2]     ; 15.611 ; 15.611 ; 15.611 ; 15.611 ;
; ivB[2]     ; ovX2[3]     ; 16.451 ; 16.451 ; 16.451 ; 16.451 ;
; ivB[2]     ; ovX2[4]     ; 16.462 ; 16.462 ; 16.462 ; 16.462 ;
; ivB[2]     ; ovX2[6]     ; 16.398 ; 16.398 ; 16.398 ; 16.398 ;
; ivB[3]     ; ovX0[0]     ; 13.972 ; 13.972 ; 13.972 ; 13.972 ;
; ivB[3]     ; ovX0[1]     ; 13.972 ; 13.972 ; 13.972 ; 13.972 ;
; ivB[3]     ; ovX0[2]     ; 13.967 ; 13.967 ; 13.967 ; 13.967 ;
; ivB[3]     ; ovX0[3]     ; 14.518 ; 14.518 ; 14.518 ; 14.518 ;
; ivB[3]     ; ovX0[4]     ; 14.295 ; 14.295 ; 14.295 ; 14.295 ;
; ivB[3]     ; ovX0[5]     ; 14.303 ; 14.303 ; 14.303 ; 14.303 ;
; ivB[3]     ; ovX0[6]     ; 14.265 ; 14.265 ; 14.265 ; 14.265 ;
; ivB[3]     ; ovX1[0]     ; 15.850 ; 15.850 ; 15.850 ; 15.850 ;
; ivB[3]     ; ovX1[1]     ; 15.848 ; 15.848 ; 15.848 ; 15.848 ;
; ivB[3]     ; ovX1[2]     ; 15.818 ; 15.818 ; 15.818 ; 15.818 ;
; ivB[3]     ; ovX1[3]     ; 15.810 ; 15.810 ; 15.810 ; 15.810 ;
; ivB[3]     ; ovX1[4]     ; 15.117 ; 15.117 ; 15.117 ; 15.117 ;
; ivB[3]     ; ovX1[5]     ; 15.115 ; 15.115 ; 15.115 ; 15.115 ;
; ivB[3]     ; ovX1[6]     ; 15.494 ; 15.494 ; 15.494 ; 15.494 ;
; ivB[3]     ; ovX2[0]     ; 12.519 ; 12.519 ; 12.519 ; 12.519 ;
; ivB[3]     ; ovX2[1]     ; 14.596 ; 14.596 ; 14.596 ; 14.596 ;
; ivB[3]     ; ovX2[2]     ; 13.783 ; 13.783 ; 13.783 ; 13.783 ;
; ivB[3]     ; ovX2[3]     ; 14.623 ; 14.623 ; 14.623 ; 14.623 ;
; ivB[3]     ; ovX2[4]     ; 14.634 ; 14.634 ; 14.634 ; 14.634 ;
; ivB[3]     ; ovX2[6]     ; 14.570 ; 14.570 ; 14.570 ; 14.570 ;
+------------+-------------+--------+--------+--------+--------+


+----------------------------------------------------------+
; Minimum Progagation Delay                                ;
+------------+-------------+-------+-------+-------+-------+
; Input Port ; Output Port ; RR    ; RF    ; FR    ; FF    ;
+------------+-------------+-------+-------+-------+-------+
; ivA[0]     ; ovX0[0]     ; 3.730 ; 4.102 ; 4.102 ; 3.730 ;
; ivA[0]     ; ovX0[1]     ; 3.729 ; 4.102 ; 4.102 ; 3.729 ;
; ivA[0]     ; ovX0[2]     ; 3.725 ; 4.100 ; 4.100 ; 3.725 ;
; ivA[0]     ; ovX0[3]     ; 3.916 ; 3.916 ; 3.916 ; 3.916 ;
; ivA[0]     ; ovX0[4]     ; 4.216 ; 3.842 ; 3.842 ; 4.216 ;
; ivA[0]     ; ovX0[5]     ; 3.850 ; 3.850 ; 3.850 ; 3.850 ;
; ivA[0]     ; ovX0[6]     ; 3.817 ; 3.817 ; 3.817 ; 3.817 ;
; ivA[0]     ; ovX1[0]     ; 4.362 ; 4.362 ; 4.362 ; 4.362 ;
; ivA[0]     ; ovX1[1]     ; 4.360 ; 4.360 ; 4.360 ; 4.360 ;
; ivA[0]     ; ovX1[2]     ; 4.328 ; 4.328 ; 4.328 ; 4.328 ;
; ivA[0]     ; ovX1[3]     ; 4.317 ; 4.317 ; 4.317 ; 4.317 ;
; ivA[0]     ; ovX1[4]     ; 4.236 ; 4.236 ; 4.236 ; 4.236 ;
; ivA[0]     ; ovX1[5]     ; 4.233 ; 4.233 ; 4.233 ; 4.233 ;
; ivA[0]     ; ovX1[6]     ; 4.400 ; 4.400 ; 4.400 ; 4.400 ;
; ivA[0]     ; ovX2[0]     ; 4.334 ; 4.334 ; 4.334 ; 4.334 ;
; ivA[0]     ; ovX2[1]     ; 4.321 ; 4.321 ; 4.321 ; 4.321 ;
; ivA[0]     ; ovX2[2]     ; 4.508 ; 4.508 ; 4.508 ; 4.508 ;
; ivA[0]     ; ovX2[3]     ; 4.346 ; 4.346 ; 4.346 ; 4.346 ;
; ivA[0]     ; ovX2[4]     ; 4.354 ; 4.354 ; 4.354 ; 4.354 ;
; ivA[0]     ; ovX2[6]     ; 4.294 ; 4.294 ; 4.294 ; 4.294 ;
; ivA[1]     ; ovX0[0]     ; 4.185 ; 4.185 ; 4.185 ; 4.185 ;
; ivA[1]     ; ovX0[1]     ; 4.185 ; 4.185 ; 4.185 ; 4.185 ;
; ivA[1]     ; ovX0[2]     ; 4.183 ; 4.183 ; 4.183 ; 4.183 ;
; ivA[1]     ; ovX0[3]     ; 4.367 ; 4.367 ; 4.367 ; 4.367 ;
; ivA[1]     ; ovX0[4]     ; 4.299 ; 4.299 ; 4.299 ; 4.299 ;
; ivA[1]     ; ovX0[5]     ; 4.307 ; 4.307 ; 4.307 ; 4.307 ;
; ivA[1]     ; ovX0[6]     ; 4.268 ; 4.268 ; 4.268 ; 4.268 ;
; ivA[1]     ; ovX1[0]     ; 4.445 ; 4.445 ; 4.445 ; 4.445 ;
; ivA[1]     ; ovX1[1]     ; 4.443 ; 4.443 ; 4.443 ; 4.443 ;
; ivA[1]     ; ovX1[2]     ; 4.411 ; 4.411 ; 4.411 ; 4.411 ;
; ivA[1]     ; ovX1[3]     ; 4.400 ; 4.400 ; 4.400 ; 4.400 ;
; ivA[1]     ; ovX1[4]     ; 4.304 ; 4.304 ; 4.304 ; 4.304 ;
; ivA[1]     ; ovX1[5]     ; 4.308 ; 4.308 ; 4.308 ; 4.308 ;
; ivA[1]     ; ovX1[6]     ; 4.469 ; 4.469 ; 4.469 ; 4.469 ;
; ivA[1]     ; ovX2[0]     ; 4.112 ; 4.112 ; 4.112 ; 4.112 ;
; ivA[1]     ; ovX2[1]     ; 4.090 ; 4.090 ; 4.090 ; 4.090 ;
; ivA[1]     ; ovX2[2]     ; 4.295 ; 4.295 ; 4.295 ; 4.295 ;
; ivA[1]     ; ovX2[3]     ; 4.116 ; 4.116 ; 4.116 ; 4.116 ;
; ivA[1]     ; ovX2[4]     ; 4.132 ; 4.132 ; 4.132 ; 4.132 ;
; ivA[1]     ; ovX2[6]     ; 4.064 ; 4.064 ; 4.064 ; 4.064 ;
; ivA[2]     ; ovX0[0]     ; 4.647 ; 4.647 ; 4.647 ; 4.647 ;
; ivA[2]     ; ovX0[1]     ; 4.647 ; 4.647 ; 4.647 ; 4.647 ;
; ivA[2]     ; ovX0[2]     ; 4.645 ; 4.645 ; 4.645 ; 4.645 ;
; ivA[2]     ; ovX0[3]     ; 4.829 ; 4.829 ; 4.829 ; 4.829 ;
; ivA[2]     ; ovX0[4]     ; 4.761 ; 4.761 ; 4.761 ; 4.761 ;
; ivA[2]     ; ovX0[5]     ; 4.769 ; 4.769 ; 4.769 ; 4.769 ;
; ivA[2]     ; ovX0[6]     ; 4.730 ; 4.730 ; 4.730 ; 4.730 ;
; ivA[2]     ; ovX1[0]     ; 4.769 ; 4.769 ; 4.769 ; 4.769 ;
; ivA[2]     ; ovX1[1]     ; 4.766 ; 4.766 ; 4.766 ; 4.766 ;
; ivA[2]     ; ovX1[2]     ; 4.729 ; 4.729 ; 4.729 ; 4.729 ;
; ivA[2]     ; ovX1[3]     ; 4.718 ; 4.718 ; 4.718 ; 4.718 ;
; ivA[2]     ; ovX1[4]     ; 4.367 ; 4.367 ; 4.367 ; 4.367 ;
; ivA[2]     ; ovX1[5]     ; 4.371 ; 4.371 ; 4.371 ; 4.371 ;
; ivA[2]     ; ovX1[6]     ; 4.532 ; 4.532 ; 4.532 ; 4.532 ;
; ivA[2]     ; ovX2[0]     ; 4.170 ; 4.170 ; 4.170 ; 4.170 ;
; ivA[2]     ; ovX2[1]     ; 4.132 ; 4.132 ; 4.132 ; 4.132 ;
; ivA[2]     ; ovX2[2]     ; 4.358 ; 4.358 ; 4.358 ; 4.358 ;
; ivA[2]     ; ovX2[3]     ; 4.157 ; 4.157 ; 4.157 ; 4.157 ;
; ivA[2]     ; ovX2[4]     ; 4.190 ; 4.190 ; 4.190 ; 4.190 ;
; ivA[2]     ; ovX2[6]     ; 4.105 ; 4.105 ; 4.105 ; 4.105 ;
; ivA[3]     ; ovX0[0]     ; 4.854 ; 4.854 ; 4.854 ; 4.854 ;
; ivA[3]     ; ovX0[1]     ; 4.854 ; 4.854 ; 4.854 ; 4.854 ;
; ivA[3]     ; ovX0[2]     ; 4.852 ; 4.852 ; 4.852 ; 4.852 ;
; ivA[3]     ; ovX0[3]     ; 5.036 ; 5.036 ; 5.036 ; 5.036 ;
; ivA[3]     ; ovX0[4]     ; 4.968 ; 4.968 ; 4.968 ; 4.968 ;
; ivA[3]     ; ovX0[5]     ; 4.976 ; 4.976 ; 4.976 ; 4.976 ;
; ivA[3]     ; ovX0[6]     ; 4.937 ; 4.937 ; 4.937 ; 4.937 ;
; ivA[3]     ; ovX1[0]     ; 4.815 ; 4.815 ; 4.815 ; 4.815 ;
; ivA[3]     ; ovX1[1]     ; 4.812 ; 4.812 ; 4.812 ; 4.812 ;
; ivA[3]     ; ovX1[2]     ; 4.775 ; 4.775 ; 4.775 ; 4.775 ;
; ivA[3]     ; ovX1[3]     ; 4.764 ; 4.764 ; 4.764 ; 4.764 ;
; ivA[3]     ; ovX1[4]     ; 4.413 ; 4.413 ; 4.413 ; 4.413 ;
; ivA[3]     ; ovX1[5]     ; 4.417 ; 4.417 ; 4.417 ; 4.417 ;
; ivA[3]     ; ovX1[6]     ; 4.578 ; 4.578 ; 4.578 ; 4.578 ;
; ivA[3]     ; ovX2[0]     ; 4.216 ; 4.216 ; 4.216 ; 4.216 ;
; ivA[3]     ; ovX2[1]     ; 4.178 ; 4.178 ; 4.178 ; 4.178 ;
; ivA[3]     ; ovX2[2]     ; 4.404 ; 4.404 ; 4.404 ; 4.404 ;
; ivA[3]     ; ovX2[3]     ; 4.203 ; 4.203 ; 4.203 ; 4.203 ;
; ivA[3]     ; ovX2[4]     ; 4.236 ; 4.236 ; 4.236 ; 4.236 ;
; ivA[3]     ; ovX2[6]     ; 4.151 ; 4.151 ; 4.151 ; 4.151 ;
; ivB[0]     ; ovX0[0]     ; 3.743 ; 4.090 ; 4.090 ; 3.743 ;
; ivB[0]     ; ovX0[1]     ; 3.742 ; 4.090 ; 4.090 ; 3.742 ;
; ivB[0]     ; ovX0[2]     ; 3.738 ; 4.088 ; 4.088 ; 3.738 ;
; ivB[0]     ; ovX0[3]     ; 3.929 ; 3.929 ; 3.929 ; 3.929 ;
; ivB[0]     ; ovX0[4]     ; 4.204 ; 3.855 ; 3.855 ; 4.204 ;
; ivB[0]     ; ovX0[5]     ; 3.863 ; 3.863 ; 3.863 ; 3.863 ;
; ivB[0]     ; ovX0[6]     ; 3.830 ; 3.830 ; 3.830 ; 3.830 ;
; ivB[0]     ; ovX1[0]     ; 4.350 ; 4.350 ; 4.350 ; 4.350 ;
; ivB[0]     ; ovX1[1]     ; 4.348 ; 4.348 ; 4.348 ; 4.348 ;
; ivB[0]     ; ovX1[2]     ; 4.316 ; 4.316 ; 4.316 ; 4.316 ;
; ivB[0]     ; ovX1[3]     ; 4.305 ; 4.305 ; 4.305 ; 4.305 ;
; ivB[0]     ; ovX1[4]     ; 4.224 ; 4.224 ; 4.224 ; 4.224 ;
; ivB[0]     ; ovX1[5]     ; 4.221 ; 4.221 ; 4.221 ; 4.221 ;
; ivB[0]     ; ovX1[6]     ; 4.388 ; 4.388 ; 4.388 ; 4.388 ;
; ivB[0]     ; ovX2[0]     ; 4.724 ; 4.724 ; 4.724 ; 4.724 ;
; ivB[0]     ; ovX2[1]     ; 4.711 ; 4.711 ; 4.711 ; 4.711 ;
; ivB[0]     ; ovX2[2]     ; 4.785 ; 4.785 ; 4.785 ; 4.785 ;
; ivB[0]     ; ovX2[3]     ; 4.736 ; 4.736 ; 4.736 ; 4.736 ;
; ivB[0]     ; ovX2[4]     ; 4.744 ; 4.744 ; 4.744 ; 4.744 ;
; ivB[0]     ; ovX2[6]     ; 4.684 ; 4.684 ; 4.684 ; 4.684 ;
; ivB[1]     ; ovX0[0]     ; 3.789 ; 3.789 ; 3.789 ; 3.789 ;
; ivB[1]     ; ovX0[1]     ; 3.789 ; 3.789 ; 3.789 ; 3.789 ;
; ivB[1]     ; ovX0[2]     ; 3.787 ; 3.787 ; 3.787 ; 3.787 ;
; ivB[1]     ; ovX0[3]     ; 3.971 ; 3.971 ; 3.971 ; 3.971 ;
; ivB[1]     ; ovX0[4]     ; 3.903 ; 3.903 ; 3.903 ; 3.903 ;
; ivB[1]     ; ovX0[5]     ; 3.911 ; 3.911 ; 3.911 ; 3.911 ;
; ivB[1]     ; ovX0[6]     ; 3.872 ; 3.872 ; 3.872 ; 3.872 ;
; ivB[1]     ; ovX1[0]     ; 4.049 ; 4.049 ; 4.049 ; 4.049 ;
; ivB[1]     ; ovX1[1]     ; 4.047 ; 4.047 ; 4.047 ; 4.047 ;
; ivB[1]     ; ovX1[2]     ; 4.015 ; 4.015 ; 4.015 ; 4.015 ;
; ivB[1]     ; ovX1[3]     ; 4.004 ; 4.004 ; 4.004 ; 4.004 ;
; ivB[1]     ; ovX1[4]     ; 3.923 ; 3.923 ; 3.923 ; 3.923 ;
; ivB[1]     ; ovX1[5]     ; 3.920 ; 3.920 ; 3.920 ; 3.920 ;
; ivB[1]     ; ovX1[6]     ; 4.087 ; 4.087 ; 4.087 ; 4.087 ;
; ivB[1]     ; ovX2[0]     ; 4.412 ; 4.412 ; 4.412 ; 4.412 ;
; ivB[1]     ; ovX2[1]     ; 4.399 ; 4.399 ; 4.399 ; 4.399 ;
; ivB[1]     ; ovX2[2]     ; 4.491 ; 4.491 ; 4.491 ; 4.491 ;
; ivB[1]     ; ovX2[3]     ; 4.424 ; 4.424 ; 4.424 ; 4.424 ;
; ivB[1]     ; ovX2[4]     ; 4.432 ; 4.432 ; 4.432 ; 4.432 ;
; ivB[1]     ; ovX2[6]     ; 4.372 ; 4.372 ; 4.372 ; 4.372 ;
; ivB[2]     ; ovX0[0]     ; 3.979 ; 3.979 ; 3.979 ; 3.979 ;
; ivB[2]     ; ovX0[1]     ; 3.979 ; 3.979 ; 3.979 ; 3.979 ;
; ivB[2]     ; ovX0[2]     ; 3.977 ; 3.977 ; 3.977 ; 3.977 ;
; ivB[2]     ; ovX0[3]     ; 4.161 ; 4.161 ; 4.161 ; 4.161 ;
; ivB[2]     ; ovX0[4]     ; 4.093 ; 4.093 ; 4.093 ; 4.093 ;
; ivB[2]     ; ovX0[5]     ; 4.101 ; 4.101 ; 4.101 ; 4.101 ;
; ivB[2]     ; ovX0[6]     ; 4.062 ; 4.062 ; 4.062 ; 4.062 ;
; ivB[2]     ; ovX1[0]     ; 4.243 ; 4.243 ; 4.243 ; 4.243 ;
; ivB[2]     ; ovX1[1]     ; 4.241 ; 4.241 ; 4.241 ; 4.241 ;
; ivB[2]     ; ovX1[2]     ; 4.209 ; 4.209 ; 4.209 ; 4.209 ;
; ivB[2]     ; ovX1[3]     ; 4.198 ; 4.198 ; 4.198 ; 4.198 ;
; ivB[2]     ; ovX1[4]     ; 4.117 ; 4.117 ; 4.117 ; 4.117 ;
; ivB[2]     ; ovX1[5]     ; 4.114 ; 4.114 ; 4.114 ; 4.114 ;
; ivB[2]     ; ovX1[6]     ; 4.281 ; 4.281 ; 4.281 ; 4.281 ;
; ivB[2]     ; ovX2[0]     ; 4.030 ; 4.030 ; 4.030 ; 4.030 ;
; ivB[2]     ; ovX2[1]     ; 3.992 ; 3.992 ; 3.992 ; 3.992 ;
; ivB[2]     ; ovX2[2]     ; 4.117 ; 4.117 ; 4.117 ; 4.117 ;
; ivB[2]     ; ovX2[3]     ; 4.017 ; 4.017 ; 4.017 ; 4.017 ;
; ivB[2]     ; ovX2[4]     ; 4.050 ; 4.050 ; 4.050 ; 4.050 ;
; ivB[2]     ; ovX2[6]     ; 3.965 ; 3.965 ; 3.965 ; 3.965 ;
; ivB[3]     ; ovX0[0]     ; 3.955 ; 3.955 ; 3.955 ; 3.955 ;
; ivB[3]     ; ovX0[1]     ; 3.955 ; 3.955 ; 3.955 ; 3.955 ;
; ivB[3]     ; ovX0[2]     ; 3.953 ; 3.953 ; 3.953 ; 3.953 ;
; ivB[3]     ; ovX0[3]     ; 4.137 ; 4.137 ; 4.137 ; 4.137 ;
; ivB[3]     ; ovX0[4]     ; 4.069 ; 4.069 ; 4.069 ; 4.069 ;
; ivB[3]     ; ovX0[5]     ; 4.077 ; 4.077 ; 4.077 ; 4.077 ;
; ivB[3]     ; ovX0[6]     ; 4.038 ; 4.038 ; 4.038 ; 4.038 ;
; ivB[3]     ; ovX1[0]     ; 4.184 ; 4.184 ; 4.184 ; 4.184 ;
; ivB[3]     ; ovX1[1]     ; 4.181 ; 4.181 ; 4.181 ; 4.181 ;
; ivB[3]     ; ovX1[2]     ; 4.144 ; 4.144 ; 4.144 ; 4.144 ;
; ivB[3]     ; ovX1[3]     ; 4.133 ; 4.133 ; 4.133 ; 4.133 ;
; ivB[3]     ; ovX1[4]     ; 3.782 ; 3.782 ; 3.782 ; 3.782 ;
; ivB[3]     ; ovX1[5]     ; 3.786 ; 3.786 ; 3.786 ; 3.786 ;
; ivB[3]     ; ovX1[6]     ; 3.947 ; 3.947 ; 3.947 ; 3.947 ;
; ivB[3]     ; ovX2[0]     ; 3.585 ; 3.585 ; 3.585 ; 3.585 ;
; ivB[3]     ; ovX2[1]     ; 3.547 ; 3.547 ; 3.547 ; 3.547 ;
; ivB[3]     ; ovX2[2]     ; 3.773 ; 3.773 ; 3.773 ; 3.773 ;
; ivB[3]     ; ovX2[3]     ; 3.572 ; 3.572 ; 3.572 ; 3.572 ;
; ivB[3]     ; ovX2[4]     ; 3.605 ; 3.605 ; 3.605 ; 3.605 ;
; ivB[3]     ; ovX2[6]     ; 3.520 ; 3.520 ; 3.520 ; 3.520 ;
+------------+-------------+-------+-------+-------+-------+


-------------------
; Clock Transfers ;
-------------------
Nothing to report.


---------------
; Report TCCS ;
---------------
No dedicated SERDES Transmitter circuitry present in device or used in design


---------------
; Report RSKM ;
---------------
No dedicated SERDES Receiver circuitry present in device or used in design


+------------------------------------------------+
; Unconstrained Paths                            ;
+---------------------------------+-------+------+
; Property                        ; Setup ; Hold ;
+---------------------------------+-------+------+
; Illegal Clocks                  ; 0     ; 0    ;
; Unconstrained Clocks            ; 0     ; 0    ;
; Unconstrained Input Ports       ; 8     ; 8    ;
; Unconstrained Input Port Paths  ; 160   ; 160  ;
; Unconstrained Output Ports      ; 20    ; 20   ;
; Unconstrained Output Port Paths ; 160   ; 160  ;
+---------------------------------+-------+------+


+------------------------------------+
; TimeQuest Timing Analyzer Messages ;
+------------------------------------+
Info: *******************************************************************
Info: Running Quartus II 32-bit TimeQuest Timing Analyzer
    Info: Version 13.0.1 Build 232 06/12/2013 Service Pack 1 SJ Web Edition
    Info: Processing started: Tue Oct 17 10:32:55 2023
Info: Command: quartus_sta multiplicador_8_bits -c multiplicador_8_bits
Info: qsta_default_script.tcl version: #1
Warning (20028): Parallel compilation is not licensed and has been disabled
Info (21077): Low junction temperature is 0 degrees C
Info (21077): High junction temperature is 85 degrees C
Critical Warning (332012): Synopsys Design Constraints File file not found: 'multiplicador_8_bits.sdc'. A Synopsys Design Constraints File is required by the TimeQuest Timing Analyzer to get proper timing constraints. Without it, the Compiler will not properly optimize the design.
Info (332142): No user constrained base clocks found in the design. Calling "derive_clocks -period 1.0"
Info (332096): The command derive_clocks did not find any clocks to derive.  No clocks were created or changed.
Warning (332068): No clocks defined in design.
Info: Found TIMEQUEST_REPORT_SCRIPT_INCLUDE_DEFAULT_ANALYSIS = ON
Info (332159): No clocks to report
Info: Analyzing Slow Model
Info (332140): No fmax paths to report
Info (332140): No Setup paths to report
Info (332140): No Hold paths to report
Info (332140): No Recovery paths to report
Info (332140): No Removal paths to report
Info (332140): No Minimum Pulse Width paths to report
Info (332001): The selected device family is not supported by the report_metastability command.
Info: Analyzing Fast Model
Info (332142): No user constrained base clocks found in the design. Calling "derive_clocks -period 1.0"
Info (332096): The command derive_clocks did not find any clocks to derive.  No clocks were created or changed.
Warning (332068): No clocks defined in design.
Info (332140): No Setup paths to report
Info (332140): No Hold paths to report
Info (332140): No Recovery paths to report
Info (332140): No Removal paths to report
Info (332140): No Minimum Pulse Width paths to report
Info (332001): The selected device family is not supported by the report_metastability command.
Info (332102): Design is not fully constrained for setup requirements
Info (332102): Design is not fully constrained for hold requirements
Info: Quartus II 32-bit TimeQuest Timing Analyzer was successful. 0 errors, 4 warnings
    Info: Peak virtual memory: 321 megabytes
    Info: Processing ended: Tue Oct 17 10:32:56 2023
    Info: Elapsed time: 00:00:01
    Info: Total CPU time (on all processors): 00:00:01


